[06-Sep-2023 20:49:23 UTC] PHP Warning:  require(/home/pilotbaz/public_html/../app-console/vendor/autoload.php): Failed to open stream: No such file or directory in /home/pilotbaz/public_html/index.php on line 34
[06-Sep-2023 20:49:23 UTC] PHP Warning:  require(/home/pilotbaz/public_html/../app-console/vendor/autoload.php): Failed to open stream: No such file or directory in /home/pilotbaz/public_html/index.php on line 34
[06-Sep-2023 20:49:23 UTC] PHP Fatal error:  Uncaught Error: Failed opening required '/home/pilotbaz/public_html/../app-console/vendor/autoload.php' (include_path='.:/opt/alt/php81/usr/share/pear:/opt/alt/php81/usr/share/php:/usr/share/pear:/usr/share/php') in /home/pilotbaz/public_html/index.php:34
Stack trace:
#0 {main}
  thrown in /home/pilotbaz/public_html/index.php on line 34
[06-Sep-2023 20:49:23 UTC] PHP Warning:  require(/home/pilotbaz/public_html/../app-console/vendor/autoload.php): Failed to open stream: No such file or directory in /home/pilotbaz/public_html/index.php on line 34
[06-Sep-2023 20:49:23 UTC] PHP Warning:  require(/home/pilotbaz/public_html/../app-console/vendor/autoload.php): Failed to open stream: No such file or directory in /home/pilotbaz/public_html/index.php on line 34
[06-Sep-2023 20:49:23 UTC] PHP Fatal error:  Uncaught Error: Failed opening required '/home/pilotbaz/public_html/../app-console/vendor/autoload.php' (include_path='.:/opt/alt/php81/usr/share/pear:/opt/alt/php81/usr/share/php:/usr/share/pear:/usr/share/php') in /home/pilotbaz/public_html/index.php:34
Stack trace:
#0 {main}
  thrown in /home/pilotbaz/public_html/index.php on line 34
[06-Sep-2023 20:49:23 UTC] PHP Warning:  require(/home/pilotbaz/public_html/../app-console/vendor/autoload.php): Failed to open stream: No such file or directory in /home/pilotbaz/public_html/index.php on line 34
[06-Sep-2023 20:49:23 UTC] PHP Warning:  require(/home/pilotbaz/public_html/../app-console/vendor/autoload.php): Failed to open stream: No such file or directory in /home/pilotbaz/public_html/index.php on line 34
[06-Sep-2023 20:49:23 UTC] PHP Fatal error:  Uncaught Error: Failed opening required '/home/pilotbaz/public_html/../app-console/vendor/autoload.php' (include_path='.:/opt/alt/php81/usr/share/pear:/opt/alt/php81/usr/share/php:/usr/share/pear:/usr/share/php') in /home/pilotbaz/public_html/index.php:34
Stack trace:
#0 {main}
  thrown in /home/pilotbaz/public_html/index.php on line 34
[06-Sep-2023 20:49:27 UTC] PHP Warning:  require(/home/pilotbaz/public_html/../app-console/vendor/autoload.php): Failed to open stream: No such file or directory in /home/pilotbaz/public_html/index.php on line 34
[06-Sep-2023 20:49:27 UTC] PHP Warning:  require(/home/pilotbaz/public_html/../app-console/vendor/autoload.php): Failed to open stream: No such file or directory in /home/pilotbaz/public_html/index.php on line 34
[06-Sep-2023 20:49:27 UTC] PHP Fatal error:  Uncaught Error: Failed opening required '/home/pilotbaz/public_html/../app-console/vendor/autoload.php' (include_path='.:/opt/alt/php81/usr/share/pear:/opt/alt/php81/usr/share/php:/usr/share/pear:/usr/share/php') in /home/pilotbaz/public_html/index.php:34
Stack trace:
#0 {main}
  thrown in /home/pilotbaz/public_html/index.php on line 34
[06-Sep-2023 20:49:27 UTC] PHP Warning:  require(/home/pilotbaz/public_html/../app-console/vendor/autoload.php): Failed to open stream: No such file or directory in /home/pilotbaz/public_html/index.php on line 34
[06-Sep-2023 20:49:27 UTC] PHP Warning:  require(/home/pilotbaz/public_html/../app-console/vendor/autoload.php): Failed to open stream: No such file or directory in /home/pilotbaz/public_html/index.php on line 34
[06-Sep-2023 20:49:27 UTC] PHP Fatal error:  Uncaught Error: Failed opening required '/home/pilotbaz/public_html/../app-console/vendor/autoload.php' (include_path='.:/opt/alt/php81/usr/share/pear:/opt/alt/php81/usr/share/php:/usr/share/pear:/usr/share/php') in /home/pilotbaz/public_html/index.php:34
Stack trace:
#0 {main}
  thrown in /home/pilotbaz/public_html/index.php on line 34
[06-Sep-2023 20:49:27 UTC] PHP Warning:  require(/home/pilotbaz/public_html/../app-console/vendor/autoload.php): Failed to open stream: No such file or directory in /home/pilotbaz/public_html/index.php on line 34
[06-Sep-2023 20:49:27 UTC] PHP Warning:  require(/home/pilotbaz/public_html/../app-console/vendor/autoload.php): Failed to open stream: No such file or directory in /home/pilotbaz/public_html/index.php on line 34
[06-Sep-2023 20:49:27 UTC] PHP Fatal error:  Uncaught Error: Failed opening required '/home/pilotbaz/public_html/../app-console/vendor/autoload.php' (include_path='.:/opt/alt/php81/usr/share/pear:/opt/alt/php81/usr/share/php:/usr/share/pear:/usr/share/php') in /home/pilotbaz/public_html/index.php:34
Stack trace:
#0 {main}
  thrown in /home/pilotbaz/public_html/index.php on line 34
[06-Sep-2023 20:49:32 UTC] PHP Warning:  require(/home/pilotbaz/public_html/../app-console/vendor/autoload.php): Failed to open stream: No such file or directory in /home/pilotbaz/public_html/index.php on line 34
[06-Sep-2023 20:49:32 UTC] PHP Warning:  require(/home/pilotbaz/public_html/../app-console/vendor/autoload.php): Failed to open stream: No such file or directory in /home/pilotbaz/public_html/index.php on line 34
[06-Sep-2023 20:49:32 UTC] PHP Fatal error:  Uncaught Error: Failed opening required '/home/pilotbaz/public_html/../app-console/vendor/autoload.php' (include_path='.:/opt/alt/php81/usr/share/pear:/opt/alt/php81/usr/share/php:/usr/share/pear:/usr/share/php') in /home/pilotbaz/public_html/index.php:34
Stack trace:
#0 {main}
  thrown in /home/pilotbaz/public_html/index.php on line 34
[06-Sep-2023 20:49:46 UTC] PHP Warning:  require(/home/pilotbaz/public_html/../app-console/vendor/autoload.php): Failed to open stream: No such file or directory in /home/pilotbaz/public_html/index.php on line 34
[06-Sep-2023 20:49:46 UTC] PHP Warning:  require(/home/pilotbaz/public_html/../app-console/vendor/autoload.php): Failed to open stream: No such file or directory in /home/pilotbaz/public_html/index.php on line 34
[06-Sep-2023 20:49:46 UTC] PHP Fatal error:  Uncaught Error: Failed opening required '/home/pilotbaz/public_html/../app-console/vendor/autoload.php' (include_path='.:/opt/alt/php81/usr/share/pear:/opt/alt/php81/usr/share/php:/usr/share/pear:/usr/share/php') in /home/pilotbaz/public_html/index.php:34
Stack trace:
#0 {main}
  thrown in /home/pilotbaz/public_html/index.php on line 34
[06-Sep-2023 20:49:46 UTC] PHP Warning:  require(/home/pilotbaz/public_html/../app-console/vendor/autoload.php): Failed to open stream: No such file or directory in /home/pilotbaz/public_html/index.php on line 34
[06-Sep-2023 20:49:46 UTC] PHP Warning:  require(/home/pilotbaz/public_html/../app-console/vendor/autoload.php): Failed to open stream: No such file or directory in /home/pilotbaz/public_html/index.php on line 34
[06-Sep-2023 20:49:46 UTC] PHP Fatal error:  Uncaught Error: Failed opening required '/home/pilotbaz/public_html/../app-console/vendor/autoload.php' (include_path='.:/opt/alt/php81/usr/share/pear:/opt/alt/php81/usr/share/php:/usr/share/pear:/usr/share/php') in /home/pilotbaz/public_html/index.php:34
Stack trace:
#0 {main}
  thrown in /home/pilotbaz/public_html/index.php on line 34
[06-Sep-2023 20:50:01 UTC] PHP Warning:  require(/home/pilotbaz/public_html/../app-console/vendor/autoload.php): Failed to open stream: No such file or directory in /home/pilotbaz/public_html/index.php on line 34
[06-Sep-2023 20:50:01 UTC] PHP Warning:  require(/home/pilotbaz/public_html/../app-console/vendor/autoload.php): Failed to open stream: No such file or directory in /home/pilotbaz/public_html/index.php on line 34
[06-Sep-2023 20:50:01 UTC] PHP Fatal error:  Uncaught Error: Failed opening required '/home/pilotbaz/public_html/../app-console/vendor/autoload.php' (include_path='.:/opt/alt/php81/usr/share/pear:/opt/alt/php81/usr/share/php:/usr/share/pear:/usr/share/php') in /home/pilotbaz/public_html/index.php:34
Stack trace:
#0 {main}
  thrown in /home/pilotbaz/public_html/index.php on line 34
[06-Sep-2023 20:50:08 UTC] PHP Warning:  require(/home/pilotbaz/public_html/../app-console/vendor/autoload.php): Failed to open stream: No such file or directory in /home/pilotbaz/public_html/index.php on line 34
[06-Sep-2023 20:50:08 UTC] PHP Warning:  require(/home/pilotbaz/public_html/../app-console/vendor/autoload.php): Failed to open stream: No such file or directory in /home/pilotbaz/public_html/index.php on line 34
[06-Sep-2023 20:50:08 UTC] PHP Fatal error:  Uncaught Error: Failed opening required '/home/pilotbaz/public_html/../app-console/vendor/autoload.php' (include_path='.:/opt/alt/php81/usr/share/pear:/opt/alt/php81/usr/share/php:/usr/share/pear:/usr/share/php') in /home/pilotbaz/public_html/index.php:34
Stack trace:
#0 {main}
  thrown in /home/pilotbaz/public_html/index.php on line 34
[06-Sep-2023 20:50:17 UTC] PHP Warning:  require(/home/pilotbaz/public_html/../app-console/vendor/autoload.php): Failed to open stream: No such file or directory in /home/pilotbaz/public_html/index.php on line 34
[06-Sep-2023 20:50:17 UTC] PHP Warning:  require(/home/pilotbaz/public_html/../app-console/vendor/autoload.php): Failed to open stream: No such file or directory in /home/pilotbaz/public_html/index.php on line 34
[06-Sep-2023 20:50:17 UTC] PHP Fatal error:  Uncaught Error: Failed opening required '/home/pilotbaz/public_html/../app-console/vendor/autoload.php' (include_path='.:/opt/alt/php81/usr/share/pear:/opt/alt/php81/usr/share/php:/usr/share/pear:/usr/share/php') in /home/pilotbaz/public_html/index.php:34
Stack trace:
#0 {main}
  thrown in /home/pilotbaz/public_html/index.php on line 34
[06-Sep-2023 20:50:46 UTC] PHP Warning:  require(/home/pilotbaz/public_html/../app-console/vendor/autoload.php): Failed to open stream: No such file or directory in /home/pilotbaz/public_html/index.php on line 34
[06-Sep-2023 20:50:46 UTC] PHP Warning:  require(/home/pilotbaz/public_html/../app-console/vendor/autoload.php): Failed to open stream: No such file or directory in /home/pilotbaz/public_html/index.php on line 34
[06-Sep-2023 20:50:46 UTC] PHP Fatal error:  Uncaught Error: Failed opening required '/home/pilotbaz/public_html/../app-console/vendor/autoload.php' (include_path='.:/opt/alt/php81/usr/share/pear:/opt/alt/php81/usr/share/php:/usr/share/pear:/usr/share/php') in /home/pilotbaz/public_html/index.php:34
Stack trace:
#0 {main}
  thrown in /home/pilotbaz/public_html/index.php on line 34
[06-Sep-2023 20:51:32 UTC] PHP Warning:  require(/home/pilotbaz/public_html/../app-console/vendor/autoload.php): Failed to open stream: No such file or directory in /home/pilotbaz/public_html/index.php on line 34
[06-Sep-2023 20:51:32 UTC] PHP Warning:  require(/home/pilotbaz/public_html/../app-console/vendor/autoload.php): Failed to open stream: No such file or directory in /home/pilotbaz/public_html/index.php on line 34
[06-Sep-2023 20:51:32 UTC] PHP Fatal error:  Uncaught Error: Failed opening required '/home/pilotbaz/public_html/../app-console/vendor/autoload.php' (include_path='.:/opt/alt/php81/usr/share/pear:/opt/alt/php81/usr/share/php:/usr/share/pear:/usr/share/php') in /home/pilotbaz/public_html/index.php:34
Stack trace:
#0 {main}
  thrown in /home/pilotbaz/public_html/index.php on line 34
[06-Sep-2023 20:51:39 UTC] PHP Warning:  require(/home/pilotbaz/public_html/../app-console/vendor/autoload.php): Failed to open stream: No such file or directory in /home/pilotbaz/public_html/index.php on line 34
[06-Sep-2023 20:51:39 UTC] PHP Warning:  require(/home/pilotbaz/public_html/../app-console/vendor/autoload.php): Failed to open stream: No such file or directory in /home/pilotbaz/public_html/index.php on line 34
[06-Sep-2023 20:51:39 UTC] PHP Fatal error:  Uncaught Error: Failed opening required '/home/pilotbaz/public_html/../app-console/vendor/autoload.php' (include_path='.:/opt/alt/php81/usr/share/pear:/opt/alt/php81/usr/share/php:/usr/share/pear:/usr/share/php') in /home/pilotbaz/public_html/index.php:34
Stack trace:
#0 {main}
  thrown in /home/pilotbaz/public_html/index.php on line 34
[06-Sep-2023 20:51:42 UTC] PHP Warning:  require(/home/pilotbaz/public_html/../app-console/vendor/autoload.php): Failed to open stream: No such file or directory in /home/pilotbaz/public_html/index.php on line 34
[06-Sep-2023 20:51:42 UTC] PHP Warning:  require(/home/pilotbaz/public_html/../app-console/vendor/autoload.php): Failed to open stream: No such file or directory in /home/pilotbaz/public_html/index.php on line 34
[06-Sep-2023 20:51:42 UTC] PHP Fatal error:  Uncaught Error: Failed opening required '/home/pilotbaz/public_html/../app-console/vendor/autoload.php' (include_path='.:/opt/alt/php81/usr/share/pear:/opt/alt/php81/usr/share/php:/usr/share/pear:/usr/share/php') in /home/pilotbaz/public_html/index.php:34
Stack trace:
#0 {main}
  thrown in /home/pilotbaz/public_html/index.php on line 34
[06-Sep-2023 20:51:43 UTC] PHP Warning:  require(/home/pilotbaz/public_html/../app-console/vendor/autoload.php): Failed to open stream: No such file or directory in /home/pilotbaz/public_html/index.php on line 34
[06-Sep-2023 20:51:43 UTC] PHP Warning:  require(/home/pilotbaz/public_html/../app-console/vendor/autoload.php): Failed to open stream: No such file or directory in /home/pilotbaz/public_html/index.php on line 34
[06-Sep-2023 20:51:43 UTC] PHP Fatal error:  Uncaught Error: Failed opening required '/home/pilotbaz/public_html/../app-console/vendor/autoload.php' (include_path='.:/opt/alt/php81/usr/share/pear:/opt/alt/php81/usr/share/php:/usr/share/pear:/usr/share/php') in /home/pilotbaz/public_html/index.php:34
Stack trace:
#0 {main}
  thrown in /home/pilotbaz/public_html/index.php on line 34
[06-Sep-2023 20:52:06 UTC] PHP Warning:  require(/home/pilotbaz/public_html/../app-console/vendor/autoload.php): Failed to open stream: No such file or directory in /home/pilotbaz/public_html/index.php on line 34
[06-Sep-2023 20:52:06 UTC] PHP Warning:  require(/home/pilotbaz/public_html/../app-console/vendor/autoload.php): Failed to open stream: No such file or directory in /home/pilotbaz/public_html/index.php on line 34
[06-Sep-2023 20:52:06 UTC] PHP Fatal error:  Uncaught Error: Failed opening required '/home/pilotbaz/public_html/../app-console/vendor/autoload.php' (include_path='.:/opt/alt/php81/usr/share/pear:/opt/alt/php81/usr/share/php:/usr/share/pear:/usr/share/php') in /home/pilotbaz/public_html/index.php:34
Stack trace:
#0 {main}
  thrown in /home/pilotbaz/public_html/index.php on line 34
[06-Sep-2023 20:52:07 UTC] PHP Warning:  require(/home/pilotbaz/public_html/../app-console/vendor/autoload.php): Failed to open stream: No such file or directory in /home/pilotbaz/public_html/index.php on line 34
[06-Sep-2023 20:52:07 UTC] PHP Warning:  require(/home/pilotbaz/public_html/../app-console/vendor/autoload.php): Failed to open stream: No such file or directory in /home/pilotbaz/public_html/index.php on line 34
[06-Sep-2023 20:52:07 UTC] PHP Fatal error:  Uncaught Error: Failed opening required '/home/pilotbaz/public_html/../app-console/vendor/autoload.php' (include_path='.:/opt/alt/php81/usr/share/pear:/opt/alt/php81/usr/share/php:/usr/share/pear:/usr/share/php') in /home/pilotbaz/public_html/index.php:34
Stack trace:
#0 {main}
  thrown in /home/pilotbaz/public_html/index.php on line 34
[06-Sep-2023 20:59:10 UTC] PHP Warning:  require(/home/pilotbaz/public_html/../app-console/vendor/autoload.php): Failed to open stream: No such file or directory in /home/pilotbaz/public_html/index.php on line 34
[06-Sep-2023 20:59:10 UTC] PHP Warning:  require(/home/pilotbaz/public_html/../app-console/vendor/autoload.php): Failed to open stream: No such file or directory in /home/pilotbaz/public_html/index.php on line 34
[06-Sep-2023 20:59:10 UTC] PHP Fatal error:  Uncaught Error: Failed opening required '/home/pilotbaz/public_html/../app-console/vendor/autoload.php' (include_path='.:/opt/alt/php81/usr/share/pear:/opt/alt/php81/usr/share/php:/usr/share/pear:/usr/share/php') in /home/pilotbaz/public_html/index.php:34
Stack trace:
#0 {main}
  thrown in /home/pilotbaz/public_html/index.php on line 34
[06-Sep-2023 21:00:15 UTC] PHP Warning:  require(/home/pilotbaz/public_html/../app-console/vendor/autoload.php): Failed to open stream: No such file or directory in /home/pilotbaz/public_html/index.php on line 34
[06-Sep-2023 21:00:15 UTC] PHP Warning:  require(/home/pilotbaz/public_html/../app-console/vendor/autoload.php): Failed to open stream: No such file or directory in /home/pilotbaz/public_html/index.php on line 34
[06-Sep-2023 21:00:15 UTC] PHP Fatal error:  Uncaught Error: Failed opening required '/home/pilotbaz/public_html/../app-console/vendor/autoload.php' (include_path='.:/opt/alt/php81/usr/share/pear:/opt/alt/php81/usr/share/php:/usr/share/pear:/usr/share/php') in /home/pilotbaz/public_html/index.php:34
Stack trace:
#0 {main}
  thrown in /home/pilotbaz/public_html/index.php on line 34
[06-Sep-2023 21:02:25 UTC] PHP Warning:  require(/home/pilotbaz/public_html/../app-console/vendor/autoload.php): Failed to open stream: No such file or directory in /home/pilotbaz/public_html/index.php on line 34
[06-Sep-2023 21:02:25 UTC] PHP Warning:  require(/home/pilotbaz/public_html/../app-console/vendor/autoload.php): Failed to open stream: No such file or directory in /home/pilotbaz/public_html/index.php on line 34
[06-Sep-2023 21:02:25 UTC] PHP Fatal error:  Uncaught Error: Failed opening required '/home/pilotbaz/public_html/../app-console/vendor/autoload.php' (include_path='.:/opt/alt/php81/usr/share/pear:/opt/alt/php81/usr/share/php:/usr/share/pear:/usr/share/php') in /home/pilotbaz/public_html/index.php:34
Stack trace:
#0 {main}
  thrown in /home/pilotbaz/public_html/index.php on line 34
[06-Sep-2023 21:02:31 UTC] PHP Warning:  require(/home/pilotbaz/public_html/../app-console/vendor/autoload.php): Failed to open stream: No such file or directory in /home/pilotbaz/public_html/index.php on line 34
[06-Sep-2023 21:02:31 UTC] PHP Warning:  require(/home/pilotbaz/public_html/../app-console/vendor/autoload.php): Failed to open stream: No such file or directory in /home/pilotbaz/public_html/index.php on line 34
[06-Sep-2023 21:02:31 UTC] PHP Fatal error:  Uncaught Error: Failed opening required '/home/pilotbaz/public_html/../app-console/vendor/autoload.php' (include_path='.:/opt/alt/php81/usr/share/pear:/opt/alt/php81/usr/share/php:/usr/share/pear:/usr/share/php') in /home/pilotbaz/public_html/index.php:34
Stack trace:
#0 {main}
  thrown in /home/pilotbaz/public_html/index.php on line 34
[06-Sep-2023 21:02:39 UTC] PHP Warning:  require(/home/pilotbaz/public_html/../app-console/vendor/autoload.php): Failed to open stream: No such file or directory in /home/pilotbaz/public_html/index.php on line 34
[06-Sep-2023 21:02:39 UTC] PHP Warning:  require(/home/pilotbaz/public_html/../app-console/vendor/autoload.php): Failed to open stream: No such file or directory in /home/pilotbaz/public_html/index.php on line 34
[06-Sep-2023 21:02:39 UTC] PHP Fatal error:  Uncaught Error: Failed opening required '/home/pilotbaz/public_html/../app-console/vendor/autoload.php' (include_path='.:/opt/alt/php81/usr/share/pear:/opt/alt/php81/usr/share/php:/usr/share/pear:/usr/share/php') in /home/pilotbaz/public_html/index.php:34
Stack trace:
#0 {main}
  thrown in /home/pilotbaz/public_html/index.php on line 34
[06-Sep-2023 21:02:40 UTC] PHP Warning:  require(/home/pilotbaz/public_html/../app-console/vendor/autoload.php): Failed to open stream: No such file or directory in /home/pilotbaz/public_html/index.php on line 34
[06-Sep-2023 21:02:40 UTC] PHP Warning:  require(/home/pilotbaz/public_html/../app-console/vendor/autoload.php): Failed to open stream: No such file or directory in /home/pilotbaz/public_html/index.php on line 34
[06-Sep-2023 21:02:40 UTC] PHP Fatal error:  Uncaught Error: Failed opening required '/home/pilotbaz/public_html/../app-console/vendor/autoload.php' (include_path='.:/opt/alt/php81/usr/share/pear:/opt/alt/php81/usr/share/php:/usr/share/pear:/usr/share/php') in /home/pilotbaz/public_html/index.php:34
Stack trace:
#0 {main}
  thrown in /home/pilotbaz/public_html/index.php on line 34
[06-Sep-2023 21:03:32 UTC] PHP Warning:  require(/home/pilotbaz/public_html/../app-console/vendor/autoload.php): Failed to open stream: No such file or directory in /home/pilotbaz/public_html/index.php on line 34
[06-Sep-2023 21:03:32 UTC] PHP Warning:  require(/home/pilotbaz/public_html/../app-console/vendor/autoload.php): Failed to open stream: No such file or directory in /home/pilotbaz/public_html/index.php on line 34
[06-Sep-2023 21:03:32 UTC] PHP Fatal error:  Uncaught Error: Failed opening required '/home/pilotbaz/public_html/../app-console/vendor/autoload.php' (include_path='.:/opt/alt/php81/usr/share/pear:/opt/alt/php81/usr/share/php:/usr/share/pear:/usr/share/php') in /home/pilotbaz/public_html/index.php:34
Stack trace:
#0 {main}
  thrown in /home/pilotbaz/public_html/index.php on line 34
[06-Sep-2023 21:05:17 UTC] PHP Warning:  require(/home/pilotbaz/public_html/../app-console/vendor/autoload.php): Failed to open stream: No such file or directory in /home/pilotbaz/public_html/index.php on line 34
[06-Sep-2023 21:05:17 UTC] PHP Warning:  require(/home/pilotbaz/public_html/../app-console/vendor/autoload.php): Failed to open stream: No such file or directory in /home/pilotbaz/public_html/index.php on line 34
[06-Sep-2023 21:05:17 UTC] PHP Fatal error:  Uncaught Error: Failed opening required '/home/pilotbaz/public_html/../app-console/vendor/autoload.php' (include_path='.:/opt/alt/php81/usr/share/pear:/opt/alt/php81/usr/share/php:/usr/share/pear:/usr/share/php') in /home/pilotbaz/public_html/index.php:34
Stack trace:
#0 {main}
  thrown in /home/pilotbaz/public_html/index.php on line 34
[06-Sep-2023 21:07:03 UTC] PHP Warning:  require(/home/pilotbaz/public_html/../app-console/vendor/autoload.php): Failed to open stream: No such file or directory in /home/pilotbaz/public_html/index.php on line 34
[06-Sep-2023 21:07:03 UTC] PHP Warning:  require(/home/pilotbaz/public_html/../app-console/vendor/autoload.php): Failed to open stream: No such file or directory in /home/pilotbaz/public_html/index.php on line 34
[06-Sep-2023 21:07:03 UTC] PHP Fatal error:  Uncaught Error: Failed opening required '/home/pilotbaz/public_html/../app-console/vendor/autoload.php' (include_path='.:/opt/alt/php81/usr/share/pear:/opt/alt/php81/usr/share/php:/usr/share/pear:/usr/share/php') in /home/pilotbaz/public_html/index.php:34
Stack trace:
#0 {main}
  thrown in /home/pilotbaz/public_html/index.php on line 34
[06-Sep-2023 21:07:11 UTC] PHP Warning:  require(/home/pilotbaz/public_html/../app-console/vendor/autoload.php): Failed to open stream: No such file or directory in /home/pilotbaz/public_html/index.php on line 34
[06-Sep-2023 21:07:11 UTC] PHP Warning:  require(/home/pilotbaz/public_html/../app-console/vendor/autoload.php): Failed to open stream: No such file or directory in /home/pilotbaz/public_html/index.php on line 34
[06-Sep-2023 21:07:11 UTC] PHP Fatal error:  Uncaught Error: Failed opening required '/home/pilotbaz/public_html/../app-console/vendor/autoload.php' (include_path='.:/opt/alt/php81/usr/share/pear:/opt/alt/php81/usr/share/php:/usr/share/pear:/usr/share/php') in /home/pilotbaz/public_html/index.php:34
Stack trace:
#0 {main}
  thrown in /home/pilotbaz/public_html/index.php on line 34
[06-Sep-2023 21:08:41 UTC] PHP Warning:  require(/home/pilotbaz/public_html/../app-console/vendor/autoload.php): Failed to open stream: No such file or directory in /home/pilotbaz/public_html/index.php on line 34
[06-Sep-2023 21:08:41 UTC] PHP Warning:  require(/home/pilotbaz/public_html/../app-console/vendor/autoload.php): Failed to open stream: No such file or directory in /home/pilotbaz/public_html/index.php on line 34
[06-Sep-2023 21:08:41 UTC] PHP Fatal error:  Uncaught Error: Failed opening required '/home/pilotbaz/public_html/../app-console/vendor/autoload.php' (include_path='.:/opt/alt/php81/usr/share/pear:/opt/alt/php81/usr/share/php:/usr/share/pear:/usr/share/php') in /home/pilotbaz/public_html/index.php:34
Stack trace:
#0 {main}
  thrown in /home/pilotbaz/public_html/index.php on line 34
[06-Sep-2023 21:09:46 UTC] PHP Warning:  require(/home/pilotbaz/public_html/../app-console/vendor/autoload.php): Failed to open stream: No such file or directory in /home/pilotbaz/public_html/index.php on line 34
[06-Sep-2023 21:09:46 UTC] PHP Warning:  require(/home/pilotbaz/public_html/../app-console/vendor/autoload.php): Failed to open stream: No such file or directory in /home/pilotbaz/public_html/index.php on line 34
[06-Sep-2023 21:09:46 UTC] PHP Fatal error:  Uncaught Error: Failed opening required '/home/pilotbaz/public_html/../app-console/vendor/autoload.php' (include_path='.:/opt/alt/php81/usr/share/pear:/opt/alt/php81/usr/share/php:/usr/share/pear:/usr/share/php') in /home/pilotbaz/public_html/index.php:34
Stack trace:
#0 {main}
  thrown in /home/pilotbaz/public_html/index.php on line 34
[06-Sep-2023 21:10:49 UTC] PHP Warning:  require(/home/pilotbaz/public_html/../app-console/vendor/autoload.php): Failed to open stream: No such file or directory in /home/pilotbaz/public_html/index.php on line 34
[06-Sep-2023 21:10:49 UTC] PHP Warning:  require(/home/pilotbaz/public_html/../app-console/vendor/autoload.php): Failed to open stream: No such file or directory in /home/pilotbaz/public_html/index.php on line 34
[06-Sep-2023 21:10:49 UTC] PHP Fatal error:  Uncaught Error: Failed opening required '/home/pilotbaz/public_html/../app-console/vendor/autoload.php' (include_path='.:/opt/alt/php81/usr/share/pear:/opt/alt/php81/usr/share/php:/usr/share/pear:/usr/share/php') in /home/pilotbaz/public_html/index.php:34
Stack trace:
#0 {main}
  thrown in /home/pilotbaz/public_html/index.php on line 34
[06-Sep-2023 21:10:51 UTC] PHP Warning:  require(/home/pilotbaz/public_html/../app-console/vendor/autoload.php): Failed to open stream: No such file or directory in /home/pilotbaz/public_html/index.php on line 34
[06-Sep-2023 21:10:51 UTC] PHP Warning:  require(/home/pilotbaz/public_html/../app-console/vendor/autoload.php): Failed to open stream: No such file or directory in /home/pilotbaz/public_html/index.php on line 34
[06-Sep-2023 21:10:51 UTC] PHP Fatal error:  Uncaught Error: Failed opening required '/home/pilotbaz/public_html/../app-console/vendor/autoload.php' (include_path='.:/opt/alt/php81/usr/share/pear:/opt/alt/php81/usr/share/php:/usr/share/pear:/usr/share/php') in /home/pilotbaz/public_html/index.php:34
Stack trace:
#0 {main}
  thrown in /home/pilotbaz/public_html/index.php on line 34
[06-Sep-2023 21:11:21 UTC] PHP Warning:  require(/home/pilotbaz/public_html/../app-console/vendor/autoload.php): Failed to open stream: No such file or directory in /home/pilotbaz/public_html/index.php on line 34
[06-Sep-2023 21:11:21 UTC] PHP Warning:  require(/home/pilotbaz/public_html/../app-console/vendor/autoload.php): Failed to open stream: No such file or directory in /home/pilotbaz/public_html/index.php on line 34
[06-Sep-2023 21:11:21 UTC] PHP Fatal error:  Uncaught Error: Failed opening required '/home/pilotbaz/public_html/../app-console/vendor/autoload.php' (include_path='.:/opt/alt/php81/usr/share/pear:/opt/alt/php81/usr/share/php:/usr/share/pear:/usr/share/php') in /home/pilotbaz/public_html/index.php:34
Stack trace:
#0 {main}
  thrown in /home/pilotbaz/public_html/index.php on line 34
[06-Sep-2023 21:15:51 UTC] PHP Warning:  require(/home/pilotbaz/public_html/../app-console/vendor/autoload.php): Failed to open stream: No such file or directory in /home/pilotbaz/public_html/index.php on line 34
[06-Sep-2023 21:15:51 UTC] PHP Warning:  require(/home/pilotbaz/public_html/../app-console/vendor/autoload.php): Failed to open stream: No such file or directory in /home/pilotbaz/public_html/index.php on line 34
[06-Sep-2023 21:15:51 UTC] PHP Fatal error:  Uncaught Error: Failed opening required '/home/pilotbaz/public_html/../app-console/vendor/autoload.php' (include_path='.:/opt/alt/php81/usr/share/pear:/opt/alt/php81/usr/share/php:/usr/share/pear:/usr/share/php') in /home/pilotbaz/public_html/index.php:34
Stack trace:
#0 {main}
  thrown in /home/pilotbaz/public_html/index.php on line 34
[06-Sep-2023 21:16:43 UTC] PHP Warning:  require(/home/pilotbaz/public_html/../app-console/vendor/autoload.php): Failed to open stream: No such file or directory in /home/pilotbaz/public_html/index.php on line 34
[06-Sep-2023 21:16:43 UTC] PHP Warning:  require(/home/pilotbaz/public_html/../app-console/vendor/autoload.php): Failed to open stream: No such file or directory in /home/pilotbaz/public_html/index.php on line 34
[06-Sep-2023 21:16:43 UTC] PHP Fatal error:  Uncaught Error: Failed opening required '/home/pilotbaz/public_html/../app-console/vendor/autoload.php' (include_path='.:/opt/alt/php81/usr/share/pear:/opt/alt/php81/usr/share/php:/usr/share/pear:/usr/share/php') in /home/pilotbaz/public_html/index.php:34
Stack trace:
#0 {main}
  thrown in /home/pilotbaz/public_html/index.php on line 34
[06-Sep-2023 21:17:34 UTC] PHP Warning:  require(/home/pilotbaz/public_html/../app-console/vendor/autoload.php): Failed to open stream: No such file or directory in /home/pilotbaz/public_html/index.php on line 34
[06-Sep-2023 21:17:34 UTC] PHP Warning:  require(/home/pilotbaz/public_html/../app-console/vendor/autoload.php): Failed to open stream: No such file or directory in /home/pilotbaz/public_html/index.php on line 34
[06-Sep-2023 21:17:34 UTC] PHP Fatal error:  Uncaught Error: Failed opening required '/home/pilotbaz/public_html/../app-console/vendor/autoload.php' (include_path='.:/opt/alt/php81/usr/share/pear:/opt/alt/php81/usr/share/php:/usr/share/pear:/usr/share/php') in /home/pilotbaz/public_html/index.php:34
Stack trace:
#0 {main}
  thrown in /home/pilotbaz/public_html/index.php on line 34
[06-Sep-2023 21:17:35 UTC] PHP Warning:  require(/home/pilotbaz/public_html/../app-console/vendor/autoload.php): Failed to open stream: No such file or directory in /home/pilotbaz/public_html/index.php on line 34
[06-Sep-2023 21:17:35 UTC] PHP Warning:  require(/home/pilotbaz/public_html/../app-console/vendor/autoload.php): Failed to open stream: No such file or directory in /home/pilotbaz/public_html/index.php on line 34
[06-Sep-2023 21:17:35 UTC] PHP Fatal error:  Uncaught Error: Failed opening required '/home/pilotbaz/public_html/../app-console/vendor/autoload.php' (include_path='.:/opt/alt/php81/usr/share/pear:/opt/alt/php81/usr/share/php:/usr/share/pear:/usr/share/php') in /home/pilotbaz/public_html/index.php:34
Stack trace:
#0 {main}
  thrown in /home/pilotbaz/public_html/index.php on line 34
[06-Sep-2023 21:17:36 UTC] PHP Warning:  require(/home/pilotbaz/public_html/../app-console/vendor/autoload.php): Failed to open stream: No such file or directory in /home/pilotbaz/public_html/index.php on line 34
[06-Sep-2023 21:17:36 UTC] PHP Warning:  require(/home/pilotbaz/public_html/../app-console/vendor/autoload.php): Failed to open stream: No such file or directory in /home/pilotbaz/public_html/index.php on line 34
[06-Sep-2023 21:17:36 UTC] PHP Fatal error:  Uncaught Error: Failed opening required '/home/pilotbaz/public_html/../app-console/vendor/autoload.php' (include_path='.:/opt/alt/php81/usr/share/pear:/opt/alt/php81/usr/share/php:/usr/share/pear:/usr/share/php') in /home/pilotbaz/public_html/index.php:34
Stack trace:
#0 {main}
  thrown in /home/pilotbaz/public_html/index.php on line 34
[06-Sep-2023 21:17:37 UTC] PHP Warning:  require(/home/pilotbaz/public_html/../app-console/vendor/autoload.php): Failed to open stream: No such file or directory in /home/pilotbaz/public_html/index.php on line 34
[06-Sep-2023 21:17:37 UTC] PHP Warning:  require(/home/pilotbaz/public_html/../app-console/vendor/autoload.php): Failed to open stream: No such file or directory in /home/pilotbaz/public_html/index.php on line 34
[06-Sep-2023 21:17:37 UTC] PHP Fatal error:  Uncaught Error: Failed opening required '/home/pilotbaz/public_html/../app-console/vendor/autoload.php' (include_path='.:/opt/alt/php81/usr/share/pear:/opt/alt/php81/usr/share/php:/usr/share/pear:/usr/share/php') in /home/pilotbaz/public_html/index.php:34
Stack trace:
#0 {main}
  thrown in /home/pilotbaz/public_html/index.php on line 34
[06-Sep-2023 21:17:37 UTC] PHP Warning:  require(/home/pilotbaz/public_html/../app-console/vendor/autoload.php): Failed to open stream: No such file or directory in /home/pilotbaz/public_html/index.php on line 34
[06-Sep-2023 21:17:37 UTC] PHP Warning:  require(/home/pilotbaz/public_html/../app-console/vendor/autoload.php): Failed to open stream: No such file or directory in /home/pilotbaz/public_html/index.php on line 34
[06-Sep-2023 21:17:37 UTC] PHP Fatal error:  Uncaught Error: Failed opening required '/home/pilotbaz/public_html/../app-console/vendor/autoload.php' (include_path='.:/opt/alt/php81/usr/share/pear:/opt/alt/php81/usr/share/php:/usr/share/pear:/usr/share/php') in /home/pilotbaz/public_html/index.php:34
Stack trace:
#0 {main}
  thrown in /home/pilotbaz/public_html/index.php on line 34
[06-Sep-2023 21:17:38 UTC] PHP Warning:  require(/home/pilotbaz/public_html/../app-console/vendor/autoload.php): Failed to open stream: No such file or directory in /home/pilotbaz/public_html/index.php on line 34
[06-Sep-2023 21:17:38 UTC] PHP Warning:  require(/home/pilotbaz/public_html/../app-console/vendor/autoload.php): Failed to open stream: No such file or directory in /home/pilotbaz/public_html/index.php on line 34
[06-Sep-2023 21:17:38 UTC] PHP Fatal error:  Uncaught Error: Failed opening required '/home/pilotbaz/public_html/../app-console/vendor/autoload.php' (include_path='.:/opt/alt/php81/usr/share/pear:/opt/alt/php81/usr/share/php:/usr/share/pear:/usr/share/php') in /home/pilotbaz/public_html/index.php:34
Stack trace:
#0 {main}
  thrown in /home/pilotbaz/public_html/index.php on line 34
[06-Sep-2023 21:17:39 UTC] PHP Warning:  require(/home/pilotbaz/public_html/../app-console/vendor/autoload.php): Failed to open stream: No such file or directory in /home/pilotbaz/public_html/index.php on line 34
[06-Sep-2023 21:17:39 UTC] PHP Warning:  require(/home/pilotbaz/public_html/../app-console/vendor/autoload.php): Failed to open stream: No such file or directory in /home/pilotbaz/public_html/index.php on line 34
[06-Sep-2023 21:17:39 UTC] PHP Fatal error:  Uncaught Error: Failed opening required '/home/pilotbaz/public_html/../app-console/vendor/autoload.php' (include_path='.:/opt/alt/php81/usr/share/pear:/opt/alt/php81/usr/share/php:/usr/share/pear:/usr/share/php') in /home/pilotbaz/public_html/index.php:34
Stack trace:
#0 {main}
  thrown in /home/pilotbaz/public_html/index.php on line 34
[06-Sep-2023 21:17:40 UTC] PHP Warning:  require(/home/pilotbaz/public_html/../app-console/vendor/autoload.php): Failed to open stream: No such file or directory in /home/pilotbaz/public_html/index.php on line 34
[06-Sep-2023 21:17:40 UTC] PHP Warning:  require(/home/pilotbaz/public_html/../app-console/vendor/autoload.php): Failed to open stream: No such file or directory in /home/pilotbaz/public_html/index.php on line 34
[06-Sep-2023 21:17:40 UTC] PHP Fatal error:  Uncaught Error: Failed opening required '/home/pilotbaz/public_html/../app-console/vendor/autoload.php' (include_path='.:/opt/alt/php81/usr/share/pear:/opt/alt/php81/usr/share/php:/usr/share/pear:/usr/share/php') in /home/pilotbaz/public_html/index.php:34
Stack trace:
#0 {main}
  thrown in /home/pilotbaz/public_html/index.php on line 34
[06-Sep-2023 21:17:40 UTC] PHP Warning:  require(/home/pilotbaz/public_html/../app-console/vendor/autoload.php): Failed to open stream: No such file or directory in /home/pilotbaz/public_html/index.php on line 34
[06-Sep-2023 21:17:40 UTC] PHP Warning:  require(/home/pilotbaz/public_html/../app-console/vendor/autoload.php): Failed to open stream: No such file or directory in /home/pilotbaz/public_html/index.php on line 34
[06-Sep-2023 21:17:40 UTC] PHP Fatal error:  Uncaught Error: Failed opening required '/home/pilotbaz/public_html/../app-console/vendor/autoload.php' (include_path='.:/opt/alt/php81/usr/share/pear:/opt/alt/php81/usr/share/php:/usr/share/pear:/usr/share/php') in /home/pilotbaz/public_html/index.php:34
Stack trace:
#0 {main}
  thrown in /home/pilotbaz/public_html/index.php on line 34
[06-Sep-2023 21:17:41 UTC] PHP Warning:  require(/home/pilotbaz/public_html/../app-console/vendor/autoload.php): Failed to open stream: No such file or directory in /home/pilotbaz/public_html/index.php on line 34
[06-Sep-2023 21:17:41 UTC] PHP Warning:  require(/home/pilotbaz/public_html/../app-console/vendor/autoload.php): Failed to open stream: No such file or directory in /home/pilotbaz/public_html/index.php on line 34
[06-Sep-2023 21:17:41 UTC] PHP Fatal error:  Uncaught Error: Failed opening required '/home/pilotbaz/public_html/../app-console/vendor/autoload.php' (include_path='.:/opt/alt/php81/usr/share/pear:/opt/alt/php81/usr/share/php:/usr/share/pear:/usr/share/php') in /home/pilotbaz/public_html/index.php:34
Stack trace:
#0 {main}
  thrown in /home/pilotbaz/public_html/index.php on line 34
[06-Sep-2023 21:17:42 UTC] PHP Warning:  require(/home/pilotbaz/public_html/../app-console/vendor/autoload.php): Failed to open stream: No such file or directory in /home/pilotbaz/public_html/index.php on line 34
[06-Sep-2023 21:17:42 UTC] PHP Warning:  require(/home/pilotbaz/public_html/../app-console/vendor/autoload.php): Failed to open stream: No such file or directory in /home/pilotbaz/public_html/index.php on line 34
[06-Sep-2023 21:17:42 UTC] PHP Fatal error:  Uncaught Error: Failed opening required '/home/pilotbaz/public_html/../app-console/vendor/autoload.php' (include_path='.:/opt/alt/php81/usr/share/pear:/opt/alt/php81/usr/share/php:/usr/share/pear:/usr/share/php') in /home/pilotbaz/public_html/index.php:34
Stack trace:
#0 {main}
  thrown in /home/pilotbaz/public_html/index.php on line 34
[06-Sep-2023 21:17:43 UTC] PHP Warning:  require(/home/pilotbaz/public_html/../app-console/vendor/autoload.php): Failed to open stream: No such file or directory in /home/pilotbaz/public_html/index.php on line 34
[06-Sep-2023 21:17:43 UTC] PHP Warning:  require(/home/pilotbaz/public_html/../app-console/vendor/autoload.php): Failed to open stream: No such file or directory in /home/pilotbaz/public_html/index.php on line 34
[06-Sep-2023 21:17:43 UTC] PHP Fatal error:  Uncaught Error: Failed opening required '/home/pilotbaz/public_html/../app-console/vendor/autoload.php' (include_path='.:/opt/alt/php81/usr/share/pear:/opt/alt/php81/usr/share/php:/usr/share/pear:/usr/share/php') in /home/pilotbaz/public_html/index.php:34
Stack trace:
#0 {main}
  thrown in /home/pilotbaz/public_html/index.php on line 34
[06-Sep-2023 21:17:43 UTC] PHP Warning:  require(/home/pilotbaz/public_html/../app-console/vendor/autoload.php): Failed to open stream: No such file or directory in /home/pilotbaz/public_html/index.php on line 34
[06-Sep-2023 21:17:43 UTC] PHP Warning:  require(/home/pilotbaz/public_html/../app-console/vendor/autoload.php): Failed to open stream: No such file or directory in /home/pilotbaz/public_html/index.php on line 34
[06-Sep-2023 21:17:43 UTC] PHP Fatal error:  Uncaught Error: Failed opening required '/home/pilotbaz/public_html/../app-console/vendor/autoload.php' (include_path='.:/opt/alt/php81/usr/share/pear:/opt/alt/php81/usr/share/php:/usr/share/pear:/usr/share/php') in /home/pilotbaz/public_html/index.php:34
Stack trace:
#0 {main}
  thrown in /home/pilotbaz/public_html/index.php on line 34
[06-Sep-2023 21:17:44 UTC] PHP Warning:  require(/home/pilotbaz/public_html/../app-console/vendor/autoload.php): Failed to open stream: No such file or directory in /home/pilotbaz/public_html/index.php on line 34
[06-Sep-2023 21:17:44 UTC] PHP Warning:  require(/home/pilotbaz/public_html/../app-console/vendor/autoload.php): Failed to open stream: No such file or directory in /home/pilotbaz/public_html/index.php on line 34
[06-Sep-2023 21:17:44 UTC] PHP Fatal error:  Uncaught Error: Failed opening required '/home/pilotbaz/public_html/../app-console/vendor/autoload.php' (include_path='.:/opt/alt/php81/usr/share/pear:/opt/alt/php81/usr/share/php:/usr/share/pear:/usr/share/php') in /home/pilotbaz/public_html/index.php:34
Stack trace:
#0 {main}
  thrown in /home/pilotbaz/public_html/index.php on line 34
[06-Sep-2023 21:17:45 UTC] PHP Warning:  require(/home/pilotbaz/public_html/../app-console/vendor/autoload.php): Failed to open stream: No such file or directory in /home/pilotbaz/public_html/index.php on line 34
[06-Sep-2023 21:17:45 UTC] PHP Warning:  require(/home/pilotbaz/public_html/../app-console/vendor/autoload.php): Failed to open stream: No such file or directory in /home/pilotbaz/public_html/index.php on line 34
[06-Sep-2023 21:17:45 UTC] PHP Fatal error:  Uncaught Error: Failed opening required '/home/pilotbaz/public_html/../app-console/vendor/autoload.php' (include_path='.:/opt/alt/php81/usr/share/pear:/opt/alt/php81/usr/share/php:/usr/share/pear:/usr/share/php') in /home/pilotbaz/public_html/index.php:34
Stack trace:
#0 {main}
  thrown in /home/pilotbaz/public_html/index.php on line 34
[06-Sep-2023 21:17:45 UTC] PHP Warning:  require(/home/pilotbaz/public_html/../app-console/vendor/autoload.php): Failed to open stream: No such file or directory in /home/pilotbaz/public_html/index.php on line 34
[06-Sep-2023 21:17:45 UTC] PHP Warning:  require(/home/pilotbaz/public_html/../app-console/vendor/autoload.php): Failed to open stream: No such file or directory in /home/pilotbaz/public_html/index.php on line 34
[06-Sep-2023 21:17:45 UTC] PHP Fatal error:  Uncaught Error: Failed opening required '/home/pilotbaz/public_html/../app-console/vendor/autoload.php' (include_path='.:/opt/alt/php81/usr/share/pear:/opt/alt/php81/usr/share/php:/usr/share/pear:/usr/share/php') in /home/pilotbaz/public_html/index.php:34
Stack trace:
#0 {main}
  thrown in /home/pilotbaz/public_html/index.php on line 34
[06-Sep-2023 21:17:46 UTC] PHP Warning:  require(/home/pilotbaz/public_html/../app-console/vendor/autoload.php): Failed to open stream: No such file or directory in /home/pilotbaz/public_html/index.php on line 34
[06-Sep-2023 21:17:46 UTC] PHP Warning:  require(/home/pilotbaz/public_html/../app-console/vendor/autoload.php): Failed to open stream: No such file or directory in /home/pilotbaz/public_html/index.php on line 34
[06-Sep-2023 21:17:46 UTC] PHP Fatal error:  Uncaught Error: Failed opening required '/home/pilotbaz/public_html/../app-console/vendor/autoload.php' (include_path='.:/opt/alt/php81/usr/share/pear:/opt/alt/php81/usr/share/php:/usr/share/pear:/usr/share/php') in /home/pilotbaz/public_html/index.php:34
Stack trace:
#0 {main}
  thrown in /home/pilotbaz/public_html/index.php on line 34
[06-Sep-2023 21:17:47 UTC] PHP Warning:  require(/home/pilotbaz/public_html/../app-console/vendor/autoload.php): Failed to open stream: No such file or directory in /home/pilotbaz/public_html/index.php on line 34
[06-Sep-2023 21:17:47 UTC] PHP Warning:  require(/home/pilotbaz/public_html/../app-console/vendor/autoload.php): Failed to open stream: No such file or directory in /home/pilotbaz/public_html/index.php on line 34
[06-Sep-2023 21:17:47 UTC] PHP Fatal error:  Uncaught Error: Failed opening required '/home/pilotbaz/public_html/../app-console/vendor/autoload.php' (include_path='.:/opt/alt/php81/usr/share/pear:/opt/alt/php81/usr/share/php:/usr/share/pear:/usr/share/php') in /home/pilotbaz/public_html/index.php:34
Stack trace:
#0 {main}
  thrown in /home/pilotbaz/public_html/index.php on line 34
[06-Sep-2023 21:17:48 UTC] PHP Warning:  require(/home/pilotbaz/public_html/../app-console/vendor/autoload.php): Failed to open stream: No such file or directory in /home/pilotbaz/public_html/index.php on line 34
[06-Sep-2023 21:17:48 UTC] PHP Warning:  require(/home/pilotbaz/public_html/../app-console/vendor/autoload.php): Failed to open stream: No such file or directory in /home/pilotbaz/public_html/index.php on line 34
[06-Sep-2023 21:17:48 UTC] PHP Fatal error:  Uncaught Error: Failed opening required '/home/pilotbaz/public_html/../app-console/vendor/autoload.php' (include_path='.:/opt/alt/php81/usr/share/pear:/opt/alt/php81/usr/share/php:/usr/share/pear:/usr/share/php') in /home/pilotbaz/public_html/index.php:34
Stack trace:
#0 {main}
  thrown in /home/pilotbaz/public_html/index.php on line 34
[06-Sep-2023 21:17:48 UTC] PHP Warning:  require(/home/pilotbaz/public_html/../app-console/vendor/autoload.php): Failed to open stream: No such file or directory in /home/pilotbaz/public_html/index.php on line 34
[06-Sep-2023 21:17:48 UTC] PHP Warning:  require(/home/pilotbaz/public_html/../app-console/vendor/autoload.php): Failed to open stream: No such file or directory in /home/pilotbaz/public_html/index.php on line 34
[06-Sep-2023 21:17:48 UTC] PHP Fatal error:  Uncaught Error: Failed opening required '/home/pilotbaz/public_html/../app-console/vendor/autoload.php' (include_path='.:/opt/alt/php81/usr/share/pear:/opt/alt/php81/usr/share/php:/usr/share/pear:/usr/share/php') in /home/pilotbaz/public_html/index.php:34
Stack trace:
#0 {main}
  thrown in /home/pilotbaz/public_html/index.php on line 34
[06-Sep-2023 21:17:50 UTC] PHP Warning:  require(/home/pilotbaz/public_html/../app-console/vendor/autoload.php): Failed to open stream: No such file or directory in /home/pilotbaz/public_html/index.php on line 34
[06-Sep-2023 21:17:50 UTC] PHP Warning:  require(/home/pilotbaz/public_html/../app-console/vendor/autoload.php): Failed to open stream: No such file or directory in /home/pilotbaz/public_html/index.php on line 34
[06-Sep-2023 21:17:50 UTC] PHP Fatal error:  Uncaught Error: Failed opening required '/home/pilotbaz/public_html/../app-console/vendor/autoload.php' (include_path='.:/opt/alt/php81/usr/share/pear:/opt/alt/php81/usr/share/php:/usr/share/pear:/usr/share/php') in /home/pilotbaz/public_html/index.php:34
Stack trace:
#0 {main}
  thrown in /home/pilotbaz/public_html/index.php on line 34
[06-Sep-2023 21:17:51 UTC] PHP Warning:  require(/home/pilotbaz/public_html/../app-console/vendor/autoload.php): Failed to open stream: No such file or directory in /home/pilotbaz/public_html/index.php on line 34
[06-Sep-2023 21:17:51 UTC] PHP Warning:  require(/home/pilotbaz/public_html/../app-console/vendor/autoload.php): Failed to open stream: No such file or directory in /home/pilotbaz/public_html/index.php on line 34
[06-Sep-2023 21:17:51 UTC] PHP Fatal error:  Uncaught Error: Failed opening required '/home/pilotbaz/public_html/../app-console/vendor/autoload.php' (include_path='.:/opt/alt/php81/usr/share/pear:/opt/alt/php81/usr/share/php:/usr/share/pear:/usr/share/php') in /home/pilotbaz/public_html/index.php:34
Stack trace:
#0 {main}
  thrown in /home/pilotbaz/public_html/index.php on line 34
[06-Sep-2023 21:17:51 UTC] PHP Warning:  require(/home/pilotbaz/public_html/../app-console/vendor/autoload.php): Failed to open stream: No such file or directory in /home/pilotbaz/public_html/index.php on line 34
[06-Sep-2023 21:17:51 UTC] PHP Warning:  require(/home/pilotbaz/public_html/../app-console/vendor/autoload.php): Failed to open stream: No such file or directory in /home/pilotbaz/public_html/index.php on line 34
[06-Sep-2023 21:17:51 UTC] PHP Fatal error:  Uncaught Error: Failed opening required '/home/pilotbaz/public_html/../app-console/vendor/autoload.php' (include_path='.:/opt/alt/php81/usr/share/pear:/opt/alt/php81/usr/share/php:/usr/share/pear:/usr/share/php') in /home/pilotbaz/public_html/index.php:34
Stack trace:
#0 {main}
  thrown in /home/pilotbaz/public_html/index.php on line 34
[06-Sep-2023 21:17:52 UTC] PHP Warning:  require(/home/pilotbaz/public_html/../app-console/vendor/autoload.php): Failed to open stream: No such file or directory in /home/pilotbaz/public_html/index.php on line 34
[06-Sep-2023 21:17:52 UTC] PHP Warning:  require(/home/pilotbaz/public_html/../app-console/vendor/autoload.php): Failed to open stream: No such file or directory in /home/pilotbaz/public_html/index.php on line 34
[06-Sep-2023 21:17:52 UTC] PHP Fatal error:  Uncaught Error: Failed opening required '/home/pilotbaz/public_html/../app-console/vendor/autoload.php' (include_path='.:/opt/alt/php81/usr/share/pear:/opt/alt/php81/usr/share/php:/usr/share/pear:/usr/share/php') in /home/pilotbaz/public_html/index.php:34
Stack trace:
#0 {main}
  thrown in /home/pilotbaz/public_html/index.php on line 34
[06-Sep-2023 21:17:53 UTC] PHP Warning:  require(/home/pilotbaz/public_html/../app-console/vendor/autoload.php): Failed to open stream: No such file or directory in /home/pilotbaz/public_html/index.php on line 34
[06-Sep-2023 21:17:53 UTC] PHP Warning:  require(/home/pilotbaz/public_html/../app-console/vendor/autoload.php): Failed to open stream: No such file or directory in /home/pilotbaz/public_html/index.php on line 34
[06-Sep-2023 21:17:53 UTC] PHP Fatal error:  Uncaught Error: Failed opening required '/home/pilotbaz/public_html/../app-console/vendor/autoload.php' (include_path='.:/opt/alt/php81/usr/share/pear:/opt/alt/php81/usr/share/php:/usr/share/pear:/usr/share/php') in /home/pilotbaz/public_html/index.php:34
Stack trace:
#0 {main}
  thrown in /home/pilotbaz/public_html/index.php on line 34
[06-Sep-2023 21:17:53 UTC] PHP Warning:  require(/home/pilotbaz/public_html/../app-console/vendor/autoload.php): Failed to open stream: No such file or directory in /home/pilotbaz/public_html/index.php on line 34
[06-Sep-2023 21:17:53 UTC] PHP Warning:  require(/home/pilotbaz/public_html/../app-console/vendor/autoload.php): Failed to open stream: No such file or directory in /home/pilotbaz/public_html/index.php on line 34
[06-Sep-2023 21:17:53 UTC] PHP Fatal error:  Uncaught Error: Failed opening required '/home/pilotbaz/public_html/../app-console/vendor/autoload.php' (include_path='.:/opt/alt/php81/usr/share/pear:/opt/alt/php81/usr/share/php:/usr/share/pear:/usr/share/php') in /home/pilotbaz/public_html/index.php:34
Stack trace:
#0 {main}
  thrown in /home/pilotbaz/public_html/index.php on line 34
[06-Sep-2023 21:17:54 UTC] PHP Warning:  require(/home/pilotbaz/public_html/../app-console/vendor/autoload.php): Failed to open stream: No such file or directory in /home/pilotbaz/public_html/index.php on line 34
[06-Sep-2023 21:17:54 UTC] PHP Warning:  require(/home/pilotbaz/public_html/../app-console/vendor/autoload.php): Failed to open stream: No such file or directory in /home/pilotbaz/public_html/index.php on line 34
[06-Sep-2023 21:17:54 UTC] PHP Fatal error:  Uncaught Error: Failed opening required '/home/pilotbaz/public_html/../app-console/vendor/autoload.php' (include_path='.:/opt/alt/php81/usr/share/pear:/opt/alt/php81/usr/share/php:/usr/share/pear:/usr/share/php') in /home/pilotbaz/public_html/index.php:34
Stack trace:
#0 {main}
  thrown in /home/pilotbaz/public_html/index.php on line 34
[06-Sep-2023 21:21:15 UTC] PHP Warning:  require(/home/pilotbaz/public_html/../app-console/vendor/autoload.php): Failed to open stream: No such file or directory in /home/pilotbaz/public_html/index.php on line 34
[06-Sep-2023 21:21:15 UTC] PHP Warning:  require(/home/pilotbaz/public_html/../app-console/vendor/autoload.php): Failed to open stream: No such file or directory in /home/pilotbaz/public_html/index.php on line 34
[06-Sep-2023 21:21:15 UTC] PHP Fatal error:  Uncaught Error: Failed opening required '/home/pilotbaz/public_html/../app-console/vendor/autoload.php' (include_path='.:/opt/alt/php81/usr/share/pear:/opt/alt/php81/usr/share/php:/usr/share/pear:/usr/share/php') in /home/pilotbaz/public_html/index.php:34
Stack trace:
#0 {main}
  thrown in /home/pilotbaz/public_html/index.php on line 34
[06-Sep-2023 21:21:30 UTC] PHP Warning:  require(/home/pilotbaz/public_html/../app-console/vendor/autoload.php): Failed to open stream: No such file or directory in /home/pilotbaz/public_html/index.php on line 34
[06-Sep-2023 21:21:30 UTC] PHP Warning:  require(/home/pilotbaz/public_html/../app-console/vendor/autoload.php): Failed to open stream: No such file or directory in /home/pilotbaz/public_html/index.php on line 34
[06-Sep-2023 21:21:30 UTC] PHP Fatal error:  Uncaught Error: Failed opening required '/home/pilotbaz/public_html/../app-console/vendor/autoload.php' (include_path='.:/opt/alt/php81/usr/share/pear:/opt/alt/php81/usr/share/php:/usr/share/pear:/usr/share/php') in /home/pilotbaz/public_html/index.php:34
Stack trace:
#0 {main}
  thrown in /home/pilotbaz/public_html/index.php on line 34
[06-Sep-2023 21:21:30 UTC] PHP Warning:  require(/home/pilotbaz/public_html/../app-console/vendor/autoload.php): Failed to open stream: No such file or directory in /home/pilotbaz/public_html/index.php on line 34
[06-Sep-2023 21:21:30 UTC] PHP Warning:  require(/home/pilotbaz/public_html/../app-console/vendor/autoload.php): Failed to open stream: No such file or directory in /home/pilotbaz/public_html/index.php on line 34
[06-Sep-2023 21:21:30 UTC] PHP Fatal error:  Uncaught Error: Failed opening required '/home/pilotbaz/public_html/../app-console/vendor/autoload.php' (include_path='.:/opt/alt/php81/usr/share/pear:/opt/alt/php81/usr/share/php:/usr/share/pear:/usr/share/php') in /home/pilotbaz/public_html/index.php:34
Stack trace:
#0 {main}
  thrown in /home/pilotbaz/public_html/index.php on line 34
[06-Sep-2023 21:24:16 UTC] PHP Warning:  require(/home/pilotbaz/public_html/../app-console/vendor/autoload.php): Failed to open stream: No such file or directory in /home/pilotbaz/public_html/index.php on line 34
[06-Sep-2023 21:24:16 UTC] PHP Warning:  require(/home/pilotbaz/public_html/../app-console/vendor/autoload.php): Failed to open stream: No such file or directory in /home/pilotbaz/public_html/index.php on line 34
[06-Sep-2023 21:24:16 UTC] PHP Fatal error:  Uncaught Error: Failed opening required '/home/pilotbaz/public_html/../app-console/vendor/autoload.php' (include_path='.:/opt/alt/php81/usr/share/pear:/opt/alt/php81/usr/share/php:/usr/share/pear:/usr/share/php') in /home/pilotbaz/public_html/index.php:34
Stack trace:
#0 {main}
  thrown in /home/pilotbaz/public_html/index.php on line 34
[06-Sep-2023 21:26:14 UTC] PHP Warning:  require(/home/pilotbaz/public_html/../app-console/vendor/autoload.php): Failed to open stream: No such file or directory in /home/pilotbaz/public_html/index.php on line 34
[06-Sep-2023 21:26:14 UTC] PHP Warning:  require(/home/pilotbaz/public_html/../app-console/vendor/autoload.php): Failed to open stream: No such file or directory in /home/pilotbaz/public_html/index.php on line 34
[06-Sep-2023 21:26:14 UTC] PHP Fatal error:  Uncaught Error: Failed opening required '/home/pilotbaz/public_html/../app-console/vendor/autoload.php' (include_path='.:/opt/alt/php81/usr/share/pear:/opt/alt/php81/usr/share/php:/usr/share/pear:/usr/share/php') in /home/pilotbaz/public_html/index.php:34
Stack trace:
#0 {main}
  thrown in /home/pilotbaz/public_html/index.php on line 34
[06-Sep-2023 21:26:15 UTC] PHP Warning:  require(/home/pilotbaz/public_html/../app-console/vendor/autoload.php): Failed to open stream: No such file or directory in /home/pilotbaz/public_html/index.php on line 34
[06-Sep-2023 21:26:15 UTC] PHP Warning:  require(/home/pilotbaz/public_html/../app-console/vendor/autoload.php): Failed to open stream: No such file or directory in /home/pilotbaz/public_html/index.php on line 34
[06-Sep-2023 21:26:15 UTC] PHP Fatal error:  Uncaught Error: Failed opening required '/home/pilotbaz/public_html/../app-console/vendor/autoload.php' (include_path='.:/opt/alt/php81/usr/share/pear:/opt/alt/php81/usr/share/php:/usr/share/pear:/usr/share/php') in /home/pilotbaz/public_html/index.php:34
Stack trace:
#0 {main}
  thrown in /home/pilotbaz/public_html/index.php on line 34
[06-Sep-2023 21:29:04 UTC] PHP Warning:  require(/home/pilotbaz/public_html/../app-console/vendor/autoload.php): Failed to open stream: No such file or directory in /home/pilotbaz/public_html/index.php on line 34
[06-Sep-2023 21:29:04 UTC] PHP Warning:  require(/home/pilotbaz/public_html/../app-console/vendor/autoload.php): Failed to open stream: No such file or directory in /home/pilotbaz/public_html/index.php on line 34
[06-Sep-2023 21:29:04 UTC] PHP Fatal error:  Uncaught Error: Failed opening required '/home/pilotbaz/public_html/../app-console/vendor/autoload.php' (include_path='.:/opt/alt/php81/usr/share/pear:/opt/alt/php81/usr/share/php:/usr/share/pear:/usr/share/php') in /home/pilotbaz/public_html/index.php:34
Stack trace:
#0 {main}
  thrown in /home/pilotbaz/public_html/index.php on line 34
[06-Sep-2023 09:37:15 UTC] PHP Warning:  require(/home/pilotbaz/public_html/../app-console/vendor/autoload.php): Failed to open stream: No such file or directory in /home/pilotbaz/public_html/index.php on line 34
[06-Sep-2023 09:37:25 UTC] PHP Warning:  require(/home/pilotbaz/public_html/../app-console/vendor/autoload.php): Failed to open stream: No such file or directory in /home/pilotbaz/public_html/index.php on line 34
[06-Sep-2023 09:37:25 UTC] PHP Fatal error:  Uncaught Error: Failed opening required '/home/pilotbaz/public_html/../app-console/vendor/autoload.php' (include_path='.:/opt/alt/php81/usr/share/pear:/opt/alt/php81/usr/share/php:/usr/share/pear:/usr/share/php') in /home/pilotbaz/public_html/index.php:34
Stack trace:
#0 {main}
  thrown in /home/pilotbaz/public_html/index.php on line 34
[06-Sep-2023 09:47:31 UTC] PHP Warning:  require(/home/pilotbaz/public_html/../app-console/vendor/autoload.php): Failed to open stream: No such file or directory in /home/pilotbaz/public_html/index.php on line 34
[06-Sep-2023 09:47:36 UTC] PHP Warning:  require(/home/pilotbaz/public_html/../app-console/vendor/autoload.php): Failed to open stream: No such file or directory in /home/pilotbaz/public_html/index.php on line 34
[06-Sep-2023 09:47:41 UTC] PHP Warning:  require(/home/pilotbaz/public_html/../app-console/vendor/autoload.php): Failed to open stream: No such file or directory in /home/pilotbaz/public_html/index.php on line 34
[06-Sep-2023 09:47:41 UTC] PHP Fatal error:  Uncaught Error: Failed opening required '/home/pilotbaz/public_html/../app-console/vendor/autoload.php' (include_path='.:/opt/alt/php81/usr/share/pear:/opt/alt/php81/usr/share/php:/usr/share/pear:/usr/share/php') in /home/pilotbaz/public_html/index.php:34
Stack trace:
#0 {main}
  thrown in /home/pilotbaz/public_html/index.php on line 34
[06-Sep-2023 09:47:46 UTC] PHP Warning:  require(/home/pilotbaz/public_html/../app-console/vendor/autoload.php): Failed to open stream: No such file or directory in /home/pilotbaz/public_html/index.php on line 34
[06-Sep-2023 09:47:46 UTC] PHP Fatal error:  Uncaught Error: Failed opening required '/home/pilotbaz/public_html/../app-console/vendor/autoload.php' (include_path='.:/opt/alt/php81/usr/share/pear:/opt/alt/php81/usr/share/php:/usr/share/pear:/usr/share/php') in /home/pilotbaz/public_html/index.php:34
Stack trace:
#0 {main}
  thrown in /home/pilotbaz/public_html/index.php on line 34
[06-Sep-2023 09:54:32 UTC] PHP Warning:  require(/home/pilotbaz/public_html/../app-console/vendor/autoload.php): Failed to open stream: No such file or directory in /home/pilotbaz/public_html/index.php on line 34
[06-Sep-2023 09:54:32 UTC] PHP Warning:  require(/home/pilotbaz/public_html/../app-console/vendor/autoload.php): Failed to open stream: No such file or directory in /home/pilotbaz/public_html/index.php on line 34
[06-Sep-2023 09:54:32 UTC] PHP Warning:  require(/home/pilotbaz/public_html/../app-console/vendor/autoload.php): Failed to open stream: No such file or directory in /home/pilotbaz/public_html/index.php on line 34
[06-Sep-2023 09:54:32 UTC] PHP Fatal error:  Uncaught Error: Failed opening required '/home/pilotbaz/public_html/../app-console/vendor/autoload.php' (include_path='.:/opt/alt/php81/usr/share/pear:/opt/alt/php81/usr/share/php:/usr/share/pear:/usr/share/php') in /home/pilotbaz/public_html/index.php:34
Stack trace:
#0 {main}
  thrown in /home/pilotbaz/public_html/index.php on line 34
[06-Sep-2023 09:54:42 UTC] PHP Warning:  require(/home/pilotbaz/public_html/../app-console/vendor/autoload.php): Failed to open stream: No such file or directory in /home/pilotbaz/public_html/index.php on line 34
[06-Sep-2023 09:54:42 UTC] PHP Fatal error:  Uncaught Error: Failed opening required '/home/pilotbaz/public_html/../app-console/vendor/autoload.php' (include_path='.:/opt/alt/php81/usr/share/pear:/opt/alt/php81/usr/share/php:/usr/share/pear:/usr/share/php') in /home/pilotbaz/public_html/index.php:34
Stack trace:
#0 {main}
  thrown in /home/pilotbaz/public_html/index.php on line 34
[06-Sep-2023 11:11:43 UTC] PHP Warning:  require(/home/pilotbaz/public_html/../app-console/vendor/autoload.php): Failed to open stream: No such file or directory in /home/pilotbaz/public_html/index.php on line 34
[06-Sep-2023 11:11:43 UTC] PHP Warning:  require(/home/pilotbaz/public_html/../app-console/vendor/autoload.php): Failed to open stream: No such file or directory in /home/pilotbaz/public_html/index.php on line 34
[06-Sep-2023 11:11:43 UTC] PHP Warning:  require(/home/pilotbaz/public_html/../app-console/vendor/autoload.php): Failed to open stream: No such file or directory in /home/pilotbaz/public_html/index.php on line 34
[06-Sep-2023 11:11:43 UTC] PHP Fatal error:  Uncaught Error: Failed opening required '/home/pilotbaz/public_html/../app-console/vendor/autoload.php' (include_path='.:/opt/alt/php81/usr/share/pear:/opt/alt/php81/usr/share/php:/usr/share/pear:/usr/share/php') in /home/pilotbaz/public_html/index.php:34
Stack trace:
#0 {main}
  thrown in /home/pilotbaz/public_html/index.php on line 34
[06-Sep-2023 11:11:43 UTC] PHP Warning:  require(/home/pilotbaz/public_html/../app-console/vendor/autoload.php): Failed to open stream: No such file or directory in /home/pilotbaz/public_html/index.php on line 34
[06-Sep-2023 11:11:43 UTC] PHP Warning:  require(/home/pilotbaz/public_html/../app-console/vendor/autoload.php): Failed to open stream: No such file or directory in /home/pilotbaz/public_html/index.php on line 34
[06-Sep-2023 11:11:43 UTC] PHP Fatal error:  Uncaught Error: Failed opening required '/home/pilotbaz/public_html/../app-console/vendor/autoload.php' (include_path='.:/opt/alt/php81/usr/share/pear:/opt/alt/php81/usr/share/php:/usr/share/pear:/usr/share/php') in /home/pilotbaz/public_html/index.php:34
Stack trace:
#0 {main}
  thrown in /home/pilotbaz/public_html/index.php on line 34
[06-Sep-2023 11:11:43 UTC] PHP Warning:  require(/home/pilotbaz/public_html/../app-console/vendor/autoload.php): Failed to open stream: No such file or directory in /home/pilotbaz/public_html/index.php on line 34
[06-Sep-2023 11:11:43 UTC] PHP Warning:  require(/home/pilotbaz/public_html/../app-console/vendor/autoload.php): Failed to open stream: No such file or directory in /home/pilotbaz/public_html/index.php on line 34
[06-Sep-2023 11:11:43 UTC] PHP Fatal error:  Uncaught Error: Failed opening required '/home/pilotbaz/public_html/../app-console/vendor/autoload.php' (include_path='.:/opt/alt/php81/usr/share/pear:/opt/alt/php81/usr/share/php:/usr/share/pear:/usr/share/php') in /home/pilotbaz/public_html/index.php:34
Stack trace:
#0 {main}
  thrown in /home/pilotbaz/public_html/index.php on line 34
[06-Sep-2023 11:11:53 UTC] PHP Warning:  require(/home/pilotbaz/public_html/../app-console/vendor/autoload.php): Failed to open stream: No such file or directory in /home/pilotbaz/public_html/index.php on line 34
[06-Sep-2023 11:11:53 UTC] PHP Fatal error:  Uncaught Error: Failed opening required '/home/pilotbaz/public_html/../app-console/vendor/autoload.php' (include_path='.:/opt/alt/php81/usr/share/pear:/opt/alt/php81/usr/share/php:/usr/share/pear:/usr/share/php') in /home/pilotbaz/public_html/index.php:34
Stack trace:
#0 {main}
  thrown in /home/pilotbaz/public_html/index.php on line 34
[06-Sep-2023 11:14:01 UTC] PHP Warning:  require(/home/pilotbaz/public_html/../app-console/vendor/autoload.php): Failed to open stream: No such file or directory in /home/pilotbaz/public_html/index.php on line 34
[06-Sep-2023 11:14:02 UTC] PHP Warning:  require(/home/pilotbaz/public_html/../app-console/vendor/autoload.php): Failed to open stream: No such file or directory in /home/pilotbaz/public_html/index.php on line 34
[06-Sep-2023 11:14:02 UTC] PHP Warning:  require(/home/pilotbaz/public_html/../app-console/vendor/autoload.php): Failed to open stream: No such file or directory in /home/pilotbaz/public_html/index.php on line 34
[06-Sep-2023 11:14:02 UTC] PHP Fatal error:  Uncaught Error: Failed opening required '/home/pilotbaz/public_html/../app-console/vendor/autoload.php' (include_path='.:/opt/alt/php81/usr/share/pear:/opt/alt/php81/usr/share/php:/usr/share/pear:/usr/share/php') in /home/pilotbaz/public_html/index.php:34
Stack trace:
#0 {main}
  thrown in /home/pilotbaz/public_html/index.php on line 34
[06-Sep-2023 11:14:06 UTC] PHP Warning:  require(/home/pilotbaz/public_html/../app-console/vendor/autoload.php): Failed to open stream: No such file or directory in /home/pilotbaz/public_html/index.php on line 34
[06-Sep-2023 11:14:06 UTC] PHP Warning:  require(/home/pilotbaz/public_html/../app-console/vendor/autoload.php): Failed to open stream: No such file or directory in /home/pilotbaz/public_html/index.php on line 34
[06-Sep-2023 11:14:06 UTC] PHP Fatal error:  Uncaught Error: Failed opening required '/home/pilotbaz/public_html/../app-console/vendor/autoload.php' (include_path='.:/opt/alt/php81/usr/share/pear:/opt/alt/php81/usr/share/php:/usr/share/pear:/usr/share/php') in /home/pilotbaz/public_html/index.php:34
Stack trace:
#0 {main}
  thrown in /home/pilotbaz/public_html/index.php on line 34
[06-Sep-2023 11:14:11 UTC] PHP Warning:  require(/home/pilotbaz/public_html/../app-console/vendor/autoload.php): Failed to open stream: No such file or directory in /home/pilotbaz/public_html/index.php on line 34
[06-Sep-2023 11:14:21 UTC] PHP Fatal error:  Uncaught Error: Failed opening required '/home/pilotbaz/public_html/../app-console/vendor/autoload.php' (include_path='.:/opt/alt/php81/usr/share/pear:/opt/alt/php81/usr/share/php:/usr/share/pear:/usr/share/php') in /home/pilotbaz/public_html/index.php:34
Stack trace:
#0 {main}
  thrown in /home/pilotbaz/public_html/index.php on line 34
[13-Sep-2023 09:08:00 UTC] PHP Warning:  require(/home/pilotbaz/public_html/../app-console/vendor/autoload.php): Failed to open stream: No such file or directory in /home/pilotbaz/public_html/index.php on line 34
[13-Sep-2023 09:08:00 UTC] PHP Warning:  require(/home/pilotbaz/public_html/../app-console/vendor/autoload.php): Failed to open stream: No such file or directory in /home/pilotbaz/public_html/index.php on line 34
[13-Sep-2023 09:08:00 UTC] PHP Fatal error:  Uncaught Error: Failed opening required '/home/pilotbaz/public_html/../app-console/vendor/autoload.php' (include_path='.:/opt/alt/php81/usr/share/pear:/opt/alt/php81/usr/share/php:/usr/share/pear:/usr/share/php') in /home/pilotbaz/public_html/index.php:34
Stack trace:
#0 {main}
  thrown in /home/pilotbaz/public_html/index.php on line 34
[02-Oct-2023 14:45:42 UTC] PHP Fatal error:  Uncaught ReflectionException: Class "config" does not exist in /home/pilotba1/app-console/vendor/laravel/framework/src/Illuminate/Container/Container.php:912
Stack trace:
#0 /home/pilotba1/app-console/vendor/laravel/framework/src/Illuminate/Container/Container.php(912): ReflectionClass->__construct('config')
#1 /home/pilotba1/app-console/vendor/laravel/framework/src/Illuminate/Container/Container.php(795): Illuminate\Container\Container->build('config')
#2 /home/pilotba1/app-console/vendor/laravel/framework/src/Illuminate/Foundation/Application.php(933): Illuminate\Container\Container->resolve('config', Array, true)
#3 /home/pilotba1/app-console/vendor/laravel/framework/src/Illuminate/Container/Container.php(731): Illuminate\Foundation\Application->resolve('config', Array)
#4 /home/pilotba1/app-console/vendor/laravel/framework/src/Illuminate/Foundation/Application.php(918): Illuminate\Container\Container->make('config', Array)
#5 /home/pilotba1/app-console/vendor/laravel/framework/src/Illuminate/Container/Container.php(1454): Illuminate\Foundation\Application->make('config')
#6 /home/pilotba1/app-console/vendor/laravel/framework/src/Illuminate/Log/LogManager.php(544): Illuminate\Container\Container->offsetGet('config')
#7 /home/pilotba1/app-console/vendor/laravel/framework/src/Illuminate/Log/LogManager.php(595): Illuminate\Log\LogManager->getDefaultDriver()
#8 /home/pilotba1/app-console/vendor/laravel/framework/src/Illuminate/Log/LogManager.php(124): Illuminate\Log\LogManager->parseDriver(NULL)
#9 /home/pilotba1/app-console/vendor/laravel/framework/src/Illuminate/Log/LogManager.php(665): Illuminate\Log\LogManager->driver()
#10 /home/pilotba1/app-console/vendor/laravel/framework/src/Illuminate/Foundation/Exceptions/Handler.php(287): Illuminate\Log\LogManager->error('Call to undefin...', Array)
#11 /home/pilotba1/app-console/vendor/laravel/framework/src/Illuminate/Foundation/Exceptions/Handler.php(250): Illuminate\Foundation\Exceptions\Handler->reportThrowable(Object(Error))
#12 /home/pilotba1/app-console/vendor/laravel/framework/src/Illuminate/Foundation/Http/Kernel.php(497): Illuminate\Foundation\Exceptions\Handler->report(Object(Error))
#13 /home/pilotba1/app-console/vendor/laravel/framework/src/Illuminate/Foundation/Http/Kernel.php(146): Illuminate\Foundation\Http\Kernel->reportException(Object(Error))
#14 /home/pilotba1/public_html/index.php(51): Illuminate\Foundation\Http\Kernel->handle(Object(Illuminate\Http\Request))
#15 {main}

Next Illuminate\Contracts\Container\BindingResolutionException: Target class [config] does not exist. in /home/pilotba1/app-console/vendor/laravel/framework/src/Illuminate/Container/Container.php:914
Stack trace:
#0 /home/pilotba1/app-console/vendor/laravel/framework/src/Illuminate/Container/Container.php(795): Illuminate\Container\Container->build('config')
#1 /home/pilotba1/app-console/vendor/laravel/framework/src/Illuminate/Foundation/Application.php(933): Illuminate\Container\Container->resolve('config', Array, true)
#2 /home/pilotba1/app-console/vendor/laravel/framework/src/Illuminate/Container/Container.php(731): Illuminate\Foundation\Application->resolve('config', Array)
#3 /home/pilotba1/app-console/vendor/laravel/framework/src/Illuminate/Foundation/Application.php(918): Illuminate\Container\Container->make('config', Array)
#4 /home/pilotba1/app-console/vendor/laravel/framework/src/Illuminate/Container/Container.php(1454): Illuminate\Foundation\Application->make('config')
#5 /home/pilotba1/app-console/vendor/laravel/framework/src/Illuminate/Log/LogManager.php(544): Illuminate\Container\Container->offsetGet('config')
#6 /home/pilotba1/app-console/vendor/laravel/framework/src/Illuminate/Log/LogManager.php(595): Illuminate\Log\LogManager->getDefaultDriver()
#7 /home/pilotba1/app-console/vendor/laravel/framework/src/Illuminate/Log/LogManager.php(124): Illuminate\Log\LogManager->parseDriver(NULL)
#8 /home/pilotba1/app-console/vendor/laravel/framework/src/Illuminate/Log/LogManager.php(665): Illuminate\Log\LogManager->driver()
#9 /home/pilotba1/app-console/vendor/laravel/framework/src/Illuminate/Foundation/Exceptions/Handler.php(287): Illuminate\Log\LogManager->error('Call to undefin...', Array)
#10 /home/pilotba1/app-console/vendor/laravel/framework/src/Illuminate/Foundation/Exceptions/Handler.php(250): Illuminate\Foundation\Exceptions\Handler->reportThrowable(Object(Error))
#11 /home/pilotba1/app-console/vendor/laravel/framework/src/Illuminate/Foundation/Http/Kernel.php(497): Illuminate\Foundation\Exceptions\Handler->report(Object(Error))
#12 /home/pilotba1/app-console/vendor/laravel/framework/src/Illuminate/Foundation/Http/Kernel.php(146): Illuminate\Foundation\Http\Kernel->reportException(Object(Error))
#13 /home/pilotba1/public_html/index.php(51): Illuminate\Foundation\Http\Kernel->handle(Object(Illuminate\Http\Request))
#14 {main}
  thrown in /home/pilotba1/app-console/vendor/laravel/framework/src/Illuminate/Container/Container.php on line 914
[02-Oct-2023 14:45:47 UTC] PHP Fatal error:  Uncaught ReflectionException: Class "config" does not exist in /home/pilotba1/app-console/vendor/laravel/framework/src/Illuminate/Container/Container.php:912
Stack trace:
#0 /home/pilotba1/app-console/vendor/laravel/framework/src/Illuminate/Container/Container.php(912): ReflectionClass->__construct('config')
#1 /home/pilotba1/app-console/vendor/laravel/framework/src/Illuminate/Container/Container.php(795): Illuminate\Container\Container->build('config')
#2 /home/pilotba1/app-console/vendor/laravel/framework/src/Illuminate/Foundation/Application.php(933): Illuminate\Container\Container->resolve('config', Array, true)
#3 /home/pilotba1/app-console/vendor/laravel/framework/src/Illuminate/Container/Container.php(731): Illuminate\Foundation\Application->resolve('config', Array)
#4 /home/pilotba1/app-console/vendor/laravel/framework/src/Illuminate/Foundation/Application.php(918): Illuminate\Container\Container->make('config', Array)
#5 /home/pilotba1/app-console/vendor/laravel/framework/src/Illuminate/Container/Container.php(1454): Illuminate\Foundation\Application->make('config')
#6 /home/pilotba1/app-console/vendor/laravel/framework/src/Illuminate/Log/LogManager.php(544): Illuminate\Container\Container->offsetGet('config')
#7 /home/pilotba1/app-console/vendor/laravel/framework/src/Illuminate/Log/LogManager.php(595): Illuminate\Log\LogManager->getDefaultDriver()
#8 /home/pilotba1/app-console/vendor/laravel/framework/src/Illuminate/Log/LogManager.php(124): Illuminate\Log\LogManager->parseDriver(NULL)
#9 /home/pilotba1/app-console/vendor/laravel/framework/src/Illuminate/Log/LogManager.php(665): Illuminate\Log\LogManager->driver()
#10 /home/pilotba1/app-console/vendor/laravel/framework/src/Illuminate/Foundation/Exceptions/Handler.php(287): Illuminate\Log\LogManager->error('Call to undefin...', Array)
#11 /home/pilotba1/app-console/vendor/laravel/framework/src/Illuminate/Foundation/Exceptions/Handler.php(250): Illuminate\Foundation\Exceptions\Handler->reportThrowable(Object(Error))
#12 /home/pilotba1/app-console/vendor/laravel/framework/src/Illuminate/Foundation/Http/Kernel.php(497): Illuminate\Foundation\Exceptions\Handler->report(Object(Error))
#13 /home/pilotba1/app-console/vendor/laravel/framework/src/Illuminate/Foundation/Http/Kernel.php(146): Illuminate\Foundation\Http\Kernel->reportException(Object(Error))
#14 /home/pilotba1/public_html/index.php(51): Illuminate\Foundation\Http\Kernel->handle(Object(Illuminate\Http\Request))
#15 {main}

Next Illuminate\Contracts\Container\BindingResolutionException: Target class [config] does not exist. in /home/pilotba1/app-console/vendor/laravel/framework/src/Illuminate/Container/Container.php:914
Stack trace:
#0 /home/pilotba1/app-console/vendor/laravel/framework/src/Illuminate/Container/Container.php(795): Illuminate\Container\Container->build('config')
#1 /home/pilotba1/app-console/vendor/laravel/framework/src/Illuminate/Foundation/Application.php(933): Illuminate\Container\Container->resolve('config', Array, true)
#2 /home/pilotba1/app-console/vendor/laravel/framework/src/Illuminate/Container/Container.php(731): Illuminate\Foundation\Application->resolve('config', Array)
#3 /home/pilotba1/app-console/vendor/laravel/framework/src/Illuminate/Foundation/Application.php(918): Illuminate\Container\Container->make('config', Array)
#4 /home/pilotba1/app-console/vendor/laravel/framework/src/Illuminate/Container/Container.php(1454): Illuminate\Foundation\Application->make('config')
#5 /home/pilotba1/app-console/vendor/laravel/framework/src/Illuminate/Log/LogManager.php(544): Illuminate\Container\Container->offsetGet('config')
#6 /home/pilotba1/app-console/vendor/laravel/framework/src/Illuminate/Log/LogManager.php(595): Illuminate\Log\LogManager->getDefaultDriver()
#7 /home/pilotba1/app-console/vendor/laravel/framework/src/Illuminate/Log/LogManager.php(124): Illuminate\Log\LogManager->parseDriver(NULL)
#8 /home/pilotba1/app-console/vendor/laravel/framework/src/Illuminate/Log/LogManager.php(665): Illuminate\Log\LogManager->driver()
#9 /home/pilotba1/app-console/vendor/laravel/framework/src/Illuminate/Foundation/Exceptions/Handler.php(287): Illuminate\Log\LogManager->error('Call to undefin...', Array)
#10 /home/pilotba1/app-console/vendor/laravel/framework/src/Illuminate/Foundation/Exceptions/Handler.php(250): Illuminate\Foundation\Exceptions\Handler->reportThrowable(Object(Error))
#11 /home/pilotba1/app-console/vendor/laravel/framework/src/Illuminate/Foundation/Http/Kernel.php(497): Illuminate\Foundation\Exceptions\Handler->report(Object(Error))
#12 /home/pilotba1/app-console/vendor/laravel/framework/src/Illuminate/Foundation/Http/Kernel.php(146): Illuminate\Foundation\Http\Kernel->reportException(Object(Error))
#13 /home/pilotba1/public_html/index.php(51): Illuminate\Foundation\Http\Kernel->handle(Object(Illuminate\Http\Request))
#14 {main}
  thrown in /home/pilotba1/app-console/vendor/laravel/framework/src/Illuminate/Container/Container.php on line 914
[02-Oct-2023 14:45:50 UTC] PHP Fatal error:  Uncaught ReflectionException: Class "config" does not exist in /home/pilotba1/app-console/vendor/laravel/framework/src/Illuminate/Container/Container.php:912
Stack trace:
#0 /home/pilotba1/app-console/vendor/laravel/framework/src/Illuminate/Container/Container.php(912): ReflectionClass->__construct('config')
#1 /home/pilotba1/app-console/vendor/laravel/framework/src/Illuminate/Container/Container.php(795): Illuminate\Container\Container->build('config')
#2 /home/pilotba1/app-console/vendor/laravel/framework/src/Illuminate/Foundation/Application.php(933): Illuminate\Container\Container->resolve('config', Array, true)
#3 /home/pilotba1/app-console/vendor/laravel/framework/src/Illuminate/Container/Container.php(731): Illuminate\Foundation\Application->resolve('config', Array)
#4 /home/pilotba1/app-console/vendor/laravel/framework/src/Illuminate/Foundation/Application.php(918): Illuminate\Container\Container->make('config', Array)
#5 /home/pilotba1/app-console/vendor/laravel/framework/src/Illuminate/Container/Container.php(1454): Illuminate\Foundation\Application->make('config')
#6 /home/pilotba1/app-console/vendor/laravel/framework/src/Illuminate/Log/LogManager.php(544): Illuminate\Container\Container->offsetGet('config')
#7 /home/pilotba1/app-console/vendor/laravel/framework/src/Illuminate/Log/LogManager.php(595): Illuminate\Log\LogManager->getDefaultDriver()
#8 /home/pilotba1/app-console/vendor/laravel/framework/src/Illuminate/Log/LogManager.php(124): Illuminate\Log\LogManager->parseDriver(NULL)
#9 /home/pilotba1/app-console/vendor/laravel/framework/src/Illuminate/Log/LogManager.php(665): Illuminate\Log\LogManager->driver()
#10 /home/pilotba1/app-console/vendor/laravel/framework/src/Illuminate/Foundation/Exceptions/Handler.php(287): Illuminate\Log\LogManager->error('Call to undefin...', Array)
#11 /home/pilotba1/app-console/vendor/laravel/framework/src/Illuminate/Foundation/Exceptions/Handler.php(250): Illuminate\Foundation\Exceptions\Handler->reportThrowable(Object(Error))
#12 /home/pilotba1/app-console/vendor/laravel/framework/src/Illuminate/Foundation/Http/Kernel.php(497): Illuminate\Foundation\Exceptions\Handler->report(Object(Error))
#13 /home/pilotba1/app-console/vendor/laravel/framework/src/Illuminate/Foundation/Http/Kernel.php(146): Illuminate\Foundation\Http\Kernel->reportException(Object(Error))
#14 /home/pilotba1/public_html/index.php(51): Illuminate\Foundation\Http\Kernel->handle(Object(Illuminate\Http\Request))
#15 {main}

Next Illuminate\Contracts\Container\BindingResolutionException: Target class [config] does not exist. in /home/pilotba1/app-console/vendor/laravel/framework/src/Illuminate/Container/Container.php:914
Stack trace:
#0 /home/pilotba1/app-console/vendor/laravel/framework/src/Illuminate/Container/Container.php(795): Illuminate\Container\Container->build('config')
#1 /home/pilotba1/app-console/vendor/laravel/framework/src/Illuminate/Foundation/Application.php(933): Illuminate\Container\Container->resolve('config', Array, true)
#2 /home/pilotba1/app-console/vendor/laravel/framework/src/Illuminate/Container/Container.php(731): Illuminate\Foundation\Application->resolve('config', Array)
#3 /home/pilotba1/app-console/vendor/laravel/framework/src/Illuminate/Foundation/Application.php(918): Illuminate\Container\Container->make('config', Array)
#4 /home/pilotba1/app-console/vendor/laravel/framework/src/Illuminate/Container/Container.php(1454): Illuminate\Foundation\Application->make('config')
#5 /home/pilotba1/app-console/vendor/laravel/framework/src/Illuminate/Log/LogManager.php(544): Illuminate\Container\Container->offsetGet('config')
#6 /home/pilotba1/app-console/vendor/laravel/framework/src/Illuminate/Log/LogManager.php(595): Illuminate\Log\LogManager->getDefaultDriver()
#7 /home/pilotba1/app-console/vendor/laravel/framework/src/Illuminate/Log/LogManager.php(124): Illuminate\Log\LogManager->parseDriver(NULL)
#8 /home/pilotba1/app-console/vendor/laravel/framework/src/Illuminate/Log/LogManager.php(665): Illuminate\Log\LogManager->driver()
#9 /home/pilotba1/app-console/vendor/laravel/framework/src/Illuminate/Foundation/Exceptions/Handler.php(287): Illuminate\Log\LogManager->error('Call to undefin...', Array)
#10 /home/pilotba1/app-console/vendor/laravel/framework/src/Illuminate/Foundation/Exceptions/Handler.php(250): Illuminate\Foundation\Exceptions\Handler->reportThrowable(Object(Error))
#11 /home/pilotba1/app-console/vendor/laravel/framework/src/Illuminate/Foundation/Http/Kernel.php(497): Illuminate\Foundation\Exceptions\Handler->report(Object(Error))
#12 /home/pilotba1/app-console/vendor/laravel/framework/src/Illuminate/Foundation/Http/Kernel.php(146): Illuminate\Foundation\Http\Kernel->reportException(Object(Error))
#13 /home/pilotba1/public_html/index.php(51): Illuminate\Foundation\Http\Kernel->handle(Object(Illuminate\Http\Request))
#14 {main}
  thrown in /home/pilotba1/app-console/vendor/laravel/framework/src/Illuminate/Container/Container.php on line 914
[02-Oct-2023 14:45:52 UTC] PHP Fatal error:  Uncaught ReflectionException: Class "config" does not exist in /home/pilotba1/app-console/vendor/laravel/framework/src/Illuminate/Container/Container.php:912
Stack trace:
#0 /home/pilotba1/app-console/vendor/laravel/framework/src/Illuminate/Container/Container.php(912): ReflectionClass->__construct('config')
#1 /home/pilotba1/app-console/vendor/laravel/framework/src/Illuminate/Container/Container.php(795): Illuminate\Container\Container->build('config')
#2 /home/pilotba1/app-console/vendor/laravel/framework/src/Illuminate/Foundation/Application.php(933): Illuminate\Container\Container->resolve('config', Array, true)
#3 /home/pilotba1/app-console/vendor/laravel/framework/src/Illuminate/Container/Container.php(731): Illuminate\Foundation\Application->resolve('config', Array)
#4 /home/pilotba1/app-console/vendor/laravel/framework/src/Illuminate/Foundation/Application.php(918): Illuminate\Container\Container->make('config', Array)
#5 /home/pilotba1/app-console/vendor/laravel/framework/src/Illuminate/Container/Container.php(1454): Illuminate\Foundation\Application->make('config')
#6 /home/pilotba1/app-console/vendor/laravel/framework/src/Illuminate/Log/LogManager.php(544): Illuminate\Container\Container->offsetGet('config')
#7 /home/pilotba1/app-console/vendor/laravel/framework/src/Illuminate/Log/LogManager.php(595): Illuminate\Log\LogManager->getDefaultDriver()
#8 /home/pilotba1/app-console/vendor/laravel/framework/src/Illuminate/Log/LogManager.php(124): Illuminate\Log\LogManager->parseDriver(NULL)
#9 /home/pilotba1/app-console/vendor/laravel/framework/src/Illuminate/Log/LogManager.php(665): Illuminate\Log\LogManager->driver()
#10 /home/pilotba1/app-console/vendor/laravel/framework/src/Illuminate/Foundation/Exceptions/Handler.php(287): Illuminate\Log\LogManager->error('Call to undefin...', Array)
#11 /home/pilotba1/app-console/vendor/laravel/framework/src/Illuminate/Foundation/Exceptions/Handler.php(250): Illuminate\Foundation\Exceptions\Handler->reportThrowable(Object(Error))
#12 /home/pilotba1/app-console/vendor/laravel/framework/src/Illuminate/Foundation/Http/Kernel.php(497): Illuminate\Foundation\Exceptions\Handler->report(Object(Error))
#13 /home/pilotba1/app-console/vendor/laravel/framework/src/Illuminate/Foundation/Http/Kernel.php(146): Illuminate\Foundation\Http\Kernel->reportException(Object(Error))
#14 /home/pilotba1/public_html/index.php(51): Illuminate\Foundation\Http\Kernel->handle(Object(Illuminate\Http\Request))
#15 {main}

Next Illuminate\Contracts\Container\BindingResolutionException: Target class [config] does not exist. in /home/pilotba1/app-console/vendor/laravel/framework/src/Illuminate/Container/Container.php:914
Stack trace:
#0 /home/pilotba1/app-console/vendor/laravel/framework/src/Illuminate/Container/Container.php(795): Illuminate\Container\Container->build('config')
#1 /home/pilotba1/app-console/vendor/laravel/framework/src/Illuminate/Foundation/Application.php(933): Illuminate\Container\Container->resolve('config', Array, true)
#2 /home/pilotba1/app-console/vendor/laravel/framework/src/Illuminate/Container/Container.php(731): Illuminate\Foundation\Application->resolve('config', Array)
#3 /home/pilotba1/app-console/vendor/laravel/framework/src/Illuminate/Foundation/Application.php(918): Illuminate\Container\Container->make('config', Array)
#4 /home/pilotba1/app-console/vendor/laravel/framework/src/Illuminate/Container/Container.php(1454): Illuminate\Foundation\Application->make('config')
#5 /home/pilotba1/app-console/vendor/laravel/framework/src/Illuminate/Log/LogManager.php(544): Illuminate\Container\Container->offsetGet('config')
#6 /home/pilotba1/app-console/vendor/laravel/framework/src/Illuminate/Log/LogManager.php(595): Illuminate\Log\LogManager->getDefaultDriver()
#7 /home/pilotba1/app-console/vendor/laravel/framework/src/Illuminate/Log/LogManager.php(124): Illuminate\Log\LogManager->parseDriver(NULL)
#8 /home/pilotba1/app-console/vendor/laravel/framework/src/Illuminate/Log/LogManager.php(665): Illuminate\Log\LogManager->driver()
#9 /home/pilotba1/app-console/vendor/laravel/framework/src/Illuminate/Foundation/Exceptions/Handler.php(287): Illuminate\Log\LogManager->error('Call to undefin...', Array)
#10 /home/pilotba1/app-console/vendor/laravel/framework/src/Illuminate/Foundation/Exceptions/Handler.php(250): Illuminate\Foundation\Exceptions\Handler->reportThrowable(Object(Error))
#11 /home/pilotba1/app-console/vendor/laravel/framework/src/Illuminate/Foundation/Http/Kernel.php(497): Illuminate\Foundation\Exceptions\Handler->report(Object(Error))
#12 /home/pilotba1/app-console/vendor/laravel/framework/src/Illuminate/Foundation/Http/Kernel.php(146): Illuminate\Foundation\Http\Kernel->reportException(Object(Error))
#13 /home/pilotba1/public_html/index.php(51): Illuminate\Foundation\Http\Kernel->handle(Object(Illuminate\Http\Request))
#14 {main}
  thrown in /home/pilotba1/app-console/vendor/laravel/framework/src/Illuminate/Container/Container.php on line 914
[02-Oct-2023 14:45:54 UTC] PHP Fatal error:  Uncaught ReflectionException: Class "config" does not exist in /home/pilotba1/app-console/vendor/laravel/framework/src/Illuminate/Container/Container.php:912
Stack trace:
#0 /home/pilotba1/app-console/vendor/laravel/framework/src/Illuminate/Container/Container.php(912): ReflectionClass->__construct('config')
#1 /home/pilotba1/app-console/vendor/laravel/framework/src/Illuminate/Container/Container.php(795): Illuminate\Container\Container->build('config')
#2 /home/pilotba1/app-console/vendor/laravel/framework/src/Illuminate/Foundation/Application.php(933): Illuminate\Container\Container->resolve('config', Array, true)
#3 /home/pilotba1/app-console/vendor/laravel/framework/src/Illuminate/Container/Container.php(731): Illuminate\Foundation\Application->resolve('config', Array)
#4 /home/pilotba1/app-console/vendor/laravel/framework/src/Illuminate/Foundation/Application.php(918): Illuminate\Container\Container->make('config', Array)
#5 /home/pilotba1/app-console/vendor/laravel/framework/src/Illuminate/Container/Container.php(1454): Illuminate\Foundation\Application->make('config')
#6 /home/pilotba1/app-console/vendor/laravel/framework/src/Illuminate/Log/LogManager.php(544): Illuminate\Container\Container->offsetGet('config')
#7 /home/pilotba1/app-console/vendor/laravel/framework/src/Illuminate/Log/LogManager.php(595): Illuminate\Log\LogManager->getDefaultDriver()
#8 /home/pilotba1/app-console/vendor/laravel/framework/src/Illuminate/Log/LogManager.php(124): Illuminate\Log\LogManager->parseDriver(NULL)
#9 /home/pilotba1/app-console/vendor/laravel/framework/src/Illuminate/Log/LogManager.php(665): Illuminate\Log\LogManager->driver()
#10 /home/pilotba1/app-console/vendor/laravel/framework/src/Illuminate/Foundation/Exceptions/Handler.php(287): Illuminate\Log\LogManager->error('Call to undefin...', Array)
#11 /home/pilotba1/app-console/vendor/laravel/framework/src/Illuminate/Foundation/Exceptions/Handler.php(250): Illuminate\Foundation\Exceptions\Handler->reportThrowable(Object(Error))
#12 /home/pilotba1/app-console/vendor/laravel/framework/src/Illuminate/Foundation/Http/Kernel.php(497): Illuminate\Foundation\Exceptions\Handler->report(Object(Error))
#13 /home/pilotba1/app-console/vendor/laravel/framework/src/Illuminate/Foundation/Http/Kernel.php(146): Illuminate\Foundation\Http\Kernel->reportException(Object(Error))
#14 /home/pilotba1/public_html/index.php(51): Illuminate\Foundation\Http\Kernel->handle(Object(Illuminate\Http\Request))
#15 {main}

Next Illuminate\Contracts\Container\BindingResolutionException: Target class [config] does not exist. in /home/pilotba1/app-console/vendor/laravel/framework/src/Illuminate/Container/Container.php:914
Stack trace:
#0 /home/pilotba1/app-console/vendor/laravel/framework/src/Illuminate/Container/Container.php(795): Illuminate\Container\Container->build('config')
#1 /home/pilotba1/app-console/vendor/laravel/framework/src/Illuminate/Foundation/Application.php(933): Illuminate\Container\Container->resolve('config', Array, true)
#2 /home/pilotba1/app-console/vendor/laravel/framework/src/Illuminate/Container/Container.php(731): Illuminate\Foundation\Application->resolve('config', Array)
#3 /home/pilotba1/app-console/vendor/laravel/framework/src/Illuminate/Foundation/Application.php(918): Illuminate\Container\Container->make('config', Array)
#4 /home/pilotba1/app-console/vendor/laravel/framework/src/Illuminate/Container/Container.php(1454): Illuminate\Foundation\Application->make('config')
#5 /home/pilotba1/app-console/vendor/laravel/framework/src/Illuminate/Log/LogManager.php(544): Illuminate\Container\Container->offsetGet('config')
#6 /home/pilotba1/app-console/vendor/laravel/framework/src/Illuminate/Log/LogManager.php(595): Illuminate\Log\LogManager->getDefaultDriver()
#7 /home/pilotba1/app-console/vendor/laravel/framework/src/Illuminate/Log/LogManager.php(124): Illuminate\Log\LogManager->parseDriver(NULL)
#8 /home/pilotba1/app-console/vendor/laravel/framework/src/Illuminate/Log/LogManager.php(665): Illuminate\Log\LogManager->driver()
#9 /home/pilotba1/app-console/vendor/laravel/framework/src/Illuminate/Foundation/Exceptions/Handler.php(287): Illuminate\Log\LogManager->error('Call to undefin...', Array)
#10 /home/pilotba1/app-console/vendor/laravel/framework/src/Illuminate/Foundation/Exceptions/Handler.php(250): Illuminate\Foundation\Exceptions\Handler->reportThrowable(Object(Error))
#11 /home/pilotba1/app-console/vendor/laravel/framework/src/Illuminate/Foundation/Http/Kernel.php(497): Illuminate\Foundation\Exceptions\Handler->report(Object(Error))
#12 /home/pilotba1/app-console/vendor/laravel/framework/src/Illuminate/Foundation/Http/Kernel.php(146): Illuminate\Foundation\Http\Kernel->reportException(Object(Error))
#13 /home/pilotba1/public_html/index.php(51): Illuminate\Foundation\Http\Kernel->handle(Object(Illuminate\Http\Request))
#14 {main}
  thrown in /home/pilotba1/app-console/vendor/laravel/framework/src/Illuminate/Container/Container.php on line 914
[02-Oct-2023 14:46:08 UTC] PHP Fatal error:  Uncaught ReflectionException: Class "config" does not exist in /home/pilotba1/app-console/vendor/laravel/framework/src/Illuminate/Container/Container.php:912
Stack trace:
#0 /home/pilotba1/app-console/vendor/laravel/framework/src/Illuminate/Container/Container.php(912): ReflectionClass->__construct('config')
#1 /home/pilotba1/app-console/vendor/laravel/framework/src/Illuminate/Container/Container.php(795): Illuminate\Container\Container->build('config')
#2 /home/pilotba1/app-console/vendor/laravel/framework/src/Illuminate/Foundation/Application.php(933): Illuminate\Container\Container->resolve('config', Array, true)
#3 /home/pilotba1/app-console/vendor/laravel/framework/src/Illuminate/Container/Container.php(731): Illuminate\Foundation\Application->resolve('config', Array)
#4 /home/pilotba1/app-console/vendor/laravel/framework/src/Illuminate/Foundation/Application.php(918): Illuminate\Container\Container->make('config', Array)
#5 /home/pilotba1/app-console/vendor/laravel/framework/src/Illuminate/Container/Container.php(1454): Illuminate\Foundation\Application->make('config')
#6 /home/pilotba1/app-console/vendor/laravel/framework/src/Illuminate/Log/LogManager.php(544): Illuminate\Container\Container->offsetGet('config')
#7 /home/pilotba1/app-console/vendor/laravel/framework/src/Illuminate/Log/LogManager.php(595): Illuminate\Log\LogManager->getDefaultDriver()
#8 /home/pilotba1/app-console/vendor/laravel/framework/src/Illuminate/Log/LogManager.php(124): Illuminate\Log\LogManager->parseDriver(NULL)
#9 /home/pilotba1/app-console/vendor/laravel/framework/src/Illuminate/Log/LogManager.php(665): Illuminate\Log\LogManager->driver()
#10 /home/pilotba1/app-console/vendor/laravel/framework/src/Illuminate/Foundation/Exceptions/Handler.php(287): Illuminate\Log\LogManager->error('Call to undefin...', Array)
#11 /home/pilotba1/app-console/vendor/laravel/framework/src/Illuminate/Foundation/Exceptions/Handler.php(250): Illuminate\Foundation\Exceptions\Handler->reportThrowable(Object(Error))
#12 /home/pilotba1/app-console/vendor/laravel/framework/src/Illuminate/Foundation/Http/Kernel.php(497): Illuminate\Foundation\Exceptions\Handler->report(Object(Error))
#13 /home/pilotba1/app-console/vendor/laravel/framework/src/Illuminate/Foundation/Http/Kernel.php(146): Illuminate\Foundation\Http\Kernel->reportException(Object(Error))
#14 /home/pilotba1/public_html/index.php(51): Illuminate\Foundation\Http\Kernel->handle(Object(Illuminate\Http\Request))
#15 {main}

Next Illuminate\Contracts\Container\BindingResolutionException: Target class [config] does not exist. in /home/pilotba1/app-console/vendor/laravel/framework/src/Illuminate/Container/Container.php:914
Stack trace:
#0 /home/pilotba1/app-console/vendor/laravel/framework/src/Illuminate/Container/Container.php(795): Illuminate\Container\Container->build('config')
#1 /home/pilotba1/app-console/vendor/laravel/framework/src/Illuminate/Foundation/Application.php(933): Illuminate\Container\Container->resolve('config', Array, true)
#2 /home/pilotba1/app-console/vendor/laravel/framework/src/Illuminate/Container/Container.php(731): Illuminate\Foundation\Application->resolve('config', Array)
#3 /home/pilotba1/app-console/vendor/laravel/framework/src/Illuminate/Foundation/Application.php(918): Illuminate\Container\Container->make('config', Array)
#4 /home/pilotba1/app-console/vendor/laravel/framework/src/Illuminate/Container/Container.php(1454): Illuminate\Foundation\Application->make('config')
#5 /home/pilotba1/app-console/vendor/laravel/framework/src/Illuminate/Log/LogManager.php(544): Illuminate\Container\Container->offsetGet('config')
#6 /home/pilotba1/app-console/vendor/laravel/framework/src/Illuminate/Log/LogManager.php(595): Illuminate\Log\LogManager->getDefaultDriver()
#7 /home/pilotba1/app-console/vendor/laravel/framework/src/Illuminate/Log/LogManager.php(124): Illuminate\Log\LogManager->parseDriver(NULL)
#8 /home/pilotba1/app-console/vendor/laravel/framework/src/Illuminate/Log/LogManager.php(665): Illuminate\Log\LogManager->driver()
#9 /home/pilotba1/app-console/vendor/laravel/framework/src/Illuminate/Foundation/Exceptions/Handler.php(287): Illuminate\Log\LogManager->error('Call to undefin...', Array)
#10 /home/pilotba1/app-console/vendor/laravel/framework/src/Illuminate/Foundation/Exceptions/Handler.php(250): Illuminate\Foundation\Exceptions\Handler->reportThrowable(Object(Error))
#11 /home/pilotba1/app-console/vendor/laravel/framework/src/Illuminate/Foundation/Http/Kernel.php(497): Illuminate\Foundation\Exceptions\Handler->report(Object(Error))
#12 /home/pilotba1/app-console/vendor/laravel/framework/src/Illuminate/Foundation/Http/Kernel.php(146): Illuminate\Foundation\Http\Kernel->reportException(Object(Error))
#13 /home/pilotba1/public_html/index.php(51): Illuminate\Foundation\Http\Kernel->handle(Object(Illuminate\Http\Request))
#14 {main}
  thrown in /home/pilotba1/app-console/vendor/laravel/framework/src/Illuminate/Container/Container.php on line 914
[02-Oct-2023 14:46:08 UTC] PHP Fatal error:  Uncaught ReflectionException: Class "config" does not exist in /home/pilotba1/app-console/vendor/laravel/framework/src/Illuminate/Container/Container.php:912
Stack trace:
#0 /home/pilotba1/app-console/vendor/laravel/framework/src/Illuminate/Container/Container.php(912): ReflectionClass->__construct('config')
#1 /home/pilotba1/app-console/vendor/laravel/framework/src/Illuminate/Container/Container.php(795): Illuminate\Container\Container->build('config')
#2 /home/pilotba1/app-console/vendor/laravel/framework/src/Illuminate/Foundation/Application.php(933): Illuminate\Container\Container->resolve('config', Array, true)
#3 /home/pilotba1/app-console/vendor/laravel/framework/src/Illuminate/Container/Container.php(731): Illuminate\Foundation\Application->resolve('config', Array)
#4 /home/pilotba1/app-console/vendor/laravel/framework/src/Illuminate/Foundation/Application.php(918): Illuminate\Container\Container->make('config', Array)
#5 /home/pilotba1/app-console/vendor/laravel/framework/src/Illuminate/Container/Container.php(1454): Illuminate\Foundation\Application->make('config')
#6 /home/pilotba1/app-console/vendor/laravel/framework/src/Illuminate/Log/LogManager.php(544): Illuminate\Container\Container->offsetGet('config')
#7 /home/pilotba1/app-console/vendor/laravel/framework/src/Illuminate/Log/LogManager.php(595): Illuminate\Log\LogManager->getDefaultDriver()
#8 /home/pilotba1/app-console/vendor/laravel/framework/src/Illuminate/Log/LogManager.php(124): Illuminate\Log\LogManager->parseDriver(NULL)
#9 /home/pilotba1/app-console/vendor/laravel/framework/src/Illuminate/Log/LogManager.php(665): Illuminate\Log\LogManager->driver()
#10 /home/pilotba1/app-console/vendor/laravel/framework/src/Illuminate/Foundation/Exceptions/Handler.php(287): Illuminate\Log\LogManager->error('Call to undefin...', Array)
#11 /home/pilotba1/app-console/vendor/laravel/framework/src/Illuminate/Foundation/Exceptions/Handler.php(250): Illuminate\Foundation\Exceptions\Handler->reportThrowable(Object(Error))
#12 /home/pilotba1/app-console/vendor/laravel/framework/src/Illuminate/Foundation/Http/Kernel.php(497): Illuminate\Foundation\Exceptions\Handler->report(Object(Error))
#13 /home/pilotba1/app-console/vendor/laravel/framework/src/Illuminate/Foundation/Http/Kernel.php(146): Illuminate\Foundation\Http\Kernel->reportException(Object(Error))
#14 /home/pilotba1/public_html/index.php(51): Illuminate\Foundation\Http\Kernel->handle(Object(Illuminate\Http\Request))
#15 {main}

Next Illuminate\Contracts\Container\BindingResolutionException: Target class [config] does not exist. in /home/pilotba1/app-console/vendor/laravel/framework/src/Illuminate/Container/Container.php:914
Stack trace:
#0 /home/pilotba1/app-console/vendor/laravel/framework/src/Illuminate/Container/Container.php(795): Illuminate\Container\Container->build('config')
#1 /home/pilotba1/app-console/vendor/laravel/framework/src/Illuminate/Foundation/Application.php(933): Illuminate\Container\Container->resolve('config', Array, true)
#2 /home/pilotba1/app-console/vendor/laravel/framework/src/Illuminate/Container/Container.php(731): Illuminate\Foundation\Application->resolve('config', Array)
#3 /home/pilotba1/app-console/vendor/laravel/framework/src/Illuminate/Foundation/Application.php(918): Illuminate\Container\Container->make('config', Array)
#4 /home/pilotba1/app-console/vendor/laravel/framework/src/Illuminate/Container/Container.php(1454): Illuminate\Foundation\Application->make('config')
#5 /home/pilotba1/app-console/vendor/laravel/framework/src/Illuminate/Log/LogManager.php(544): Illuminate\Container\Container->offsetGet('config')
#6 /home/pilotba1/app-console/vendor/laravel/framework/src/Illuminate/Log/LogManager.php(595): Illuminate\Log\LogManager->getDefaultDriver()
#7 /home/pilotba1/app-console/vendor/laravel/framework/src/Illuminate/Log/LogManager.php(124): Illuminate\Log\LogManager->parseDriver(NULL)
#8 /home/pilotba1/app-console/vendor/laravel/framework/src/Illuminate/Log/LogManager.php(665): Illuminate\Log\LogManager->driver()
#9 /home/pilotba1/app-console/vendor/laravel/framework/src/Illuminate/Foundation/Exceptions/Handler.php(287): Illuminate\Log\LogManager->error('Call to undefin...', Array)
#10 /home/pilotba1/app-console/vendor/laravel/framework/src/Illuminate/Foundation/Exceptions/Handler.php(250): Illuminate\Foundation\Exceptions\Handler->reportThrowable(Object(Error))
#11 /home/pilotba1/app-console/vendor/laravel/framework/src/Illuminate/Foundation/Http/Kernel.php(497): Illuminate\Foundation\Exceptions\Handler->report(Object(Error))
#12 /home/pilotba1/app-console/vendor/laravel/framework/src/Illuminate/Foundation/Http/Kernel.php(146): Illuminate\Foundation\Http\Kernel->reportException(Object(Error))
#13 /home/pilotba1/public_html/index.php(51): Illuminate\Foundation\Http\Kernel->handle(Object(Illuminate\Http\Request))
#14 {main}
  thrown in /home/pilotba1/app-console/vendor/laravel/framework/src/Illuminate/Container/Container.php on line 914
[02-Oct-2023 14:46:09 UTC] PHP Fatal error:  Uncaught ReflectionException: Class "config" does not exist in /home/pilotba1/app-console/vendor/laravel/framework/src/Illuminate/Container/Container.php:912
Stack trace:
#0 /home/pilotba1/app-console/vendor/laravel/framework/src/Illuminate/Container/Container.php(912): ReflectionClass->__construct('config')
#1 /home/pilotba1/app-console/vendor/laravel/framework/src/Illuminate/Container/Container.php(795): Illuminate\Container\Container->build('config')
#2 /home/pilotba1/app-console/vendor/laravel/framework/src/Illuminate/Foundation/Application.php(933): Illuminate\Container\Container->resolve('config', Array, true)
#3 /home/pilotba1/app-console/vendor/laravel/framework/src/Illuminate/Container/Container.php(731): Illuminate\Foundation\Application->resolve('config', Array)
#4 /home/pilotba1/app-console/vendor/laravel/framework/src/Illuminate/Foundation/Application.php(918): Illuminate\Container\Container->make('config', Array)
#5 /home/pilotba1/app-console/vendor/laravel/framework/src/Illuminate/Container/Container.php(1454): Illuminate\Foundation\Application->make('config')
#6 /home/pilotba1/app-console/vendor/laravel/framework/src/Illuminate/Log/LogManager.php(544): Illuminate\Container\Container->offsetGet('config')
#7 /home/pilotba1/app-console/vendor/laravel/framework/src/Illuminate/Log/LogManager.php(595): Illuminate\Log\LogManager->getDefaultDriver()
#8 /home/pilotba1/app-console/vendor/laravel/framework/src/Illuminate/Log/LogManager.php(124): Illuminate\Log\LogManager->parseDriver(NULL)
#9 /home/pilotba1/app-console/vendor/laravel/framework/src/Illuminate/Log/LogManager.php(665): Illuminate\Log\LogManager->driver()
#10 /home/pilotba1/app-console/vendor/laravel/framework/src/Illuminate/Foundation/Exceptions/Handler.php(287): Illuminate\Log\LogManager->error('Call to undefin...', Array)
#11 /home/pilotba1/app-console/vendor/laravel/framework/src/Illuminate/Foundation/Exceptions/Handler.php(250): Illuminate\Foundation\Exceptions\Handler->reportThrowable(Object(Error))
#12 /home/pilotba1/app-console/vendor/laravel/framework/src/Illuminate/Foundation/Http/Kernel.php(497): Illuminate\Foundation\Exceptions\Handler->report(Object(Error))
#13 /home/pilotba1/app-console/vendor/laravel/framework/src/Illuminate/Foundation/Http/Kernel.php(146): Illuminate\Foundation\Http\Kernel->reportException(Object(Error))
#14 /home/pilotba1/public_html/index.php(51): Illuminate\Foundation\Http\Kernel->handle(Object(Illuminate\Http\Request))
#15 {main}

Next Illuminate\Contracts\Container\BindingResolutionException: Target class [config] does not exist. in /home/pilotba1/app-console/vendor/laravel/framework/src/Illuminate/Container/Container.php:914
Stack trace:
#0 /home/pilotba1/app-console/vendor/laravel/framework/src/Illuminate/Container/Container.php(795): Illuminate\Container\Container->build('config')
#1 /home/pilotba1/app-console/vendor/laravel/framework/src/Illuminate/Foundation/Application.php(933): Illuminate\Container\Container->resolve('config', Array, true)
#2 /home/pilotba1/app-console/vendor/laravel/framework/src/Illuminate/Container/Container.php(731): Illuminate\Foundation\Application->resolve('config', Array)
#3 /home/pilotba1/app-console/vendor/laravel/framework/src/Illuminate/Foundation/Application.php(918): Illuminate\Container\Container->make('config', Array)
#4 /home/pilotba1/app-console/vendor/laravel/framework/src/Illuminate/Container/Container.php(1454): Illuminate\Foundation\Application->make('config')
#5 /home/pilotba1/app-console/vendor/laravel/framework/src/Illuminate/Log/LogManager.php(544): Illuminate\Container\Container->offsetGet('config')
#6 /home/pilotba1/app-console/vendor/laravel/framework/src/Illuminate/Log/LogManager.php(595): Illuminate\Log\LogManager->getDefaultDriver()
#7 /home/pilotba1/app-console/vendor/laravel/framework/src/Illuminate/Log/LogManager.php(124): Illuminate\Log\LogManager->parseDriver(NULL)
#8 /home/pilotba1/app-console/vendor/laravel/framework/src/Illuminate/Log/LogManager.php(665): Illuminate\Log\LogManager->driver()
#9 /home/pilotba1/app-console/vendor/laravel/framework/src/Illuminate/Foundation/Exceptions/Handler.php(287): Illuminate\Log\LogManager->error('Call to undefin...', Array)
#10 /home/pilotba1/app-console/vendor/laravel/framework/src/Illuminate/Foundation/Exceptions/Handler.php(250): Illuminate\Foundation\Exceptions\Handler->reportThrowable(Object(Error))
#11 /home/pilotba1/app-console/vendor/laravel/framework/src/Illuminate/Foundation/Http/Kernel.php(497): Illuminate\Foundation\Exceptions\Handler->report(Object(Error))
#12 /home/pilotba1/app-console/vendor/laravel/framework/src/Illuminate/Foundation/Http/Kernel.php(146): Illuminate\Foundation\Http\Kernel->reportException(Object(Error))
#13 /home/pilotba1/public_html/index.php(51): Illuminate\Foundation\Http\Kernel->handle(Object(Illuminate\Http\Request))
#14 {main}
  thrown in /home/pilotba1/app-console/vendor/laravel/framework/src/Illuminate/Container/Container.php on line 914
[02-Oct-2023 14:46:11 UTC] PHP Fatal error:  Uncaught ReflectionException: Class "config" does not exist in /home/pilotba1/app-console/vendor/laravel/framework/src/Illuminate/Container/Container.php:912
Stack trace:
#0 /home/pilotba1/app-console/vendor/laravel/framework/src/Illuminate/Container/Container.php(912): ReflectionClass->__construct('config')
#1 /home/pilotba1/app-console/vendor/laravel/framework/src/Illuminate/Container/Container.php(795): Illuminate\Container\Container->build('config')
#2 /home/pilotba1/app-console/vendor/laravel/framework/src/Illuminate/Foundation/Application.php(933): Illuminate\Container\Container->resolve('config', Array, true)
#3 /home/pilotba1/app-console/vendor/laravel/framework/src/Illuminate/Container/Container.php(731): Illuminate\Foundation\Application->resolve('config', Array)
#4 /home/pilotba1/app-console/vendor/laravel/framework/src/Illuminate/Foundation/Application.php(918): Illuminate\Container\Container->make('config', Array)
#5 /home/pilotba1/app-console/vendor/laravel/framework/src/Illuminate/Container/Container.php(1454): Illuminate\Foundation\Application->make('config')
#6 /home/pilotba1/app-console/vendor/laravel/framework/src/Illuminate/Log/LogManager.php(544): Illuminate\Container\Container->offsetGet('config')
#7 /home/pilotba1/app-console/vendor/laravel/framework/src/Illuminate/Log/LogManager.php(595): Illuminate\Log\LogManager->getDefaultDriver()
#8 /home/pilotba1/app-console/vendor/laravel/framework/src/Illuminate/Log/LogManager.php(124): Illuminate\Log\LogManager->parseDriver(NULL)
#9 /home/pilotba1/app-console/vendor/laravel/framework/src/Illuminate/Log/LogManager.php(665): Illuminate\Log\LogManager->driver()
#10 /home/pilotba1/app-console/vendor/laravel/framework/src/Illuminate/Foundation/Exceptions/Handler.php(287): Illuminate\Log\LogManager->error('Call to undefin...', Array)
#11 /home/pilotba1/app-console/vendor/laravel/framework/src/Illuminate/Foundation/Exceptions/Handler.php(250): Illuminate\Foundation\Exceptions\Handler->reportThrowable(Object(Error))
#12 /home/pilotba1/app-console/vendor/laravel/framework/src/Illuminate/Foundation/Http/Kernel.php(497): Illuminate\Foundation\Exceptions\Handler->report(Object(Error))
#13 /home/pilotba1/app-console/vendor/laravel/framework/src/Illuminate/Foundation/Http/Kernel.php(146): Illuminate\Foundation\Http\Kernel->reportException(Object(Error))
#14 /home/pilotba1/public_html/index.php(51): Illuminate\Foundation\Http\Kernel->handle(Object(Illuminate\Http\Request))
#15 {main}

Next Illuminate\Contracts\Container\BindingResolutionException: Target class [config] does not exist. in /home/pilotba1/app-console/vendor/laravel/framework/src/Illuminate/Container/Container.php:914
Stack trace:
#0 /home/pilotba1/app-console/vendor/laravel/framework/src/Illuminate/Container/Container.php(795): Illuminate\Container\Container->build('config')
#1 /home/pilotba1/app-console/vendor/laravel/framework/src/Illuminate/Foundation/Application.php(933): Illuminate\Container\Container->resolve('config', Array, true)
#2 /home/pilotba1/app-console/vendor/laravel/framework/src/Illuminate/Container/Container.php(731): Illuminate\Foundation\Application->resolve('config', Array)
#3 /home/pilotba1/app-console/vendor/laravel/framework/src/Illuminate/Foundation/Application.php(918): Illuminate\Container\Container->make('config', Array)
#4 /home/pilotba1/app-console/vendor/laravel/framework/src/Illuminate/Container/Container.php(1454): Illuminate\Foundation\Application->make('config')
#5 /home/pilotba1/app-console/vendor/laravel/framework/src/Illuminate/Log/LogManager.php(544): Illuminate\Container\Container->offsetGet('config')
#6 /home/pilotba1/app-console/vendor/laravel/framework/src/Illuminate/Log/LogManager.php(595): Illuminate\Log\LogManager->getDefaultDriver()
#7 /home/pilotba1/app-console/vendor/laravel/framework/src/Illuminate/Log/LogManager.php(124): Illuminate\Log\LogManager->parseDriver(NULL)
#8 /home/pilotba1/app-console/vendor/laravel/framework/src/Illuminate/Log/LogManager.php(665): Illuminate\Log\LogManager->driver()
#9 /home/pilotba1/app-console/vendor/laravel/framework/src/Illuminate/Foundation/Exceptions/Handler.php(287): Illuminate\Log\LogManager->error('Call to undefin...', Array)
#10 /home/pilotba1/app-console/vendor/laravel/framework/src/Illuminate/Foundation/Exceptions/Handler.php(250): Illuminate\Foundation\Exceptions\Handler->reportThrowable(Object(Error))
#11 /home/pilotba1/app-console/vendor/laravel/framework/src/Illuminate/Foundation/Http/Kernel.php(497): Illuminate\Foundation\Exceptions\Handler->report(Object(Error))
#12 /home/pilotba1/app-console/vendor/laravel/framework/src/Illuminate/Foundation/Http/Kernel.php(146): Illuminate\Foundation\Http\Kernel->reportException(Object(Error))
#13 /home/pilotba1/public_html/index.php(51): Illuminate\Foundation\Http\Kernel->handle(Object(Illuminate\Http\Request))
#14 {main}
  thrown in /home/pilotba1/app-console/vendor/laravel/framework/src/Illuminate/Container/Container.php on line 914
[02-Oct-2023 14:46:32 UTC] PHP Fatal error:  Uncaught ReflectionException: Class "config" does not exist in /home/pilotba1/app-console/vendor/laravel/framework/src/Illuminate/Container/Container.php:912
Stack trace:
#0 /home/pilotba1/app-console/vendor/laravel/framework/src/Illuminate/Container/Container.php(912): ReflectionClass->__construct('config')
#1 /home/pilotba1/app-console/vendor/laravel/framework/src/Illuminate/Container/Container.php(795): Illuminate\Container\Container->build('config')
#2 /home/pilotba1/app-console/vendor/laravel/framework/src/Illuminate/Foundation/Application.php(933): Illuminate\Container\Container->resolve('config', Array, true)
#3 /home/pilotba1/app-console/vendor/laravel/framework/src/Illuminate/Container/Container.php(731): Illuminate\Foundation\Application->resolve('config', Array)
#4 /home/pilotba1/app-console/vendor/laravel/framework/src/Illuminate/Foundation/Application.php(918): Illuminate\Container\Container->make('config', Array)
#5 /home/pilotba1/app-console/vendor/laravel/framework/src/Illuminate/Container/Container.php(1454): Illuminate\Foundation\Application->make('config')
#6 /home/pilotba1/app-console/vendor/laravel/framework/src/Illuminate/Log/LogManager.php(544): Illuminate\Container\Container->offsetGet('config')
#7 /home/pilotba1/app-console/vendor/laravel/framework/src/Illuminate/Log/LogManager.php(595): Illuminate\Log\LogManager->getDefaultDriver()
#8 /home/pilotba1/app-console/vendor/laravel/framework/src/Illuminate/Log/LogManager.php(124): Illuminate\Log\LogManager->parseDriver(NULL)
#9 /home/pilotba1/app-console/vendor/laravel/framework/src/Illuminate/Log/LogManager.php(665): Illuminate\Log\LogManager->driver()
#10 /home/pilotba1/app-console/vendor/laravel/framework/src/Illuminate/Foundation/Exceptions/Handler.php(287): Illuminate\Log\LogManager->error('Call to undefin...', Array)
#11 /home/pilotba1/app-console/vendor/laravel/framework/src/Illuminate/Foundation/Exceptions/Handler.php(250): Illuminate\Foundation\Exceptions\Handler->reportThrowable(Object(Error))
#12 /home/pilotba1/app-console/vendor/laravel/framework/src/Illuminate/Foundation/Http/Kernel.php(497): Illuminate\Foundation\Exceptions\Handler->report(Object(Error))
#13 /home/pilotba1/app-console/vendor/laravel/framework/src/Illuminate/Foundation/Http/Kernel.php(146): Illuminate\Foundation\Http\Kernel->reportException(Object(Error))
#14 /home/pilotba1/public_html/index.php(51): Illuminate\Foundation\Http\Kernel->handle(Object(Illuminate\Http\Request))
#15 {main}

Next Illuminate\Contracts\Container\BindingResolutionException: Target class [config] does not exist. in /home/pilotba1/app-console/vendor/laravel/framework/src/Illuminate/Container/Container.php:914
Stack trace:
#0 /home/pilotba1/app-console/vendor/laravel/framework/src/Illuminate/Container/Container.php(795): Illuminate\Container\Container->build('config')
#1 /home/pilotba1/app-console/vendor/laravel/framework/src/Illuminate/Foundation/Application.php(933): Illuminate\Container\Container->resolve('config', Array, true)
#2 /home/pilotba1/app-console/vendor/laravel/framework/src/Illuminate/Container/Container.php(731): Illuminate\Foundation\Application->resolve('config', Array)
#3 /home/pilotba1/app-console/vendor/laravel/framework/src/Illuminate/Foundation/Application.php(918): Illuminate\Container\Container->make('config', Array)
#4 /home/pilotba1/app-console/vendor/laravel/framework/src/Illuminate/Container/Container.php(1454): Illuminate\Foundation\Application->make('config')
#5 /home/pilotba1/app-console/vendor/laravel/framework/src/Illuminate/Log/LogManager.php(544): Illuminate\Container\Container->offsetGet('config')
#6 /home/pilotba1/app-console/vendor/laravel/framework/src/Illuminate/Log/LogManager.php(595): Illuminate\Log\LogManager->getDefaultDriver()
#7 /home/pilotba1/app-console/vendor/laravel/framework/src/Illuminate/Log/LogManager.php(124): Illuminate\Log\LogManager->parseDriver(NULL)
#8 /home/pilotba1/app-console/vendor/laravel/framework/src/Illuminate/Log/LogManager.php(665): Illuminate\Log\LogManager->driver()
#9 /home/pilotba1/app-console/vendor/laravel/framework/src/Illuminate/Foundation/Exceptions/Handler.php(287): Illuminate\Log\LogManager->error('Call to undefin...', Array)
#10 /home/pilotba1/app-console/vendor/laravel/framework/src/Illuminate/Foundation/Exceptions/Handler.php(250): Illuminate\Foundation\Exceptions\Handler->reportThrowable(Object(Error))
#11 /home/pilotba1/app-console/vendor/laravel/framework/src/Illuminate/Foundation/Http/Kernel.php(497): Illuminate\Foundation\Exceptions\Handler->report(Object(Error))
#12 /home/pilotba1/app-console/vendor/laravel/framework/src/Illuminate/Foundation/Http/Kernel.php(146): Illuminate\Foundation\Http\Kernel->reportException(Object(Error))
#13 /home/pilotba1/public_html/index.php(51): Illuminate\Foundation\Http\Kernel->handle(Object(Illuminate\Http\Request))
#14 {main}
  thrown in /home/pilotba1/app-console/vendor/laravel/framework/src/Illuminate/Container/Container.php on line 914
[02-Oct-2023 14:46:44 UTC] PHP Fatal error:  Uncaught ReflectionException: Class "config" does not exist in /home/pilotba1/app-console/vendor/laravel/framework/src/Illuminate/Container/Container.php:912
Stack trace:
#0 /home/pilotba1/app-console/vendor/laravel/framework/src/Illuminate/Container/Container.php(912): ReflectionClass->__construct('config')
#1 /home/pilotba1/app-console/vendor/laravel/framework/src/Illuminate/Container/Container.php(795): Illuminate\Container\Container->build('config')
#2 /home/pilotba1/app-console/vendor/laravel/framework/src/Illuminate/Foundation/Application.php(933): Illuminate\Container\Container->resolve('config', Array, true)
#3 /home/pilotba1/app-console/vendor/laravel/framework/src/Illuminate/Container/Container.php(731): Illuminate\Foundation\Application->resolve('config', Array)
#4 /home/pilotba1/app-console/vendor/laravel/framework/src/Illuminate/Foundation/Application.php(918): Illuminate\Container\Container->make('config', Array)
#5 /home/pilotba1/app-console/vendor/laravel/framework/src/Illuminate/Container/Container.php(1454): Illuminate\Foundation\Application->make('config')
#6 /home/pilotba1/app-console/vendor/laravel/framework/src/Illuminate/Log/LogManager.php(544): Illuminate\Container\Container->offsetGet('config')
#7 /home/pilotba1/app-console/vendor/laravel/framework/src/Illuminate/Log/LogManager.php(595): Illuminate\Log\LogManager->getDefaultDriver()
#8 /home/pilotba1/app-console/vendor/laravel/framework/src/Illuminate/Log/LogManager.php(124): Illuminate\Log\LogManager->parseDriver(NULL)
#9 /home/pilotba1/app-console/vendor/laravel/framework/src/Illuminate/Log/LogManager.php(665): Illuminate\Log\LogManager->driver()
#10 /home/pilotba1/app-console/vendor/laravel/framework/src/Illuminate/Foundation/Exceptions/Handler.php(287): Illuminate\Log\LogManager->error('Call to undefin...', Array)
#11 /home/pilotba1/app-console/vendor/laravel/framework/src/Illuminate/Foundation/Exceptions/Handler.php(250): Illuminate\Foundation\Exceptions\Handler->reportThrowable(Object(Error))
#12 /home/pilotba1/app-console/vendor/laravel/framework/src/Illuminate/Foundation/Http/Kernel.php(497): Illuminate\Foundation\Exceptions\Handler->report(Object(Error))
#13 /home/pilotba1/app-console/vendor/laravel/framework/src/Illuminate/Foundation/Http/Kernel.php(146): Illuminate\Foundation\Http\Kernel->reportException(Object(Error))
#14 /home/pilotba1/public_html/index.php(51): Illuminate\Foundation\Http\Kernel->handle(Object(Illuminate\Http\Request))
#15 {main}

Next Illuminate\Contracts\Container\BindingResolutionException: Target class [config] does not exist. in /home/pilotba1/app-console/vendor/laravel/framework/src/Illuminate/Container/Container.php:914
Stack trace:
#0 /home/pilotba1/app-console/vendor/laravel/framework/src/Illuminate/Container/Container.php(795): Illuminate\Container\Container->build('config')
#1 /home/pilotba1/app-console/vendor/laravel/framework/src/Illuminate/Foundation/Application.php(933): Illuminate\Container\Container->resolve('config', Array, true)
#2 /home/pilotba1/app-console/vendor/laravel/framework/src/Illuminate/Container/Container.php(731): Illuminate\Foundation\Application->resolve('config', Array)
#3 /home/pilotba1/app-console/vendor/laravel/framework/src/Illuminate/Foundation/Application.php(918): Illuminate\Container\Container->make('config', Array)
#4 /home/pilotba1/app-console/vendor/laravel/framework/src/Illuminate/Container/Container.php(1454): Illuminate\Foundation\Application->make('config')
#5 /home/pilotba1/app-console/vendor/laravel/framework/src/Illuminate/Log/LogManager.php(544): Illuminate\Container\Container->offsetGet('config')
#6 /home/pilotba1/app-console/vendor/laravel/framework/src/Illuminate/Log/LogManager.php(595): Illuminate\Log\LogManager->getDefaultDriver()
#7 /home/pilotba1/app-console/vendor/laravel/framework/src/Illuminate/Log/LogManager.php(124): Illuminate\Log\LogManager->parseDriver(NULL)
#8 /home/pilotba1/app-console/vendor/laravel/framework/src/Illuminate/Log/LogManager.php(665): Illuminate\Log\LogManager->driver()
#9 /home/pilotba1/app-console/vendor/laravel/framework/src/Illuminate/Foundation/Exceptions/Handler.php(287): Illuminate\Log\LogManager->error('Call to undefin...', Array)
#10 /home/pilotba1/app-console/vendor/laravel/framework/src/Illuminate/Foundation/Exceptions/Handler.php(250): Illuminate\Foundation\Exceptions\Handler->reportThrowable(Object(Error))
#11 /home/pilotba1/app-console/vendor/laravel/framework/src/Illuminate/Foundation/Http/Kernel.php(497): Illuminate\Foundation\Exceptions\Handler->report(Object(Error))
#12 /home/pilotba1/app-console/vendor/laravel/framework/src/Illuminate/Foundation/Http/Kernel.php(146): Illuminate\Foundation\Http\Kernel->reportException(Object(Error))
#13 /home/pilotba1/public_html/index.php(51): Illuminate\Foundation\Http\Kernel->handle(Object(Illuminate\Http\Request))
#14 {main}
  thrown in /home/pilotba1/app-console/vendor/laravel/framework/src/Illuminate/Container/Container.php on line 914
[02-Oct-2023 14:46:46 UTC] PHP Fatal error:  Uncaught ReflectionException: Class "config" does not exist in /home/pilotba1/app-console/vendor/laravel/framework/src/Illuminate/Container/Container.php:912
Stack trace:
#0 /home/pilotba1/app-console/vendor/laravel/framework/src/Illuminate/Container/Container.php(912): ReflectionClass->__construct('config')
#1 /home/pilotba1/app-console/vendor/laravel/framework/src/Illuminate/Container/Container.php(795): Illuminate\Container\Container->build('config')
#2 /home/pilotba1/app-console/vendor/laravel/framework/src/Illuminate/Foundation/Application.php(933): Illuminate\Container\Container->resolve('config', Array, true)
#3 /home/pilotba1/app-console/vendor/laravel/framework/src/Illuminate/Container/Container.php(731): Illuminate\Foundation\Application->resolve('config', Array)
#4 /home/pilotba1/app-console/vendor/laravel/framework/src/Illuminate/Foundation/Application.php(918): Illuminate\Container\Container->make('config', Array)
#5 /home/pilotba1/app-console/vendor/laravel/framework/src/Illuminate/Container/Container.php(1454): Illuminate\Foundation\Application->make('config')
#6 /home/pilotba1/app-console/vendor/laravel/framework/src/Illuminate/Log/LogManager.php(544): Illuminate\Container\Container->offsetGet('config')
#7 /home/pilotba1/app-console/vendor/laravel/framework/src/Illuminate/Log/LogManager.php(595): Illuminate\Log\LogManager->getDefaultDriver()
#8 /home/pilotba1/app-console/vendor/laravel/framework/src/Illuminate/Log/LogManager.php(124): Illuminate\Log\LogManager->parseDriver(NULL)
#9 /home/pilotba1/app-console/vendor/laravel/framework/src/Illuminate/Log/LogManager.php(665): Illuminate\Log\LogManager->driver()
#10 /home/pilotba1/app-console/vendor/laravel/framework/src/Illuminate/Foundation/Exceptions/Handler.php(287): Illuminate\Log\LogManager->error('Call to undefin...', Array)
#11 /home/pilotba1/app-console/vendor/laravel/framework/src/Illuminate/Foundation/Exceptions/Handler.php(250): Illuminate\Foundation\Exceptions\Handler->reportThrowable(Object(Error))
#12 /home/pilotba1/app-console/vendor/laravel/framework/src/Illuminate/Foundation/Http/Kernel.php(497): Illuminate\Foundation\Exceptions\Handler->report(Object(Error))
#13 /home/pilotba1/app-console/vendor/laravel/framework/src/Illuminate/Foundation/Http/Kernel.php(146): Illuminate\Foundation\Http\Kernel->reportException(Object(Error))
#14 /home/pilotba1/public_html/index.php(51): Illuminate\Foundation\Http\Kernel->handle(Object(Illuminate\Http\Request))
#15 {main}

Next Illuminate\Contracts\Container\BindingResolutionException: Target class [config] does not exist. in /home/pilotba1/app-console/vendor/laravel/framework/src/Illuminate/Container/Container.php:914
Stack trace:
#0 /home/pilotba1/app-console/vendor/laravel/framework/src/Illuminate/Container/Container.php(795): Illuminate\Container\Container->build('config')
#1 /home/pilotba1/app-console/vendor/laravel/framework/src/Illuminate/Foundation/Application.php(933): Illuminate\Container\Container->resolve('config', Array, true)
#2 /home/pilotba1/app-console/vendor/laravel/framework/src/Illuminate/Container/Container.php(731): Illuminate\Foundation\Application->resolve('config', Array)
#3 /home/pilotba1/app-console/vendor/laravel/framework/src/Illuminate/Foundation/Application.php(918): Illuminate\Container\Container->make('config', Array)
#4 /home/pilotba1/app-console/vendor/laravel/framework/src/Illuminate/Container/Container.php(1454): Illuminate\Foundation\Application->make('config')
#5 /home/pilotba1/app-console/vendor/laravel/framework/src/Illuminate/Log/LogManager.php(544): Illuminate\Container\Container->offsetGet('config')
#6 /home/pilotba1/app-console/vendor/laravel/framework/src/Illuminate/Log/LogManager.php(595): Illuminate\Log\LogManager->getDefaultDriver()
#7 /home/pilotba1/app-console/vendor/laravel/framework/src/Illuminate/Log/LogManager.php(124): Illuminate\Log\LogManager->parseDriver(NULL)
#8 /home/pilotba1/app-console/vendor/laravel/framework/src/Illuminate/Log/LogManager.php(665): Illuminate\Log\LogManager->driver()
#9 /home/pilotba1/app-console/vendor/laravel/framework/src/Illuminate/Foundation/Exceptions/Handler.php(287): Illuminate\Log\LogManager->error('Call to undefin...', Array)
#10 /home/pilotba1/app-console/vendor/laravel/framework/src/Illuminate/Foundation/Exceptions/Handler.php(250): Illuminate\Foundation\Exceptions\Handler->reportThrowable(Object(Error))
#11 /home/pilotba1/app-console/vendor/laravel/framework/src/Illuminate/Foundation/Http/Kernel.php(497): Illuminate\Foundation\Exceptions\Handler->report(Object(Error))
#12 /home/pilotba1/app-console/vendor/laravel/framework/src/Illuminate/Foundation/Http/Kernel.php(146): Illuminate\Foundation\Http\Kernel->reportException(Object(Error))
#13 /home/pilotba1/public_html/index.php(51): Illuminate\Foundation\Http\Kernel->handle(Object(Illuminate\Http\Request))
#14 {main}
  thrown in /home/pilotba1/app-console/vendor/laravel/framework/src/Illuminate/Container/Container.php on line 914
[02-Oct-2023 14:47:05 UTC] PHP Fatal error:  Uncaught ReflectionException: Class "config" does not exist in /home/pilotba1/app-console/vendor/laravel/framework/src/Illuminate/Container/Container.php:912
Stack trace:
#0 /home/pilotba1/app-console/vendor/laravel/framework/src/Illuminate/Container/Container.php(912): ReflectionClass->__construct('config')
#1 /home/pilotba1/app-console/vendor/laravel/framework/src/Illuminate/Container/Container.php(795): Illuminate\Container\Container->build('config')
#2 /home/pilotba1/app-console/vendor/laravel/framework/src/Illuminate/Foundation/Application.php(933): Illuminate\Container\Container->resolve('config', Array, true)
#3 /home/pilotba1/app-console/vendor/laravel/framework/src/Illuminate/Container/Container.php(731): Illuminate\Foundation\Application->resolve('config', Array)
#4 /home/pilotba1/app-console/vendor/laravel/framework/src/Illuminate/Foundation/Application.php(918): Illuminate\Container\Container->make('config', Array)
#5 /home/pilotba1/app-console/vendor/laravel/framework/src/Illuminate/Container/Container.php(1454): Illuminate\Foundation\Application->make('config')
#6 /home/pilotba1/app-console/vendor/laravel/framework/src/Illuminate/Log/LogManager.php(544): Illuminate\Container\Container->offsetGet('config')
#7 /home/pilotba1/app-console/vendor/laravel/framework/src/Illuminate/Log/LogManager.php(595): Illuminate\Log\LogManager->getDefaultDriver()
#8 /home/pilotba1/app-console/vendor/laravel/framework/src/Illuminate/Log/LogManager.php(124): Illuminate\Log\LogManager->parseDriver(NULL)
#9 /home/pilotba1/app-console/vendor/laravel/framework/src/Illuminate/Log/LogManager.php(665): Illuminate\Log\LogManager->driver()
#10 /home/pilotba1/app-console/vendor/laravel/framework/src/Illuminate/Foundation/Exceptions/Handler.php(287): Illuminate\Log\LogManager->error('Call to undefin...', Array)
#11 /home/pilotba1/app-console/vendor/laravel/framework/src/Illuminate/Foundation/Exceptions/Handler.php(250): Illuminate\Foundation\Exceptions\Handler->reportThrowable(Object(Error))
#12 /home/pilotba1/app-console/vendor/laravel/framework/src/Illuminate/Foundation/Http/Kernel.php(497): Illuminate\Foundation\Exceptions\Handler->report(Object(Error))
#13 /home/pilotba1/app-console/vendor/laravel/framework/src/Illuminate/Foundation/Http/Kernel.php(146): Illuminate\Foundation\Http\Kernel->reportException(Object(Error))
#14 /home/pilotba1/public_html/index.php(51): Illuminate\Foundation\Http\Kernel->handle(Object(Illuminate\Http\Request))
#15 {main}

Next Illuminate\Contracts\Container\BindingResolutionException: Target class [config] does not exist. in /home/pilotba1/app-console/vendor/laravel/framework/src/Illuminate/Container/Container.php:914
Stack trace:
#0 /home/pilotba1/app-console/vendor/laravel/framework/src/Illuminate/Container/Container.php(795): Illuminate\Container\Container->build('config')
#1 /home/pilotba1/app-console/vendor/laravel/framework/src/Illuminate/Foundation/Application.php(933): Illuminate\Container\Container->resolve('config', Array, true)
#2 /home/pilotba1/app-console/vendor/laravel/framework/src/Illuminate/Container/Container.php(731): Illuminate\Foundation\Application->resolve('config', Array)
#3 /home/pilotba1/app-console/vendor/laravel/framework/src/Illuminate/Foundation/Application.php(918): Illuminate\Container\Container->make('config', Array)
#4 /home/pilotba1/app-console/vendor/laravel/framework/src/Illuminate/Container/Container.php(1454): Illuminate\Foundation\Application->make('config')
#5 /home/pilotba1/app-console/vendor/laravel/framework/src/Illuminate/Log/LogManager.php(544): Illuminate\Container\Container->offsetGet('config')
#6 /home/pilotba1/app-console/vendor/laravel/framework/src/Illuminate/Log/LogManager.php(595): Illuminate\Log\LogManager->getDefaultDriver()
#7 /home/pilotba1/app-console/vendor/laravel/framework/src/Illuminate/Log/LogManager.php(124): Illuminate\Log\LogManager->parseDriver(NULL)
#8 /home/pilotba1/app-console/vendor/laravel/framework/src/Illuminate/Log/LogManager.php(665): Illuminate\Log\LogManager->driver()
#9 /home/pilotba1/app-console/vendor/laravel/framework/src/Illuminate/Foundation/Exceptions/Handler.php(287): Illuminate\Log\LogManager->error('Call to undefin...', Array)
#10 /home/pilotba1/app-console/vendor/laravel/framework/src/Illuminate/Foundation/Exceptions/Handler.php(250): Illuminate\Foundation\Exceptions\Handler->reportThrowable(Object(Error))
#11 /home/pilotba1/app-console/vendor/laravel/framework/src/Illuminate/Foundation/Http/Kernel.php(497): Illuminate\Foundation\Exceptions\Handler->report(Object(Error))
#12 /home/pilotba1/app-console/vendor/laravel/framework/src/Illuminate/Foundation/Http/Kernel.php(146): Illuminate\Foundation\Http\Kernel->reportException(Object(Error))
#13 /home/pilotba1/public_html/index.php(51): Illuminate\Foundation\Http\Kernel->handle(Object(Illuminate\Http\Request))
#14 {main}
  thrown in /home/pilotba1/app-console/vendor/laravel/framework/src/Illuminate/Container/Container.php on line 914
[02-Oct-2023 14:47:12 UTC] PHP Fatal error:  Uncaught ReflectionException: Class "config" does not exist in /home/pilotba1/app-console/vendor/laravel/framework/src/Illuminate/Container/Container.php:912
Stack trace:
#0 /home/pilotba1/app-console/vendor/laravel/framework/src/Illuminate/Container/Container.php(912): ReflectionClass->__construct('config')
#1 /home/pilotba1/app-console/vendor/laravel/framework/src/Illuminate/Container/Container.php(795): Illuminate\Container\Container->build('config')
#2 /home/pilotba1/app-console/vendor/laravel/framework/src/Illuminate/Foundation/Application.php(933): Illuminate\Container\Container->resolve('config', Array, true)
#3 /home/pilotba1/app-console/vendor/laravel/framework/src/Illuminate/Container/Container.php(731): Illuminate\Foundation\Application->resolve('config', Array)
#4 /home/pilotba1/app-console/vendor/laravel/framework/src/Illuminate/Foundation/Application.php(918): Illuminate\Container\Container->make('config', Array)
#5 /home/pilotba1/app-console/vendor/laravel/framework/src/Illuminate/Container/Container.php(1454): Illuminate\Foundation\Application->make('config')
#6 /home/pilotba1/app-console/vendor/laravel/framework/src/Illuminate/Log/LogManager.php(544): Illuminate\Container\Container->offsetGet('config')
#7 /home/pilotba1/app-console/vendor/laravel/framework/src/Illuminate/Log/LogManager.php(595): Illuminate\Log\LogManager->getDefaultDriver()
#8 /home/pilotba1/app-console/vendor/laravel/framework/src/Illuminate/Log/LogManager.php(124): Illuminate\Log\LogManager->parseDriver(NULL)
#9 /home/pilotba1/app-console/vendor/laravel/framework/src/Illuminate/Log/LogManager.php(665): Illuminate\Log\LogManager->driver()
#10 /home/pilotba1/app-console/vendor/laravel/framework/src/Illuminate/Foundation/Exceptions/Handler.php(287): Illuminate\Log\LogManager->error('Call to undefin...', Array)
#11 /home/pilotba1/app-console/vendor/laravel/framework/src/Illuminate/Foundation/Exceptions/Handler.php(250): Illuminate\Foundation\Exceptions\Handler->reportThrowable(Object(Error))
#12 /home/pilotba1/app-console/vendor/laravel/framework/src/Illuminate/Foundation/Http/Kernel.php(497): Illuminate\Foundation\Exceptions\Handler->report(Object(Error))
#13 /home/pilotba1/app-console/vendor/laravel/framework/src/Illuminate/Foundation/Http/Kernel.php(146): Illuminate\Foundation\Http\Kernel->reportException(Object(Error))
#14 /home/pilotba1/public_html/index.php(51): Illuminate\Foundation\Http\Kernel->handle(Object(Illuminate\Http\Request))
#15 {main}

Next Illuminate\Contracts\Container\BindingResolutionException: Target class [config] does not exist. in /home/pilotba1/app-console/vendor/laravel/framework/src/Illuminate/Container/Container.php:914
Stack trace:
#0 /home/pilotba1/app-console/vendor/laravel/framework/src/Illuminate/Container/Container.php(795): Illuminate\Container\Container->build('config')
#1 /home/pilotba1/app-console/vendor/laravel/framework/src/Illuminate/Foundation/Application.php(933): Illuminate\Container\Container->resolve('config', Array, true)
#2 /home/pilotba1/app-console/vendor/laravel/framework/src/Illuminate/Container/Container.php(731): Illuminate\Foundation\Application->resolve('config', Array)
#3 /home/pilotba1/app-console/vendor/laravel/framework/src/Illuminate/Foundation/Application.php(918): Illuminate\Container\Container->make('config', Array)
#4 /home/pilotba1/app-console/vendor/laravel/framework/src/Illuminate/Container/Container.php(1454): Illuminate\Foundation\Application->make('config')
#5 /home/pilotba1/app-console/vendor/laravel/framework/src/Illuminate/Log/LogManager.php(544): Illuminate\Container\Container->offsetGet('config')
#6 /home/pilotba1/app-console/vendor/laravel/framework/src/Illuminate/Log/LogManager.php(595): Illuminate\Log\LogManager->getDefaultDriver()
#7 /home/pilotba1/app-console/vendor/laravel/framework/src/Illuminate/Log/LogManager.php(124): Illuminate\Log\LogManager->parseDriver(NULL)
#8 /home/pilotba1/app-console/vendor/laravel/framework/src/Illuminate/Log/LogManager.php(665): Illuminate\Log\LogManager->driver()
#9 /home/pilotba1/app-console/vendor/laravel/framework/src/Illuminate/Foundation/Exceptions/Handler.php(287): Illuminate\Log\LogManager->error('Call to undefin...', Array)
#10 /home/pilotba1/app-console/vendor/laravel/framework/src/Illuminate/Foundation/Exceptions/Handler.php(250): Illuminate\Foundation\Exceptions\Handler->reportThrowable(Object(Error))
#11 /home/pilotba1/app-console/vendor/laravel/framework/src/Illuminate/Foundation/Http/Kernel.php(497): Illuminate\Foundation\Exceptions\Handler->report(Object(Error))
#12 /home/pilotba1/app-console/vendor/laravel/framework/src/Illuminate/Foundation/Http/Kernel.php(146): Illuminate\Foundation\Http\Kernel->reportException(Object(Error))
#13 /home/pilotba1/public_html/index.php(51): Illuminate\Foundation\Http\Kernel->handle(Object(Illuminate\Http\Request))
#14 {main}
  thrown in /home/pilotba1/app-console/vendor/laravel/framework/src/Illuminate/Container/Container.php on line 914
[02-Oct-2023 14:47:16 UTC] PHP Fatal error:  Uncaught ReflectionException: Class "config" does not exist in /home/pilotba1/app-console/vendor/laravel/framework/src/Illuminate/Container/Container.php:912
Stack trace:
#0 /home/pilotba1/app-console/vendor/laravel/framework/src/Illuminate/Container/Container.php(912): ReflectionClass->__construct('config')
#1 /home/pilotba1/app-console/vendor/laravel/framework/src/Illuminate/Container/Container.php(795): Illuminate\Container\Container->build('config')
#2 /home/pilotba1/app-console/vendor/laravel/framework/src/Illuminate/Foundation/Application.php(933): Illuminate\Container\Container->resolve('config', Array, true)
#3 /home/pilotba1/app-console/vendor/laravel/framework/src/Illuminate/Container/Container.php(731): Illuminate\Foundation\Application->resolve('config', Array)
#4 /home/pilotba1/app-console/vendor/laravel/framework/src/Illuminate/Foundation/Application.php(918): Illuminate\Container\Container->make('config', Array)
#5 /home/pilotba1/app-console/vendor/laravel/framework/src/Illuminate/Container/Container.php(1454): Illuminate\Foundation\Application->make('config')
#6 /home/pilotba1/app-console/vendor/laravel/framework/src/Illuminate/Log/LogManager.php(544): Illuminate\Container\Container->offsetGet('config')
#7 /home/pilotba1/app-console/vendor/laravel/framework/src/Illuminate/Log/LogManager.php(595): Illuminate\Log\LogManager->getDefaultDriver()
#8 /home/pilotba1/app-console/vendor/laravel/framework/src/Illuminate/Log/LogManager.php(124): Illuminate\Log\LogManager->parseDriver(NULL)
#9 /home/pilotba1/app-console/vendor/laravel/framework/src/Illuminate/Log/LogManager.php(665): Illuminate\Log\LogManager->driver()
#10 /home/pilotba1/app-console/vendor/laravel/framework/src/Illuminate/Foundation/Exceptions/Handler.php(287): Illuminate\Log\LogManager->error('Call to undefin...', Array)
#11 /home/pilotba1/app-console/vendor/laravel/framework/src/Illuminate/Foundation/Exceptions/Handler.php(250): Illuminate\Foundation\Exceptions\Handler->reportThrowable(Object(Error))
#12 /home/pilotba1/app-console/vendor/laravel/framework/src/Illuminate/Foundation/Http/Kernel.php(497): Illuminate\Foundation\Exceptions\Handler->report(Object(Error))
#13 /home/pilotba1/app-console/vendor/laravel/framework/src/Illuminate/Foundation/Http/Kernel.php(146): Illuminate\Foundation\Http\Kernel->reportException(Object(Error))
#14 /home/pilotba1/public_html/index.php(51): Illuminate\Foundation\Http\Kernel->handle(Object(Illuminate\Http\Request))
#15 {main}

Next Illuminate\Contracts\Container\BindingResolutionException: Target class [config] does not exist. in /home/pilotba1/app-console/vendor/laravel/framework/src/Illuminate/Container/Container.php:914
Stack trace:
#0 /home/pilotba1/app-console/vendor/laravel/framework/src/Illuminate/Container/Container.php(795): Illuminate\Container\Container->build('config')
#1 /home/pilotba1/app-console/vendor/laravel/framework/src/Illuminate/Foundation/Application.php(933): Illuminate\Container\Container->resolve('config', Array, true)
#2 /home/pilotba1/app-console/vendor/laravel/framework/src/Illuminate/Container/Container.php(731): Illuminate\Foundation\Application->resolve('config', Array)
#3 /home/pilotba1/app-console/vendor/laravel/framework/src/Illuminate/Foundation/Application.php(918): Illuminate\Container\Container->make('config', Array)
#4 /home/pilotba1/app-console/vendor/laravel/framework/src/Illuminate/Container/Container.php(1454): Illuminate\Foundation\Application->make('config')
#5 /home/pilotba1/app-console/vendor/laravel/framework/src/Illuminate/Log/LogManager.php(544): Illuminate\Container\Container->offsetGet('config')
#6 /home/pilotba1/app-console/vendor/laravel/framework/src/Illuminate/Log/LogManager.php(595): Illuminate\Log\LogManager->getDefaultDriver()
#7 /home/pilotba1/app-console/vendor/laravel/framework/src/Illuminate/Log/LogManager.php(124): Illuminate\Log\LogManager->parseDriver(NULL)
#8 /home/pilotba1/app-console/vendor/laravel/framework/src/Illuminate/Log/LogManager.php(665): Illuminate\Log\LogManager->driver()
#9 /home/pilotba1/app-console/vendor/laravel/framework/src/Illuminate/Foundation/Exceptions/Handler.php(287): Illuminate\Log\LogManager->error('Call to undefin...', Array)
#10 /home/pilotba1/app-console/vendor/laravel/framework/src/Illuminate/Foundation/Exceptions/Handler.php(250): Illuminate\Foundation\Exceptions\Handler->reportThrowable(Object(Error))
#11 /home/pilotba1/app-console/vendor/laravel/framework/src/Illuminate/Foundation/Http/Kernel.php(497): Illuminate\Foundation\Exceptions\Handler->report(Object(Error))
#12 /home/pilotba1/app-console/vendor/laravel/framework/src/Illuminate/Foundation/Http/Kernel.php(146): Illuminate\Foundation\Http\Kernel->reportException(Object(Error))
#13 /home/pilotba1/public_html/index.php(51): Illuminate\Foundation\Http\Kernel->handle(Object(Illuminate\Http\Request))
#14 {main}
  thrown in /home/pilotba1/app-console/vendor/laravel/framework/src/Illuminate/Container/Container.php on line 914
[02-Oct-2023 14:47:29 UTC] PHP Fatal error:  Uncaught ReflectionException: Class "config" does not exist in /home/pilotba1/app-console/vendor/laravel/framework/src/Illuminate/Container/Container.php:912
Stack trace:
#0 /home/pilotba1/app-console/vendor/laravel/framework/src/Illuminate/Container/Container.php(912): ReflectionClass->__construct('config')
#1 /home/pilotba1/app-console/vendor/laravel/framework/src/Illuminate/Container/Container.php(795): Illuminate\Container\Container->build('config')
#2 /home/pilotba1/app-console/vendor/laravel/framework/src/Illuminate/Foundation/Application.php(933): Illuminate\Container\Container->resolve('config', Array, true)
#3 /home/pilotba1/app-console/vendor/laravel/framework/src/Illuminate/Container/Container.php(731): Illuminate\Foundation\Application->resolve('config', Array)
#4 /home/pilotba1/app-console/vendor/laravel/framework/src/Illuminate/Foundation/Application.php(918): Illuminate\Container\Container->make('config', Array)
#5 /home/pilotba1/app-console/vendor/laravel/framework/src/Illuminate/Container/Container.php(1454): Illuminate\Foundation\Application->make('config')
#6 /home/pilotba1/app-console/vendor/laravel/framework/src/Illuminate/Log/LogManager.php(544): Illuminate\Container\Container->offsetGet('config')
#7 /home/pilotba1/app-console/vendor/laravel/framework/src/Illuminate/Log/LogManager.php(595): Illuminate\Log\LogManager->getDefaultDriver()
#8 /home/pilotba1/app-console/vendor/laravel/framework/src/Illuminate/Log/LogManager.php(124): Illuminate\Log\LogManager->parseDriver(NULL)
#9 /home/pilotba1/app-console/vendor/laravel/framework/src/Illuminate/Log/LogManager.php(665): Illuminate\Log\LogManager->driver()
#10 /home/pilotba1/app-console/vendor/laravel/framework/src/Illuminate/Foundation/Exceptions/Handler.php(287): Illuminate\Log\LogManager->error('Call to undefin...', Array)
#11 /home/pilotba1/app-console/vendor/laravel/framework/src/Illuminate/Foundation/Exceptions/Handler.php(250): Illuminate\Foundation\Exceptions\Handler->reportThrowable(Object(Error))
#12 /home/pilotba1/app-console/vendor/laravel/framework/src/Illuminate/Foundation/Http/Kernel.php(497): Illuminate\Foundation\Exceptions\Handler->report(Object(Error))
#13 /home/pilotba1/app-console/vendor/laravel/framework/src/Illuminate/Foundation/Http/Kernel.php(146): Illuminate\Foundation\Http\Kernel->reportException(Object(Error))
#14 /home/pilotba1/public_html/index.php(51): Illuminate\Foundation\Http\Kernel->handle(Object(Illuminate\Http\Request))
#15 {main}

Next Illuminate\Contracts\Container\BindingResolutionException: Target class [config] does not exist. in /home/pilotba1/app-console/vendor/laravel/framework/src/Illuminate/Container/Container.php:914
Stack trace:
#0 /home/pilotba1/app-console/vendor/laravel/framework/src/Illuminate/Container/Container.php(795): Illuminate\Container\Container->build('config')
#1 /home/pilotba1/app-console/vendor/laravel/framework/src/Illuminate/Foundation/Application.php(933): Illuminate\Container\Container->resolve('config', Array, true)
#2 /home/pilotba1/app-console/vendor/laravel/framework/src/Illuminate/Container/Container.php(731): Illuminate\Foundation\Application->resolve('config', Array)
#3 /home/pilotba1/app-console/vendor/laravel/framework/src/Illuminate/Foundation/Application.php(918): Illuminate\Container\Container->make('config', Array)
#4 /home/pilotba1/app-console/vendor/laravel/framework/src/Illuminate/Container/Container.php(1454): Illuminate\Foundation\Application->make('config')
#5 /home/pilotba1/app-console/vendor/laravel/framework/src/Illuminate/Log/LogManager.php(544): Illuminate\Container\Container->offsetGet('config')
#6 /home/pilotba1/app-console/vendor/laravel/framework/src/Illuminate/Log/LogManager.php(595): Illuminate\Log\LogManager->getDefaultDriver()
#7 /home/pilotba1/app-console/vendor/laravel/framework/src/Illuminate/Log/LogManager.php(124): Illuminate\Log\LogManager->parseDriver(NULL)
#8 /home/pilotba1/app-console/vendor/laravel/framework/src/Illuminate/Log/LogManager.php(665): Illuminate\Log\LogManager->driver()
#9 /home/pilotba1/app-console/vendor/laravel/framework/src/Illuminate/Foundation/Exceptions/Handler.php(287): Illuminate\Log\LogManager->error('Call to undefin...', Array)
#10 /home/pilotba1/app-console/vendor/laravel/framework/src/Illuminate/Foundation/Exceptions/Handler.php(250): Illuminate\Foundation\Exceptions\Handler->reportThrowable(Object(Error))
#11 /home/pilotba1/app-console/vendor/laravel/framework/src/Illuminate/Foundation/Http/Kernel.php(497): Illuminate\Foundation\Exceptions\Handler->report(Object(Error))
#12 /home/pilotba1/app-console/vendor/laravel/framework/src/Illuminate/Foundation/Http/Kernel.php(146): Illuminate\Foundation\Http\Kernel->reportException(Object(Error))
#13 /home/pilotba1/public_html/index.php(51): Illuminate\Foundation\Http\Kernel->handle(Object(Illuminate\Http\Request))
#14 {main}
  thrown in /home/pilotba1/app-console/vendor/laravel/framework/src/Illuminate/Container/Container.php on line 914
[02-Oct-2023 14:47:46 UTC] PHP Fatal error:  Uncaught ReflectionException: Class "config" does not exist in /home/pilotba1/app-console/vendor/laravel/framework/src/Illuminate/Container/Container.php:912
Stack trace:
#0 /home/pilotba1/app-console/vendor/laravel/framework/src/Illuminate/Container/Container.php(912): ReflectionClass->__construct('config')
#1 /home/pilotba1/app-console/vendor/laravel/framework/src/Illuminate/Container/Container.php(795): Illuminate\Container\Container->build('config')
#2 /home/pilotba1/app-console/vendor/laravel/framework/src/Illuminate/Foundation/Application.php(933): Illuminate\Container\Container->resolve('config', Array, true)
#3 /home/pilotba1/app-console/vendor/laravel/framework/src/Illuminate/Container/Container.php(731): Illuminate\Foundation\Application->resolve('config', Array)
#4 /home/pilotba1/app-console/vendor/laravel/framework/src/Illuminate/Foundation/Application.php(918): Illuminate\Container\Container->make('config', Array)
#5 /home/pilotba1/app-console/vendor/laravel/framework/src/Illuminate/Container/Container.php(1454): Illuminate\Foundation\Application->make('config')
#6 /home/pilotba1/app-console/vendor/laravel/framework/src/Illuminate/Log/LogManager.php(544): Illuminate\Container\Container->offsetGet('config')
#7 /home/pilotba1/app-console/vendor/laravel/framework/src/Illuminate/Log/LogManager.php(595): Illuminate\Log\LogManager->getDefaultDriver()
#8 /home/pilotba1/app-console/vendor/laravel/framework/src/Illuminate/Log/LogManager.php(124): Illuminate\Log\LogManager->parseDriver(NULL)
#9 /home/pilotba1/app-console/vendor/laravel/framework/src/Illuminate/Log/LogManager.php(665): Illuminate\Log\LogManager->driver()
#10 /home/pilotba1/app-console/vendor/laravel/framework/src/Illuminate/Foundation/Exceptions/Handler.php(287): Illuminate\Log\LogManager->error('Call to undefin...', Array)
#11 /home/pilotba1/app-console/vendor/laravel/framework/src/Illuminate/Foundation/Exceptions/Handler.php(250): Illuminate\Foundation\Exceptions\Handler->reportThrowable(Object(Error))
#12 /home/pilotba1/app-console/vendor/laravel/framework/src/Illuminate/Foundation/Http/Kernel.php(497): Illuminate\Foundation\Exceptions\Handler->report(Object(Error))
#13 /home/pilotba1/app-console/vendor/laravel/framework/src/Illuminate/Foundation/Http/Kernel.php(146): Illuminate\Foundation\Http\Kernel->reportException(Object(Error))
#14 /home/pilotba1/public_html/index.php(51): Illuminate\Foundation\Http\Kernel->handle(Object(Illuminate\Http\Request))
#15 {main}

Next Illuminate\Contracts\Container\BindingResolutionException: Target class [config] does not exist. in /home/pilotba1/app-console/vendor/laravel/framework/src/Illuminate/Container/Container.php:914
Stack trace:
#0 /home/pilotba1/app-console/vendor/laravel/framework/src/Illuminate/Container/Container.php(795): Illuminate\Container\Container->build('config')
#1 /home/pilotba1/app-console/vendor/laravel/framework/src/Illuminate/Foundation/Application.php(933): Illuminate\Container\Container->resolve('config', Array, true)
#2 /home/pilotba1/app-console/vendor/laravel/framework/src/Illuminate/Container/Container.php(731): Illuminate\Foundation\Application->resolve('config', Array)
#3 /home/pilotba1/app-console/vendor/laravel/framework/src/Illuminate/Foundation/Application.php(918): Illuminate\Container\Container->make('config', Array)
#4 /home/pilotba1/app-console/vendor/laravel/framework/src/Illuminate/Container/Container.php(1454): Illuminate\Foundation\Application->make('config')
#5 /home/pilotba1/app-console/vendor/laravel/framework/src/Illuminate/Log/LogManager.php(544): Illuminate\Container\Container->offsetGet('config')
#6 /home/pilotba1/app-console/vendor/laravel/framework/src/Illuminate/Log/LogManager.php(595): Illuminate\Log\LogManager->getDefaultDriver()
#7 /home/pilotba1/app-console/vendor/laravel/framework/src/Illuminate/Log/LogManager.php(124): Illuminate\Log\LogManager->parseDriver(NULL)
#8 /home/pilotba1/app-console/vendor/laravel/framework/src/Illuminate/Log/LogManager.php(665): Illuminate\Log\LogManager->driver()
#9 /home/pilotba1/app-console/vendor/laravel/framework/src/Illuminate/Foundation/Exceptions/Handler.php(287): Illuminate\Log\LogManager->error('Call to undefin...', Array)
#10 /home/pilotba1/app-console/vendor/laravel/framework/src/Illuminate/Foundation/Exceptions/Handler.php(250): Illuminate\Foundation\Exceptions\Handler->reportThrowable(Object(Error))
#11 /home/pilotba1/app-console/vendor/laravel/framework/src/Illuminate/Foundation/Http/Kernel.php(497): Illuminate\Foundation\Exceptions\Handler->report(Object(Error))
#12 /home/pilotba1/app-console/vendor/laravel/framework/src/Illuminate/Foundation/Http/Kernel.php(146): Illuminate\Foundation\Http\Kernel->reportException(Object(Error))
#13 /home/pilotba1/public_html/index.php(51): Illuminate\Foundation\Http\Kernel->handle(Object(Illuminate\Http\Request))
#14 {main}
  thrown in /home/pilotba1/app-console/vendor/laravel/framework/src/Illuminate/Container/Container.php on line 914
[04-Oct-2023 15:25:39 UTC] PHP Fatal error:  Maximum execution time of 30 seconds exceeded in /home/pilotba1/app-console/vendor/symfony/polyfill-mbstring/Mbstring.php on line 636
[04-Oct-2023 15:26:16 UTC] PHP Fatal error:  Maximum execution time of 30 seconds exceeded in /home/pilotba1/app-console/vendor/symfony/polyfill-mbstring/Mbstring.php on line 636
[04-Oct-2023 15:27:34 UTC] PHP Fatal error:  Maximum execution time of 30 seconds exceeded in /home/pilotba1/app-console/vendor/symfony/polyfill-mbstring/Mbstring.php on line 636
[04-Oct-2023 15:27:48 UTC] PHP Fatal error:  Maximum execution time of 30 seconds exceeded in /home/pilotba1/app-console/vendor/symfony/polyfill-mbstring/Mbstring.php on line 636
[04-Oct-2023 15:27:54 UTC] PHP Fatal error:  Maximum execution time of 30 seconds exceeded in /home/pilotba1/app-console/vendor/symfony/polyfill-mbstring/Mbstring.php on line 636
[04-Oct-2023 15:32:52 UTC] PHP Fatal error:  Maximum execution time of 30 seconds exceeded in /home/pilotba1/app-console/vendor/symfony/polyfill-mbstring/Mbstring.php on line 636
[04-Oct-2023 15:33:13 UTC] PHP Fatal error:  Maximum execution time of 30 seconds exceeded in /home/pilotba1/app-console/vendor/symfony/polyfill-mbstring/Mbstring.php on line 636
[04-Oct-2023 15:35:03 UTC] PHP Fatal error:  Namespace declaration statement has to be the very first statement or after any declare call in the script in /home/pilotba1/app-console/app/Http/Controllers/Merchant/Vehicle/GalleryController.php on line 3
[04-Oct-2023 15:35:09 UTC] PHP Fatal error:  Maximum execution time of 30 seconds exceeded in /home/pilotba1/app-console/vendor/symfony/polyfill-mbstring/Mbstring.php on line 636
[04-Oct-2023 15:39:29 UTC] PHP Fatal error:  Maximum execution time of 30 seconds exceeded in /home/pilotba1/app-console/vendor/symfony/polyfill-mbstring/Mbstring.php on line 636
[04-Oct-2023 15:39:36 UTC] PHP Fatal error:  Maximum execution time of 30 seconds exceeded in /home/pilotba1/app-console/vendor/symfony/polyfill-mbstring/Mbstring.php on line 636
[04-Oct-2023 15:40:40 UTC] PHP Fatal error:  Maximum execution time of 30 seconds exceeded in /home/pilotba1/app-console/vendor/symfony/polyfill-mbstring/Mbstring.php on line 636
[04-Oct-2023 15:50:08 UTC] PHP Fatal error:  Namespace declaration statement has to be the very first statement or after any declare call in the script in /home/pilotba1/app-console/app/Http/Controllers/Merchant/Vehicle/GalleryController.php on line 3
[04-Oct-2023 15:50:14 UTC] PHP Fatal error:  Maximum execution time of 30 seconds exceeded in /home/pilotba1/app-console/vendor/symfony/polyfill-mbstring/Mbstring.php on line 636
[04-Oct-2023 15:50:21 UTC] PHP Fatal error:  Namespace declaration statement has to be the very first statement or after any declare call in the script in /home/pilotba1/app-console/app/Http/Controllers/Merchant/Vehicle/GalleryController.php on line 3
[05-Oct-2023 03:47:00 UTC] PHP Fatal error:  Maximum execution time of 30 seconds exceeded in /home/pilotba1/app-console/vendor/symfony/polyfill-mbstring/Mbstring.php on line 636
[05-Oct-2023 03:47:58 UTC] PHP Fatal error:  Maximum execution time of 30 seconds exceeded in /home/pilotba1/app-console/vendor/symfony/polyfill-mbstring/Mbstring.php on line 636
[05-Oct-2023 03:48:55 UTC] PHP Fatal error:  Namespace declaration statement has to be the very first statement or after any declare call in the script in /home/pilotba1/app-console/app/Http/Controllers/Merchant/Vehicle/GalleryController.php on line 3
[05-Oct-2023 03:49:04 UTC] PHP Fatal error:  Namespace declaration statement has to be the very first statement or after any declare call in the script in /home/pilotba1/app-console/app/Http/Controllers/Merchant/Vehicle/GalleryController.php on line 3
[05-Oct-2023 03:55:57 UTC] PHP Fatal error:  Maximum execution time of 30 seconds exceeded in /home/pilotba1/app-console/vendor/symfony/polyfill-mbstring/Mbstring.php on line 636
[05-Oct-2023 03:59:41 UTC] PHP Fatal error:  Maximum execution time of 30 seconds exceeded in /home/pilotba1/app-console/vendor/symfony/polyfill-mbstring/Mbstring.php on line 636
[05-Oct-2023 04:00:35 UTC] PHP Fatal error:  Maximum execution time of 30 seconds exceeded in /home/pilotba1/app-console/vendor/symfony/polyfill-mbstring/Mbstring.php on line 636
[05-Oct-2023 04:01:28 UTC] PHP Fatal error:  Maximum execution time of 30 seconds exceeded in /home/pilotba1/app-console/vendor/symfony/polyfill-mbstring/Mbstring.php on line 636
[05-Oct-2023 04:02:29 UTC] PHP Fatal error:  Maximum execution time of 30 seconds exceeded in /home/pilotba1/app-console/vendor/symfony/polyfill-mbstring/Mbstring.php on line 636
[05-Oct-2023 04:09:40 UTC] PHP Fatal error:  Namespace declaration statement has to be the very first statement or after any declare call in the script in /home/pilotba1/app-console/app/Http/Controllers/Merchant/Vehicle/GalleryController.php on line 3
[05-Oct-2023 04:11:45 UTC] PHP Fatal error:  Maximum execution time of 30 seconds exceeded in /home/pilotba1/app-console/vendor/symfony/polyfill-mbstring/Mbstring.php on line 636
[05-Oct-2023 04:14:07 UTC] PHP Fatal error:  Maximum execution time of 30 seconds exceeded in /home/pilotba1/app-console/vendor/symfony/polyfill-mbstring/Mbstring.php on line 636
[05-Oct-2023 04:14:19 UTC] PHP Fatal error:  Maximum execution time of 30 seconds exceeded in /home/pilotba1/app-console/vendor/symfony/polyfill-mbstring/Mbstring.php on line 636
[05-Oct-2023 04:21:39 UTC] PHP Fatal error:  Maximum execution time of 30 seconds exceeded in /home/pilotba1/app-console/vendor/symfony/polyfill-mbstring/Mbstring.php on line 491
[05-Oct-2023 04:22:10 UTC] PHP Fatal error:  Maximum execution time of 30 seconds exceeded in /home/pilotba1/app-console/vendor/symfony/polyfill-mbstring/Mbstring.php on line 636
[05-Oct-2023 04:22:16 UTC] PHP Fatal error:  Maximum execution time of 30 seconds exceeded in /home/pilotba1/app-console/vendor/symfony/polyfill-mbstring/Mbstring.php on line 636
[05-Oct-2023 05:33:54 UTC] PHP Fatal error:  Maximum execution time of 30 seconds exceeded in /home/pilotba1/app-console/vendor/symfony/polyfill-mbstring/Mbstring.php on line 636
[05-Oct-2023 07:35:21 UTC] PHP Fatal error:  Maximum execution time of 30 seconds exceeded in /home/pilotba1/app-console/vendor/symfony/polyfill-mbstring/Mbstring.php on line 636
[05-Oct-2023 07:47:05 UTC] PHP Fatal error:  Maximum execution time of 30 seconds exceeded in /home/pilotba1/app-console/vendor/symfony/polyfill-mbstring/Mbstring.php on line 636
[05-Oct-2023 07:53:53 UTC] PHP Fatal error:  Maximum execution time of 30 seconds exceeded in /home/pilotba1/app-console/vendor/symfony/polyfill-mbstring/Mbstring.php on line 636
[05-Oct-2023 08:25:51 UTC] PHP Fatal error:  Maximum execution time of 30 seconds exceeded in /home/pilotba1/app-console/vendor/symfony/polyfill-mbstring/Mbstring.php on line 636
[05-Oct-2023 08:38:26 UTC] PHP Fatal error:  Maximum execution time of 30 seconds exceeded in /home/pilotba1/app-console/vendor/symfony/polyfill-mbstring/Mbstring.php on line 636
[05-Oct-2023 08:39:14 UTC] PHP Fatal error:  Maximum execution time of 30 seconds exceeded in /home/pilotba1/app-console/vendor/symfony/polyfill-mbstring/Mbstring.php on line 636
[05-Oct-2023 08:42:15 UTC] PHP Fatal error:  Maximum execution time of 30 seconds exceeded in /home/pilotba1/app-console/vendor/symfony/polyfill-mbstring/Mbstring.php on line 636
[05-Oct-2023 08:43:58 UTC] PHP Fatal error:  Maximum execution time of 30 seconds exceeded in /home/pilotba1/app-console/vendor/symfony/polyfill-mbstring/Mbstring.php on line 636
[05-Oct-2023 08:43:58 UTC] PHP Fatal error:  Maximum execution time of 30 seconds exceeded in /home/pilotba1/app-console/vendor/symfony/polyfill-mbstring/Mbstring.php on line 636
[05-Oct-2023 08:43:59 UTC] PHP Fatal error:  Maximum execution time of 30 seconds exceeded in /home/pilotba1/app-console/vendor/symfony/polyfill-mbstring/Mbstring.php on line 636
[05-Oct-2023 08:44:38 UTC] PHP Fatal error:  Maximum execution time of 30 seconds exceeded in /home/pilotba1/app-console/vendor/symfony/polyfill-mbstring/Mbstring.php on line 491
[05-Oct-2023 08:44:50 UTC] PHP Fatal error:  Maximum execution time of 30 seconds exceeded in /home/pilotba1/app-console/vendor/symfony/polyfill-mbstring/Mbstring.php on line 636
[05-Oct-2023 08:47:52 UTC] PHP Fatal error:  Maximum execution time of 30 seconds exceeded in /home/pilotba1/app-console/vendor/symfony/polyfill-mbstring/Mbstring.php on line 636
[05-Oct-2023 08:49:23 UTC] PHP Fatal error:  Maximum execution time of 30 seconds exceeded in /home/pilotba1/app-console/vendor/symfony/polyfill-mbstring/Mbstring.php on line 636
[05-Oct-2023 08:50:11 UTC] PHP Fatal error:  Maximum execution time of 30 seconds exceeded in /home/pilotba1/app-console/vendor/symfony/polyfill-mbstring/Mbstring.php on line 636
[05-Oct-2023 08:50:44 UTC] PHP Fatal error:  Maximum execution time of 30 seconds exceeded in /home/pilotba1/app-console/vendor/symfony/polyfill-mbstring/Mbstring.php on line 636
[05-Oct-2023 08:51:22 UTC] PHP Fatal error:  Maximum execution time of 30 seconds exceeded in /home/pilotba1/app-console/vendor/symfony/polyfill-mbstring/Mbstring.php on line 636
[05-Oct-2023 08:52:48 UTC] PHP Fatal error:  Maximum execution time of 30 seconds exceeded in /home/pilotba1/app-console/vendor/symfony/polyfill-mbstring/Mbstring.php on line 636
[05-Oct-2023 08:53:32 UTC] PHP Fatal error:  Maximum execution time of 30 seconds exceeded in /home/pilotba1/app-console/vendor/symfony/polyfill-mbstring/Mbstring.php on line 636
[05-Oct-2023 08:54:27 UTC] PHP Fatal error:  Maximum execution time of 30 seconds exceeded in /home/pilotba1/app-console/vendor/symfony/polyfill-mbstring/Mbstring.php on line 636
[05-Oct-2023 08:57:51 UTC] PHP Fatal error:  Maximum execution time of 30 seconds exceeded in /home/pilotba1/app-console/vendor/symfony/polyfill-mbstring/Mbstring.php on line 636
[05-Oct-2023 09:02:08 UTC] PHP Fatal error:  Maximum execution time of 30 seconds exceeded in /home/pilotba1/app-console/vendor/symfony/polyfill-mbstring/Mbstring.php on line 636
[05-Oct-2023 09:08:17 UTC] PHP Fatal error:  Maximum execution time of 30 seconds exceeded in /home/pilotba1/app-console/vendor/symfony/polyfill-mbstring/Mbstring.php on line 636
[05-Oct-2023 10:40:11 UTC] PHP Fatal error:  Maximum execution time of 30 seconds exceeded in /home/pilotba1/app-console/vendor/symfony/polyfill-mbstring/Mbstring.php on line 636
[05-Oct-2023 10:40:32 UTC] PHP Fatal error:  Maximum execution time of 30 seconds exceeded in /home/pilotba1/app-console/vendor/symfony/polyfill-mbstring/Mbstring.php on line 636
[05-Oct-2023 10:43:24 UTC] PHP Fatal error:  Maximum execution time of 30 seconds exceeded in /home/pilotba1/app-console/vendor/symfony/polyfill-mbstring/Mbstring.php on line 636
[05-Oct-2023 15:51:29 UTC] PHP Fatal error:  Cannot declare class App\Http\Controllers\Admin\MerchantController, because the name is already in use in /home/pilotba1/app-console/app/Http/Controllers/Merchant/Vehicle/VehicleController.php on line 16
[05-Oct-2023 15:52:05 UTC] PHP Fatal error:  Cannot declare class App\Http\Controllers\Admin\MerchantController, because the name is already in use in /home/pilotba1/app-console/app/Http/Controllers/Merchant/Vehicle/VehicleController.php on line 16
[05-Oct-2023 15:56:25 UTC] PHP Fatal error:  Maximum execution time of 30 seconds exceeded in /home/pilotba1/app-console/vendor/symfony/polyfill-mbstring/Mbstring.php on line 636
[07-Oct-2023 16:11:06 UTC] PHP Fatal error:  Maximum execution time of 30 seconds exceeded in /home/pilotba1/app-console/vendor/symfony/polyfill-mbstring/Mbstring.php on line 636
[07-Oct-2023 16:11:45 UTC] PHP Fatal error:  Maximum execution time of 30 seconds exceeded in /home/pilotba1/app-console/vendor/symfony/polyfill-mbstring/Mbstring.php on line 636
[08-Oct-2023 15:05:20 UTC] PHP Fatal error:  Maximum execution time of 30 seconds exceeded in /home/pilotba1/app-console/vendor/symfony/polyfill-mbstring/Mbstring.php on line 636
[08-Oct-2023 15:06:03 UTC] PHP Fatal error:  Maximum execution time of 30 seconds exceeded in /home/pilotba1/app-console/vendor/symfony/polyfill-mbstring/Mbstring.php on line 636
[08-Oct-2023 15:07:06 UTC] PHP Fatal error:  Maximum execution time of 30 seconds exceeded in /home/pilotba1/app-console/vendor/symfony/polyfill-mbstring/Mbstring.php on line 636
[08-Oct-2023 15:08:37 UTC] PHP Fatal error:  Maximum execution time of 30 seconds exceeded in /home/pilotba1/app-console/vendor/symfony/polyfill-mbstring/Mbstring.php on line 636
[15-Oct-2023 09:46:18 UTC] PHP Fatal error:  Maximum execution time of 30 seconds exceeded in /home/pilotba1/app-console/vendor/symfony/polyfill-mbstring/Mbstring.php on line 636
[15-Oct-2023 09:49:45 UTC] PHP Fatal error:  Maximum execution time of 30 seconds exceeded in /home/pilotba1/app-console/vendor/symfony/polyfill-mbstring/Mbstring.php on line 636
[17-Oct-2023 07:30:51 UTC] PHP Fatal error:  Allowed memory size of 134217728 bytes exhausted (tried to allocate 266240 bytes) in /home/pilotba1/app-console/vendor/laravel/framework/src/Illuminate/Collections/Arr.php on line 558
[17-Oct-2023 11:11:43 UTC] PHP Fatal error:  Allowed memory size of 134217728 bytes exhausted (tried to allocate 266240 bytes) in /home/pilotba1/app-console/vendor/laravel/framework/src/Illuminate/Collections/Arr.php on line 248
[17-Oct-2023 11:14:12 UTC] PHP Fatal error:  Allowed memory size of 134217728 bytes exhausted (tried to allocate 4096 bytes) in /home/pilotba1/app-console/vendor/laravel/telescope/src/Storage/DatabaseEntriesRepository.php on line 145
[17-Oct-2023 12:43:05 UTC] PHP Fatal error:  Allowed memory size of 134217728 bytes exhausted (tried to allocate 655360 bytes) in /home/pilotba1/app-console/vendor/laravel/framework/src/Illuminate/Collections/Arr.php on line 523
[17-Oct-2023 12:49:41 UTC] PHP Fatal error:  Allowed memory size of 134217728 bytes exhausted (tried to allocate 266240 bytes) in /home/pilotba1/app-console/vendor/laravel/framework/src/Illuminate/Collections/Arr.php on line 555
[18-Oct-2023 13:06:13 UTC] PHP Fatal error:  Cannot declare class App\Http\Controllers\Merchant\Vehicle\VehicleController, because the name is already in use in /home/pilotba1/app-console/storage/framework/views/f0811c0406c72c7c10623fcdca5e816f.php on line 28
[18-Oct-2023 13:37:41 UTC] PHP Fatal error:  Maximum execution time of 30 seconds exceeded in /home/pilotba1/app-console/vendor/symfony/polyfill-mbstring/Mbstring.php on line 636
[18-Oct-2023 13:39:04 UTC] PHP Fatal error:  Maximum execution time of 30 seconds exceeded in /home/pilotba1/app-console/vendor/symfony/polyfill-mbstring/Mbstring.php on line 636
[19-Oct-2023 09:32:39 UTC] PHP Fatal error:  Allowed memory size of 134217728 bytes exhausted (tried to allocate 339968 bytes) in /home/pilotba1/app-console/vendor/laravel/framework/src/Illuminate/Database/Connection.php on line 574
[19-Oct-2023 11:48:14 UTC] PHP Fatal error:  Maximum execution time of 30 seconds exceeded in /home/pilotba1/app-console/vendor/symfony/polyfill-mbstring/Mbstring.php on line 636
[19-Oct-2023 11:48:58 UTC] PHP Fatal error:  Maximum execution time of 30 seconds exceeded in /home/pilotba1/app-console/vendor/symfony/polyfill-mbstring/Mbstring.php on line 636
[19-Oct-2023 11:49:25 UTC] PHP Fatal error:  Maximum execution time of 30 seconds exceeded in /home/pilotba1/app-console/vendor/symfony/polyfill-mbstring/Mbstring.php on line 636
[19-Oct-2023 11:50:48 UTC] PHP Fatal error:  Maximum execution time of 30 seconds exceeded in /home/pilotba1/app-console/vendor/symfony/polyfill-mbstring/Mbstring.php on line 491
[19-Oct-2023 11:56:40 UTC] PHP Fatal error:  Maximum execution time of 30 seconds exceeded in /home/pilotba1/app-console/vendor/symfony/polyfill-mbstring/Mbstring.php on line 491
[19-Oct-2023 11:57:14 UTC] PHP Fatal error:  Maximum execution time of 30 seconds exceeded in /home/pilotba1/app-console/vendor/symfony/polyfill-mbstring/Mbstring.php on line 636
[19-Oct-2023 11:57:50 UTC] PHP Fatal error:  Maximum execution time of 30 seconds exceeded in /home/pilotba1/app-console/vendor/symfony/polyfill-mbstring/Mbstring.php on line 636
[19-Oct-2023 11:59:46 UTC] PHP Fatal error:  Maximum execution time of 30 seconds exceeded in /home/pilotba1/app-console/vendor/symfony/polyfill-mbstring/Mbstring.php on line 636
[19-Oct-2023 11:59:56 UTC] PHP Fatal error:  Maximum execution time of 30 seconds exceeded in /home/pilotba1/app-console/vendor/symfony/polyfill-mbstring/Mbstring.php on line 636
[19-Oct-2023 11:59:57 UTC] PHP Fatal error:  Maximum execution time of 30 seconds exceeded in /home/pilotba1/app-console/vendor/symfony/polyfill-mbstring/Mbstring.php on line 636
[19-Oct-2023 12:00:05 UTC] PHP Fatal error:  Maximum execution time of 30 seconds exceeded in /home/pilotba1/app-console/vendor/symfony/polyfill-mbstring/Mbstring.php on line 636
[19-Oct-2023 12:03:28 UTC] PHP Fatal error:  Maximum execution time of 30 seconds exceeded in /home/pilotba1/app-console/vendor/symfony/polyfill-mbstring/Mbstring.php on line 636
[19-Oct-2023 12:10:03 UTC] PHP Fatal error:  Maximum execution time of 30 seconds exceeded in /home/pilotba1/app-console/vendor/symfony/polyfill-mbstring/Mbstring.php on line 636
[19-Oct-2023 12:11:02 UTC] PHP Fatal error:  Maximum execution time of 30 seconds exceeded in /home/pilotba1/app-console/vendor/symfony/polyfill-mbstring/Mbstring.php on line 636
[19-Oct-2023 12:12:30 UTC] PHP Fatal error:  Maximum execution time of 30 seconds exceeded in /home/pilotba1/app-console/vendor/symfony/polyfill-mbstring/Mbstring.php on line 636
[19-Oct-2023 12:12:36 UTC] PHP Fatal error:  Maximum execution time of 30 seconds exceeded in /home/pilotba1/app-console/vendor/symfony/polyfill-mbstring/Mbstring.php on line 636
[19-Oct-2023 12:12:37 UTC] PHP Fatal error:  Maximum execution time of 30 seconds exceeded in /home/pilotba1/app-console/vendor/symfony/polyfill-mbstring/Mbstring.php on line 636
[19-Oct-2023 12:30:47 UTC] PHP Fatal error:  Allowed memory size of 134217728 bytes exhausted (tried to allocate 20480 bytes) in /home/pilotba1/app-console/vendor/symfony/polyfill-mbstring/Mbstring.php on line 427
[19-Oct-2023 12:30:47 UTC] PHP Fatal error:  Allowed memory size of 134217728 bytes exhausted (tried to allocate 65536 bytes) in /home/pilotba1/app-console/vendor/spatie/flare-client-php/src/Http/Client.php on line 205
[19-Oct-2023 12:33:24 UTC] PHP Fatal error:  Allowed memory size of 134217728 bytes exhausted (tried to allocate 20480 bytes) in /home/pilotba1/app-console/vendor/symfony/polyfill-mbstring/Mbstring.php on line 427
[19-Oct-2023 12:33:24 UTC] PHP Fatal error:  Allowed memory size of 134217728 bytes exhausted (tried to allocate 65536 bytes) in /home/pilotba1/app-console/vendor/symfony/http-foundation/Session/SessionInterface.php on line 52
[19-Oct-2023 12:35:48 UTC] PHP Fatal error:  Allowed memory size of 134217728 bytes exhausted (tried to allocate 20480 bytes) in /home/pilotba1/app-console/vendor/symfony/polyfill-mbstring/Mbstring.php on line 427
[19-Oct-2023 12:35:48 UTC] PHP Fatal error:  Allowed memory size of 134217728 bytes exhausted (tried to allocate 65536 bytes) in /home/pilotba1/app-console/vendor/symfony/http-foundation/Session/SessionInterface.php on line 52
[19-Oct-2023 13:05:04 UTC] PHP Fatal error:  Allowed memory size of 134217728 bytes exhausted (tried to allocate 20480 bytes) in /home/pilotba1/app-console/vendor/barryvdh/laravel-debugbar/src/DataCollector/QueryCollector.php on line 333
[19-Oct-2023 13:05:04 UTC] PHP Fatal error:  Allowed memory size of 134217728 bytes exhausted (tried to allocate 65536 bytes) in /home/pilotba1/app-console/vendor/laravel/telescope/src/ExceptionContext.php on line 47
[19-Oct-2023 13:05:22 UTC] PHP Fatal error:  Allowed memory size of 134217728 bytes exhausted (tried to allocate 20480 bytes) in /home/pilotba1/app-console/vendor/barryvdh/laravel-debugbar/src/DataCollector/QueryCollector.php on line 367
[19-Oct-2023 13:05:22 UTC] PHP Fatal error:  Allowed memory size of 134217728 bytes exhausted (tried to allocate 65536 bytes) in /home/pilotba1/app-console/vendor/laravel/telescope/src/ExceptionContext.php on line 47
[19-Oct-2023 13:41:23 UTC] PHP Fatal error:  Allowed memory size of 134217728 bytes exhausted (tried to allocate 20480 bytes) in /home/pilotba1/app-console/vendor/barryvdh/laravel-debugbar/src/DataCollector/QueryCollector.php on line 576
[19-Oct-2023 13:41:23 UTC] PHP Fatal error:  Allowed memory size of 134217728 bytes exhausted (tried to allocate 20480 bytes) in /home/pilotba1/app-console/vendor/symfony/error-handler/Error/FatalError.php on line 14
[19-Oct-2023 13:41:32 UTC] PHP Fatal error:  Allowed memory size of 134217728 bytes exhausted (tried to allocate 20480 bytes) in /home/pilotba1/app-console/vendor/barryvdh/laravel-debugbar/src/DataCollector/QueryCollector.php on line 576
[19-Oct-2023 13:41:32 UTC] PHP Fatal error:  Allowed memory size of 134217728 bytes exhausted (tried to allocate 20480 bytes) in /home/pilotba1/app-console/vendor/symfony/error-handler/Error/FatalError.php on line 14
[19-Oct-2023 13:41:44 UTC] PHP Fatal error:  Allowed memory size of 134217728 bytes exhausted (tried to allocate 20480 bytes) in /home/pilotba1/app-console/vendor/barryvdh/laravel-debugbar/src/DataCollector/QueryCollector.php on line 576
[19-Oct-2023 13:41:44 UTC] PHP Fatal error:  Allowed memory size of 134217728 bytes exhausted (tried to allocate 20480 bytes) in /home/pilotba1/app-console/vendor/symfony/error-handler/Error/FatalError.php on line 14
[19-Oct-2023 13:43:15 UTC] PHP Fatal error:  Allowed memory size of 134217728 bytes exhausted (tried to allocate 135168 bytes) in /home/pilotba1/app-console/vendor/laravel/framework/src/Illuminate/Collections/Arr.php on line 869
[19-Oct-2023 13:43:15 UTC] PHP Fatal error:  Allowed memory size of 134217728 bytes exhausted (tried to allocate 65536 bytes) in /home/pilotba1/app-console/vendor/spatie/backtrace/src/Arguments/ReduceArgumentPayloadAction.php on line 10
[19-Oct-2023 13:45:38 UTC] PHP Fatal error:  Allowed memory size of 134217728 bytes exhausted (tried to allocate 802816 bytes) in /home/pilotba1/app-console/vendor/barryvdh/laravel-debugbar/src/DataCollector/QueryCollector.php on line 172
[19-Oct-2023 13:45:38 UTC] PHP Fatal error:  Allowed memory size of 134217728 bytes exhausted (tried to allocate 802816 bytes) in /home/pilotba1/app-console/vendor/spatie/flare-client-php/src/Truncation/ReportTrimmer.php on line 41
[21-Oct-2023 10:09:30 UTC] PHP Fatal error:  Maximum execution time of 30 seconds exceeded in /home/pilotba1/app-console/vendor/symfony/polyfill-mbstring/Mbstring.php on line 636
[21-Oct-2023 10:10:32 UTC] PHP Fatal error:  Maximum execution time of 30 seconds exceeded in /home/pilotba1/app-console/vendor/symfony/polyfill-mbstring/Mbstring.php on line 636
[21-Oct-2023 10:15:14 UTC] PHP Fatal error:  Maximum execution time of 30 seconds exceeded in /home/pilotba1/app-console/vendor/symfony/polyfill-mbstring/Mbstring.php on line 636
[22-Oct-2023 16:24:38 UTC] PHP Fatal error:  Maximum execution time of 30 seconds exceeded in /home/pilotba1/app-console/vendor/symfony/polyfill-mbstring/Mbstring.php on line 636
[22-Oct-2023 16:49:03 UTC] PHP Fatal error:  Maximum execution time of 30 seconds exceeded in /home/pilotba1/app-console/vendor/symfony/polyfill-mbstring/Mbstring.php on line 636
[22-Oct-2023 16:52:50 UTC] PHP Fatal error:  Maximum execution time of 30 seconds exceeded in /home/pilotba1/app-console/vendor/symfony/polyfill-mbstring/Mbstring.php on line 636
[22-Oct-2023 16:56:49 UTC] PHP Fatal error:  Maximum execution time of 30 seconds exceeded in /home/pilotba1/app-console/vendor/symfony/polyfill-mbstring/Mbstring.php on line 636
[22-Oct-2023 16:57:30 UTC] PHP Fatal error:  Maximum execution time of 30 seconds exceeded in /home/pilotba1/app-console/vendor/symfony/polyfill-mbstring/Mbstring.php on line 636
[22-Oct-2023 16:59:16 UTC] PHP Fatal error:  Maximum execution time of 30 seconds exceeded in /home/pilotba1/app-console/vendor/symfony/polyfill-mbstring/Mbstring.php on line 636
[22-Oct-2023 17:00:15 UTC] PHP Fatal error:  Maximum execution time of 30 seconds exceeded in /home/pilotba1/app-console/vendor/symfony/polyfill-mbstring/Mbstring.php on line 491
[23-Oct-2023 10:58:33 UTC] PHP Warning:  Maximum number of allowable file uploads has been exceeded in Unknown on line 0
[03-Nov-2023 12:14:49 UTC] PHP Warning:  Maximum number of allowable file uploads has been exceeded in Unknown on line 0
[27-Nov-2023 07:47:24 UTC] PHP Fatal error:  Allowed memory size of 134217728 bytes exhausted (tried to allocate 520192 bytes) in /home/pilotba1/app-console/vendor/barryvdh/laravel-debugbar/src/DataCollector/QueryCollector.php on line 172
[27-Nov-2023 08:01:53 UTC] PHP Fatal error:  Allowed memory size of 134217728 bytes exhausted (tried to allocate 266240 bytes) in /home/pilotba1/app-console/vendor/laravel/framework/src/Illuminate/Collections/Arr.php on line 558
[04-Dec-2023 13:28:43 UTC] PHP Fatal error:  Trait "App\Traits\HttpResponses" not found in /home/pilotba1/app-console/app/Http/Controllers/Api/Merchant/Vehicle/VehicleController.php on line 10
[04-Dec-2023 13:29:04 UTC] PHP Fatal error:  Trait "App\Traits\HttpResponses" not found in /home/pilotba1/app-console/app/Http/Controllers/Api/Merchant/Vehicle/VehicleController.php on line 10
[21-Dec-2023 18:20:19 Asia/Dhaka] PHP Fatal error:  Allowed memory size of 134217728 bytes exhausted (tried to allocate 19019784 bytes) in /home/pilotba1/app-console/vendor/barryvdh/laravel-debugbar/src/LaravelDebugbar.php on line 926
[21-Dec-2023 18:20:41 Asia/Dhaka] PHP Fatal error:  Allowed memory size of 134217728 bytes exhausted (tried to allocate 19009016 bytes) in /home/pilotba1/app-console/vendor/barryvdh/laravel-debugbar/src/LaravelDebugbar.php on line 926
[21-Dec-2023 18:20:50 Asia/Dhaka] PHP Fatal error:  Allowed memory size of 134217728 bytes exhausted (tried to allocate 19006408 bytes) in /home/pilotba1/app-console/vendor/barryvdh/laravel-debugbar/src/LaravelDebugbar.php on line 926
[21-Dec-2023 18:21:35 Asia/Dhaka] PHP Fatal error:  Allowed memory size of 134217728 bytes exhausted (tried to allocate 19055424 bytes) in /home/pilotba1/app-console/vendor/barryvdh/laravel-debugbar/src/LaravelDebugbar.php on line 926
[21-Dec-2023 18:21:36 Asia/Dhaka] PHP Fatal error:  Allowed memory size of 134217728 bytes exhausted (tried to allocate 19057248 bytes) in /home/pilotba1/app-console/vendor/barryvdh/laravel-debugbar/src/LaravelDebugbar.php on line 926
[21-Dec-2023 18:21:38 Asia/Dhaka] PHP Fatal error:  Allowed memory size of 134217728 bytes exhausted (tried to allocate 19055336 bytes) in /home/pilotba1/app-console/vendor/barryvdh/laravel-debugbar/src/LaravelDebugbar.php on line 926
[21-Dec-2023 18:21:40 Asia/Dhaka] PHP Fatal error:  Allowed memory size of 134217728 bytes exhausted (tried to allocate 19058456 bytes) in /home/pilotba1/app-console/vendor/barryvdh/laravel-debugbar/src/LaravelDebugbar.php on line 926
[21-Dec-2023 18:22:04 Asia/Dhaka] PHP Fatal error:  Allowed memory size of 134217728 bytes exhausted (tried to allocate 19060280 bytes) in /home/pilotba1/app-console/vendor/barryvdh/laravel-debugbar/src/LaravelDebugbar.php on line 926
[21-Dec-2023 18:22:04 Asia/Dhaka] PHP Fatal error:  Allowed memory size of 134217728 bytes exhausted (tried to allocate 19057080 bytes) in /home/pilotba1/app-console/vendor/barryvdh/laravel-debugbar/src/LaravelDebugbar.php on line 926
[21-Dec-2023 19:00:06 Asia/Dhaka] PHP Fatal error:  Allowed memory size of 134217728 bytes exhausted (tried to allocate 19072224 bytes) in /home/pilotba1/app-console/vendor/barryvdh/laravel-debugbar/src/LaravelDebugbar.php on line 926
[21-Dec-2023 19:00:09 Asia/Dhaka] PHP Fatal error:  Allowed memory size of 134217728 bytes exhausted (tried to allocate 19076160 bytes) in /home/pilotba1/app-console/vendor/barryvdh/laravel-debugbar/src/LaravelDebugbar.php on line 926
[21-Dec-2023 19:00:51 Asia/Dhaka] PHP Fatal error:  Allowed memory size of 134217728 bytes exhausted (tried to allocate 19068792 bytes) in /home/pilotba1/app-console/vendor/barryvdh/laravel-debugbar/src/LaravelDebugbar.php on line 926
[21-Dec-2023 19:03:54 Asia/Dhaka] PHP Fatal error:  Allowed memory size of 134217728 bytes exhausted (tried to allocate 19067976 bytes) in /home/pilotba1/app-console/vendor/barryvdh/laravel-debugbar/src/LaravelDebugbar.php on line 926
[21-Dec-2023 19:05:51 Asia/Dhaka] PHP Fatal error:  Allowed memory size of 134217728 bytes exhausted (tried to allocate 19079600 bytes) in /home/pilotba1/app-console/vendor/barryvdh/laravel-debugbar/src/LaravelDebugbar.php on line 926
[21-Dec-2023 19:06:47 Asia/Dhaka] PHP Fatal error:  Allowed memory size of 134217728 bytes exhausted (tried to allocate 19074944 bytes) in /home/pilotba1/app-console/vendor/barryvdh/laravel-debugbar/src/LaravelDebugbar.php on line 926
[21-Dec-2023 19:06:49 Asia/Dhaka] PHP Fatal error:  Allowed memory size of 134217728 bytes exhausted (tried to allocate 19072856 bytes) in /home/pilotba1/app-console/vendor/barryvdh/laravel-debugbar/src/LaravelDebugbar.php on line 926
[21-Dec-2023 19:08:36 Asia/Dhaka] PHP Fatal error:  Allowed memory size of 134217728 bytes exhausted (tried to allocate 19437984 bytes) in /home/pilotba1/app-console/vendor/barryvdh/laravel-debugbar/src/LaravelDebugbar.php on line 926
[21-Dec-2023 19:09:10 Asia/Dhaka] PHP Fatal error:  Allowed memory size of 134217728 bytes exhausted (tried to allocate 18999096 bytes) in /home/pilotba1/app-console/vendor/barryvdh/laravel-debugbar/src/LaravelDebugbar.php on line 926
[21-Dec-2023 19:09:16 Asia/Dhaka] PHP Fatal error:  Allowed memory size of 134217728 bytes exhausted (tried to allocate 19014504 bytes) in /home/pilotba1/app-console/vendor/barryvdh/laravel-debugbar/src/LaravelDebugbar.php on line 926
[21-Dec-2023 19:09:30 Asia/Dhaka] PHP Fatal error:  Allowed memory size of 134217728 bytes exhausted (tried to allocate 19008984 bytes) in /home/pilotba1/app-console/vendor/barryvdh/laravel-debugbar/src/LaravelDebugbar.php on line 926
[21-Dec-2023 19:09:39 Asia/Dhaka] PHP Fatal error:  Allowed memory size of 134217728 bytes exhausted (tried to allocate 19516632 bytes) in /home/pilotba1/app-console/vendor/barryvdh/laravel-debugbar/src/LaravelDebugbar.php on line 926
[21-Dec-2023 19:09:52 Asia/Dhaka] PHP Fatal error:  Allowed memory size of 134217728 bytes exhausted (tried to allocate 19174632 bytes) in /home/pilotba1/app-console/vendor/barryvdh/laravel-debugbar/src/LaravelDebugbar.php on line 926
[21-Dec-2023 19:10:01 Asia/Dhaka] PHP Fatal error:  Allowed memory size of 134217728 bytes exhausted (tried to allocate 19172816 bytes) in /home/pilotba1/app-console/vendor/barryvdh/laravel-debugbar/src/LaravelDebugbar.php on line 926
[21-Dec-2023 19:11:12 Asia/Dhaka] PHP Fatal error:  Allowed memory size of 134217728 bytes exhausted (tried to allocate 19504344 bytes) in /home/pilotba1/app-console/vendor/barryvdh/laravel-debugbar/src/LaravelDebugbar.php on line 926
[21-Dec-2023 19:11:30 Asia/Dhaka] PHP Fatal error:  Allowed memory size of 134217728 bytes exhausted (tried to allocate 19514472 bytes) in /home/pilotba1/app-console/vendor/barryvdh/laravel-debugbar/src/LaravelDebugbar.php on line 926
[21-Dec-2023 20:50:51 Asia/Dhaka] PHP Fatal error:  Allowed memory size of 134217728 bytes exhausted (tried to allocate 19012296 bytes) in /home/pilotba1/app-console/vendor/barryvdh/laravel-debugbar/src/LaravelDebugbar.php on line 926
[22-Dec-2023 15:36:02 Asia/Dhaka] PHP Fatal error:  Allowed memory size of 134217728 bytes exhausted (tried to allocate 21389344 bytes) in /home/pilotba1/app-console/vendor/barryvdh/laravel-debugbar/src/LaravelDebugbar.php on line 926
[22-Dec-2023 15:36:09 Asia/Dhaka] PHP Fatal error:  Allowed memory size of 134217728 bytes exhausted (tried to allocate 21388024 bytes) in /home/pilotba1/app-console/vendor/barryvdh/laravel-debugbar/src/LaravelDebugbar.php on line 926
[22-Dec-2023 15:36:11 Asia/Dhaka] PHP Fatal error:  Allowed memory size of 134217728 bytes exhausted (tried to allocate 21390848 bytes) in /home/pilotba1/app-console/vendor/barryvdh/laravel-debugbar/src/LaravelDebugbar.php on line 926
[22-Dec-2023 15:36:14 Asia/Dhaka] PHP Fatal error:  Allowed memory size of 134217728 bytes exhausted (tried to allocate 21388880 bytes) in /home/pilotba1/app-console/vendor/barryvdh/laravel-debugbar/src/LaravelDebugbar.php on line 926
[22-Dec-2023 15:36:24 Asia/Dhaka] PHP Fatal error:  Allowed memory size of 134217728 bytes exhausted (tried to allocate 21388928 bytes) in /home/pilotba1/app-console/vendor/barryvdh/laravel-debugbar/src/LaravelDebugbar.php on line 926
[22-Dec-2023 15:37:08 Asia/Dhaka] PHP Fatal error:  Allowed memory size of 134217728 bytes exhausted (tried to allocate 21388648 bytes) in /home/pilotba1/app-console/vendor/barryvdh/laravel-debugbar/src/LaravelDebugbar.php on line 926
[22-Dec-2023 15:38:00 Asia/Dhaka] PHP Fatal error:  Allowed memory size of 134217728 bytes exhausted (tried to allocate 21388856 bytes) in /home/pilotba1/app-console/vendor/barryvdh/laravel-debugbar/src/LaravelDebugbar.php on line 926
[24-Dec-2023 16:00:46 Asia/Dhaka] PHP Fatal error:  Allowed memory size of 134217728 bytes exhausted (tried to allocate 21282984 bytes) in /home/pilotba1/app-console/vendor/barryvdh/laravel-debugbar/src/LaravelDebugbar.php on line 926
[24-Dec-2023 16:01:16 Asia/Dhaka] PHP Fatal error:  Allowed memory size of 134217728 bytes exhausted (tried to allocate 21018144 bytes) in /home/pilotba1/app-console/vendor/barryvdh/laravel-debugbar/src/LaravelDebugbar.php on line 926
[24-Dec-2023 16:01:18 Asia/Dhaka] PHP Fatal error:  Allowed memory size of 134217728 bytes exhausted (tried to allocate 21018000 bytes) in /home/pilotba1/app-console/vendor/barryvdh/laravel-debugbar/src/LaravelDebugbar.php on line 926
[24-Dec-2023 16:07:06 Asia/Dhaka] PHP Fatal error:  Allowed memory size of 134217728 bytes exhausted (tried to allocate 21012328 bytes) in /home/pilotba1/app-console/vendor/barryvdh/laravel-debugbar/src/LaravelDebugbar.php on line 926
[24-Dec-2023 16:57:20 Asia/Dhaka] PHP Fatal error:  Allowed memory size of 134217728 bytes exhausted (tried to allocate 20985336 bytes) in /home/pilotba1/app-console/vendor/barryvdh/laravel-debugbar/src/LaravelDebugbar.php on line 926
[24-Dec-2023 16:57:25 Asia/Dhaka] PHP Fatal error:  Allowed memory size of 134217728 bytes exhausted (tried to allocate 20985008 bytes) in /home/pilotba1/app-console/vendor/barryvdh/laravel-debugbar/src/LaravelDebugbar.php on line 926
[24-Dec-2023 16:58:25 Asia/Dhaka] PHP Fatal error:  Allowed memory size of 134217728 bytes exhausted (tried to allocate 20986928 bytes) in /home/pilotba1/app-console/vendor/barryvdh/laravel-debugbar/src/LaravelDebugbar.php on line 926
[24-Dec-2023 16:58:30 Asia/Dhaka] PHP Fatal error:  Allowed memory size of 134217728 bytes exhausted (tried to allocate 20985864 bytes) in /home/pilotba1/app-console/vendor/barryvdh/laravel-debugbar/src/LaravelDebugbar.php on line 926
[24-Dec-2023 17:01:19 Asia/Dhaka] PHP Fatal error:  Allowed memory size of 134217728 bytes exhausted (tried to allocate 20990656 bytes) in /home/pilotba1/app-console/vendor/barryvdh/laravel-debugbar/src/LaravelDebugbar.php on line 926
[24-Dec-2023 17:02:11 Asia/Dhaka] PHP Fatal error:  Allowed memory size of 134217728 bytes exhausted (tried to allocate 20989536 bytes) in /home/pilotba1/app-console/vendor/barryvdh/laravel-debugbar/src/LaravelDebugbar.php on line 926
[24-Dec-2023 17:02:23 Asia/Dhaka] PHP Fatal error:  Allowed memory size of 134217728 bytes exhausted (tried to allocate 20991840 bytes) in /home/pilotba1/app-console/vendor/barryvdh/laravel-debugbar/src/LaravelDebugbar.php on line 926
[24-Dec-2023 17:02:32 Asia/Dhaka] PHP Fatal error:  Allowed memory size of 134217728 bytes exhausted (tried to allocate 20990912 bytes) in /home/pilotba1/app-console/vendor/barryvdh/laravel-debugbar/src/LaravelDebugbar.php on line 926
[24-Dec-2023 17:03:09 Asia/Dhaka] PHP Fatal error:  Allowed memory size of 134217728 bytes exhausted (tried to allocate 20995504 bytes) in /home/pilotba1/app-console/vendor/barryvdh/laravel-debugbar/src/LaravelDebugbar.php on line 926
[24-Dec-2023 17:03:41 Asia/Dhaka] PHP Fatal error:  Allowed memory size of 134217728 bytes exhausted (tried to allocate 20999072 bytes) in /home/pilotba1/app-console/vendor/barryvdh/laravel-debugbar/src/LaravelDebugbar.php on line 926
[24-Dec-2023 17:05:24 Asia/Dhaka] PHP Fatal error:  Allowed memory size of 134217728 bytes exhausted (tried to allocate 20992344 bytes) in /home/pilotba1/app-console/vendor/barryvdh/laravel-debugbar/src/LaravelDebugbar.php on line 926
[24-Dec-2023 17:05:36 Asia/Dhaka] PHP Fatal error:  Allowed memory size of 134217728 bytes exhausted (tried to allocate 20984464 bytes) in /home/pilotba1/app-console/vendor/barryvdh/laravel-debugbar/src/LaravelDebugbar.php on line 926
[24-Dec-2023 17:07:55 Asia/Dhaka] PHP Fatal error:  Allowed memory size of 134217728 bytes exhausted (tried to allocate 21023912 bytes) in /home/pilotba1/app-console/vendor/barryvdh/laravel-debugbar/src/LaravelDebugbar.php on line 926
[25-Dec-2023 13:23:03 Asia/Dhaka] PHP Fatal error:  Allowed memory size of 134217728 bytes exhausted (tried to allocate 21017912 bytes) in /home/pilotba1/app-console/vendor/barryvdh/laravel-debugbar/src/LaravelDebugbar.php on line 926
[25-Dec-2023 13:23:07 Asia/Dhaka] PHP Fatal error:  Allowed memory size of 134217728 bytes exhausted (tried to allocate 21023840 bytes) in /home/pilotba1/app-console/vendor/barryvdh/laravel-debugbar/src/LaravelDebugbar.php on line 926
[25-Dec-2023 13:58:53 Asia/Dhaka] PHP Fatal error:  Allowed memory size of 134217728 bytes exhausted (tried to allocate 21017384 bytes) in /home/pilotba1/app-console/vendor/barryvdh/laravel-debugbar/src/LaravelDebugbar.php on line 926
[25-Dec-2023 15:28:40 Asia/Dhaka] PHP Fatal error:  Allowed memory size of 134217728 bytes exhausted (tried to allocate 21030432 bytes) in /home/pilotba1/app-console/vendor/barryvdh/laravel-debugbar/src/LaravelDebugbar.php on line 926
[25-Dec-2023 15:28:45 Asia/Dhaka] PHP Fatal error:  Allowed memory size of 134217728 bytes exhausted (tried to allocate 21026488 bytes) in /home/pilotba1/app-console/vendor/barryvdh/laravel-debugbar/src/LaravelDebugbar.php on line 926
[25-Dec-2023 15:29:36 Asia/Dhaka] PHP Fatal error:  Allowed memory size of 134217728 bytes exhausted (tried to allocate 21027336 bytes) in /home/pilotba1/app-console/vendor/barryvdh/laravel-debugbar/src/LaravelDebugbar.php on line 926
[25-Dec-2023 15:29:54 Asia/Dhaka] PHP Fatal error:  Allowed memory size of 134217728 bytes exhausted (tried to allocate 21032544 bytes) in /home/pilotba1/app-console/vendor/barryvdh/laravel-debugbar/src/LaravelDebugbar.php on line 926
[25-Dec-2023 15:29:58 Asia/Dhaka] PHP Fatal error:  Allowed memory size of 134217728 bytes exhausted (tried to allocate 21030408 bytes) in /home/pilotba1/app-console/vendor/barryvdh/laravel-debugbar/src/LaravelDebugbar.php on line 926
[25-Dec-2023 15:30:07 Asia/Dhaka] PHP Fatal error:  Allowed memory size of 134217728 bytes exhausted (tried to allocate 21029504 bytes) in /home/pilotba1/app-console/vendor/barryvdh/laravel-debugbar/src/LaravelDebugbar.php on line 926
[25-Dec-2023 15:30:11 Asia/Dhaka] PHP Fatal error:  Allowed memory size of 134217728 bytes exhausted (tried to allocate 21026856 bytes) in /home/pilotba1/app-console/vendor/barryvdh/laravel-debugbar/src/LaravelDebugbar.php on line 926
[25-Dec-2023 15:30:35 Asia/Dhaka] PHP Fatal error:  Allowed memory size of 134217728 bytes exhausted (tried to allocate 21031216 bytes) in /home/pilotba1/app-console/vendor/barryvdh/laravel-debugbar/src/LaravelDebugbar.php on line 926
[25-Dec-2023 15:30:40 Asia/Dhaka] PHP Fatal error:  Allowed memory size of 134217728 bytes exhausted (tried to allocate 21027704 bytes) in /home/pilotba1/app-console/vendor/barryvdh/laravel-debugbar/src/LaravelDebugbar.php on line 926
[25-Dec-2023 15:30:43 Asia/Dhaka] PHP Fatal error:  Allowed memory size of 134217728 bytes exhausted (tried to allocate 21027256 bytes) in /home/pilotba1/app-console/vendor/barryvdh/laravel-debugbar/src/LaravelDebugbar.php on line 926
[25-Dec-2023 15:30:47 Asia/Dhaka] PHP Fatal error:  Allowed memory size of 134217728 bytes exhausted (tried to allocate 21028352 bytes) in /home/pilotba1/app-console/vendor/barryvdh/laravel-debugbar/src/LaravelDebugbar.php on line 926
[25-Dec-2023 15:30:48 Asia/Dhaka] PHP Fatal error:  Allowed memory size of 134217728 bytes exhausted (tried to allocate 21027704 bytes) in /home/pilotba1/app-console/vendor/barryvdh/laravel-debugbar/src/LaravelDebugbar.php on line 926
[25-Dec-2023 15:30:50 Asia/Dhaka] PHP Fatal error:  Allowed memory size of 134217728 bytes exhausted (tried to allocate 21028816 bytes) in /home/pilotba1/app-console/vendor/barryvdh/laravel-debugbar/src/LaravelDebugbar.php on line 926
[25-Dec-2023 15:31:02 Asia/Dhaka] PHP Fatal error:  Allowed memory size of 134217728 bytes exhausted (tried to allocate 21028400 bytes) in /home/pilotba1/app-console/vendor/barryvdh/laravel-debugbar/src/LaravelDebugbar.php on line 926
[25-Dec-2023 17:02:18 Asia/Dhaka] PHP Fatal error:  Allowed memory size of 134217728 bytes exhausted (tried to allocate 21060656 bytes) in /home/pilotba1/app-console/vendor/barryvdh/laravel-debugbar/src/LaravelDebugbar.php on line 926
[26-Dec-2023 14:28:47 Asia/Dhaka] PHP Fatal error:  Allowed memory size of 134217728 bytes exhausted (tried to allocate 21194512 bytes) in /home/pilotba1/app-console/vendor/barryvdh/laravel-debugbar/src/LaravelDebugbar.php on line 926
[26-Dec-2023 14:28:51 Asia/Dhaka] PHP Fatal error:  Allowed memory size of 134217728 bytes exhausted (tried to allocate 21195952 bytes) in /home/pilotba1/app-console/vendor/barryvdh/laravel-debugbar/src/LaravelDebugbar.php on line 926
[26-Dec-2023 14:29:00 Asia/Dhaka] PHP Fatal error:  Allowed memory size of 134217728 bytes exhausted (tried to allocate 21190144 bytes) in /home/pilotba1/app-console/vendor/barryvdh/laravel-debugbar/src/LaravelDebugbar.php on line 926
[26-Dec-2023 14:30:03 Asia/Dhaka] PHP Fatal error:  Allowed memory size of 134217728 bytes exhausted (tried to allocate 21192888 bytes) in /home/pilotba1/app-console/vendor/barryvdh/laravel-debugbar/src/LaravelDebugbar.php on line 926
[26-Dec-2023 16:02:39 Asia/Dhaka] PHP Fatal error:  Allowed memory size of 134217728 bytes exhausted (tried to allocate 19945328 bytes) in /home/pilotba1/app-console/vendor/barryvdh/laravel-debugbar/src/LaravelDebugbar.php on line 926
[26-Dec-2023 16:02:49 Asia/Dhaka] PHP Fatal error:  Allowed memory size of 134217728 bytes exhausted (tried to allocate 19946296 bytes) in /home/pilotba1/app-console/vendor/barryvdh/laravel-debugbar/src/LaravelDebugbar.php on line 926
[26-Dec-2023 16:06:56 Asia/Dhaka] PHP Fatal error:  Allowed memory size of 134217728 bytes exhausted (tried to allocate 19508040 bytes) in /home/pilotba1/app-console/vendor/barryvdh/laravel-debugbar/src/LaravelDebugbar.php on line 926
[26-Dec-2023 16:07:01 Asia/Dhaka] PHP Fatal error:  Allowed memory size of 134217728 bytes exhausted (tried to allocate 19509512 bytes) in /home/pilotba1/app-console/vendor/barryvdh/laravel-debugbar/src/LaravelDebugbar.php on line 926
[26-Dec-2023 16:37:42 Asia/Dhaka] PHP Fatal error:  Allowed memory size of 134217728 bytes exhausted (tried to allocate 21198552 bytes) in /home/pilotba1/app-console/vendor/barryvdh/laravel-debugbar/src/LaravelDebugbar.php on line 926
[26-Dec-2023 16:47:41 Asia/Dhaka] PHP Fatal error:  Allowed memory size of 134217728 bytes exhausted (tried to allocate 21203640 bytes) in /home/pilotba1/app-console/vendor/barryvdh/laravel-debugbar/src/LaravelDebugbar.php on line 926
[12-Jan-2024 11:07:10 UTC] PHP Warning:  Maximum number of allowable file uploads has been exceeded in Unknown on line 0
